nohup: ignoring input
../1_year_data/yeast6_train_1.csv
../1_year_result/model_1/pairwise_vote_model_1.m
../1_year_result/model_1/pairwise_vote_model_1.m
SVC(C=0.1, kernel='poly')
running time is 55.717599246
/data/hantai/test_other_database_pairwise_house_racing/test_yeast6/pairwise_vote/test.py:105: DeprecationWarning: `np.int` is a deprecated alias for the builtin `int`. To silence this warning, use `int` by itself. Doing this will not modify any behavior and is safe. When replacing `np.int`, you may wish to use e.g. `np.int64` or `np.int32` to specify the precision. If you wish to review your current use, check the release note link for additional information.
Deprecated in NumPy 1.20; for more details and guidance: https://numpy.org/devdocs/release/1.20.0-notes.html#deprecations
  train_label = train_label.astype(np.int)
../1_year_data/yeast6_train_1.csv
../1_year_data/yeast6_test_1.csv
the AUC is 0.7301038062283737

the Fscore is 0.08235294117647059

the average group top precision is 0.04294478527607362

the average group recall is 1.0

Done
../1_year_data/yeast6_train_2.csv
../1_year_result/model_1/pairwise_vote_model_2.m
../1_year_result/model_1/pairwise_vote_model_2.m
SVC(C=0.1, kernel='poly')
running time is 53.687648705
/data/hantai/test_other_database_pairwise_house_racing/test_yeast6/pairwise_vote/test.py:105: DeprecationWarning: `np.int` is a deprecated alias for the builtin `int`. To silence this warning, use `int` by itself. Doing this will not modify any behavior and is safe. When replacing `np.int`, you may wish to use e.g. `np.int64` or `np.int32` to specify the precision. If you wish to review your current use, check the release note link for additional information.
Deprecated in NumPy 1.20; for more details and guidance: https://numpy.org/devdocs/release/1.20.0-notes.html#deprecations
  train_label = train_label.astype(np.int)
../1_year_data/yeast6_train_2.csv
../1_year_data/yeast6_test_2.csv
the AUC is 0.740484429065744

the Fscore is 0.08536585365853658

the average group top precision is 0.044585987261146494

the average group recall is 1.0

Done
../1_year_data/yeast6_train_3.csv
../1_year_result/model_1/pairwise_vote_model_3.m
../1_year_result/model_1/pairwise_vote_model_3.m
SVC(C=0.1, kernel='poly')
running time is 44.624413113
/data/hantai/test_other_database_pairwise_house_racing/test_yeast6/pairwise_vote/test.py:105: DeprecationWarning: `np.int` is a deprecated alias for the builtin `int`. To silence this warning, use `int` by itself. Doing this will not modify any behavior and is safe. When replacing `np.int`, you may wish to use e.g. `np.int64` or `np.int32` to specify the precision. If you wish to review your current use, check the release note link for additional information.
Deprecated in NumPy 1.20; for more details and guidance: https://numpy.org/devdocs/release/1.20.0-notes.html#deprecations
  train_label = train_label.astype(np.int)
../1_year_data/yeast6_train_3.csv
../1_year_data/yeast6_test_3.csv
the AUC is 0.7387543252595156

the Fscore is 0.08484848484848485

the average group top precision is 0.04430379746835443

the average group recall is 1.0

Done
../1_year_data/yeast6_train_4.csv
../1_year_result/model_1/pairwise_vote_model_4.m
../1_year_result/model_1/pairwise_vote_model_4.m
SVC(C=0.1, kernel='poly')
running time is 47.196969355
/data/hantai/test_other_database_pairwise_house_racing/test_yeast6/pairwise_vote/test.py:105: DeprecationWarning: `np.int` is a deprecated alias for the builtin `int`. To silence this warning, use `int` by itself. Doing this will not modify any behavior and is safe. When replacing `np.int`, you may wish to use e.g. `np.int64` or `np.int32` to specify the precision. If you wish to review your current use, check the release note link for additional information.
Deprecated in NumPy 1.20; for more details and guidance: https://numpy.org/devdocs/release/1.20.0-notes.html#deprecations
  train_label = train_label.astype(np.int)
../1_year_data/yeast6_train_4.csv
../1_year_data/yeast6_test_4.csv
the AUC is 0.7093425605536332

the Fscore is 0.07692307692307693

the average group top precision is 0.04

the average group recall is 1.0

Done
../1_year_data/yeast6_train_5.csv
../1_year_result/model_1/pairwise_vote_model_5.m
../1_year_result/model_1/pairwise_vote_model_5.m
SVC(C=0.1, kernel='poly')
running time is 36.245873468
/data/hantai/test_other_database_pairwise_house_racing/test_yeast6/pairwise_vote/test.py:105: DeprecationWarning: `np.int` is a deprecated alias for the builtin `int`. To silence this warning, use `int` by itself. Doing this will not modify any behavior and is safe. When replacing `np.int`, you may wish to use e.g. `np.int64` or `np.int32` to specify the precision. If you wish to review your current use, check the release note link for additional information.
Deprecated in NumPy 1.20; for more details and guidance: https://numpy.org/devdocs/release/1.20.0-notes.html#deprecations
  train_label = train_label.astype(np.int)
../1_year_data/yeast6_train_5.csv
../1_year_data/yeast6_test_5.csv
the AUC is 0.574156746031746

the Fscore is 0.05714285714285714

the average group top precision is 0.02976190476190476

the average group recall is 0.7142857142857143

Done
../1_year_data/glass0_train_1.csv
../1_year_result/model_1/pairwise_vote_model_1.m
../1_year_result/model_1/pairwise_vote_model_1.m
SVC(C=0.1, kernel='poly')
running time is 3.6102763410000005
/data/hantai/test_other_database_pairwise_house_racing/test_glass0/pairwise_vote/test.py:105: DeprecationWarning: `np.int` is a deprecated alias for the builtin `int`. To silence this warning, use `int` by itself. Doing this will not modify any behavior and is safe. When replacing `np.int`, you may wish to use e.g. `np.int64` or `np.int32` to specify the precision. If you wish to review your current use, check the release note link for additional information.
Deprecated in NumPy 1.20; for more details and guidance: https://numpy.org/devdocs/release/1.20.0-notes.html#deprecations
  train_label = train_label.astype(np.int)
../1_year_data/glass0_train_1.csv
../1_year_data/glass0_test_1.csv
the AUC is 0.6724137931034483

the Fscore is 0.5777777777777777

the average group top precision is 0.40625

the average group recall is 1.0

Done
../1_year_data/glass0_train_2.csv
../1_year_result/model_1/pairwise_vote_model_2.m
../1_year_result/model_1/pairwise_vote_model_2.m
SVC(C=0.1, kernel='poly')
running time is 3.7785440079999995
/data/hantai/test_other_database_pairwise_house_racing/test_glass0/pairwise_vote/test.py:105: DeprecationWarning: `np.int` is a deprecated alias for the builtin `int`. To silence this warning, use `int` by itself. Doing this will not modify any behavior and is safe. When replacing `np.int`, you may wish to use e.g. `np.int64` or `np.int32` to specify the precision. If you wish to review your current use, check the release note link for additional information.
Deprecated in NumPy 1.20; for more details and guidance: https://numpy.org/devdocs/release/1.20.0-notes.html#deprecations
  train_label = train_label.astype(np.int)
../1_year_data/glass0_train_2.csv
../1_year_data/glass0_test_2.csv
the AUC is 0.6856763925729443

the Fscore is 0.5853658536585366

the average group top precision is 0.42857142857142855

the average group recall is 0.9230769230769231

Done
../1_year_data/glass0_train_3.csv
../1_year_result/model_1/pairwise_vote_model_3.m
../1_year_result/model_1/pairwise_vote_model_3.m
SVC(C=0.1, kernel='poly')
running time is 4.8810776769999995
/data/hantai/test_other_database_pairwise_house_racing/test_glass0/pairwise_vote/test.py:105: DeprecationWarning: `np.int` is a deprecated alias for the builtin `int`. To silence this warning, use `int` by itself. Doing this will not modify any behavior and is safe. When replacing `np.int`, you may wish to use e.g. `np.int64` or `np.int32` to specify the precision. If you wish to review your current use, check the release note link for additional information.
Deprecated in NumPy 1.20; for more details and guidance: https://numpy.org/devdocs/release/1.20.0-notes.html#deprecations
  train_label = train_label.astype(np.int)
../1_year_data/glass0_train_3.csv
../1_year_data/glass0_test_3.csv
the AUC is 0.7068965517241379

the Fscore is 0.6046511627906976

the average group top precision is 0.43333333333333335

the average group recall is 1.0

Done
../1_year_data/glass0_train_4.csv
../1_year_result/model_1/pairwise_vote_model_4.m
../1_year_result/model_1/pairwise_vote_model_4.m
SVC(C=0.1, kernel='poly')
running time is 3.9533662140000003
/data/hantai/test_other_database_pairwise_house_racing/test_glass0/pairwise_vote/test.py:105: DeprecationWarning: `np.int` is a deprecated alias for the builtin `int`. To silence this warning, use `int` by itself. Doing this will not modify any behavior and is safe. When replacing `np.int`, you may wish to use e.g. `np.int64` or `np.int32` to specify the precision. If you wish to review your current use, check the release note link for additional information.
Deprecated in NumPy 1.20; for more details and guidance: https://numpy.org/devdocs/release/1.20.0-notes.html#deprecations
  train_label = train_label.astype(np.int)
../1_year_data/glass0_train_4.csv
../1_year_data/glass0_test_4.csv
the AUC is 0.616710875331565

the Fscore is 0.5333333333333333

the average group top precision is 0.375

the average group recall is 0.9230769230769231

Done
../1_year_data/glass0_train_5.csv
../1_year_result/model_1/pairwise_vote_model_5.m
../1_year_result/model_1/pairwise_vote_model_5.m
SVC(C=0.1, kernel='poly')
running time is 5.392509684999999
/data/hantai/test_other_database_pairwise_house_racing/test_glass0/pairwise_vote/test.py:105: DeprecationWarning: `np.int` is a deprecated alias for the builtin `int`. To silence this warning, use `int` by itself. Doing this will not modify any behavior and is safe. When replacing `np.int`, you may wish to use e.g. `np.int64` or `np.int32` to specify the precision. If you wish to review your current use, check the release note link for additional information.
Deprecated in NumPy 1.20; for more details and guidance: https://numpy.org/devdocs/release/1.20.0-notes.html#deprecations
  train_label = train_label.astype(np.int)
../1_year_data/glass0_train_5.csv
../1_year_data/glass0_test_5.csv
the AUC is 0.6758241758241759

the Fscore is 0.5853658536585366

the average group top precision is 0.42857142857142855

the average group recall is 0.9230769230769231

Done
