nohup: ignoring input
../1_year_data/abalone19_train_1.csv
../1_year_result/model_1/pairwise_vote_model_1.m
../1_year_result/model_1/pairwise_vote_model_1.m
SVC(C=0.1, kernel='poly')
running time is 488.46747916099997
/data/hantai/test_other_database_pairwise_house_racing/test_abalone19/pairwise_vote/test.py:105: DeprecationWarning: `np.int` is a deprecated alias for the builtin `int`. To silence this warning, use `int` by itself. Doing this will not modify any behavior and is safe. When replacing `np.int`, you may wish to use e.g. `np.int64` or `np.int32` to specify the precision. If you wish to review your current use, check the release note link for additional information.
Deprecated in NumPy 1.20; for more details and guidance: https://numpy.org/devdocs/release/1.20.0-notes.html#deprecations
  train_label = train_label.astype(np.int)
../1_year_data/abalone19_train_1.csv
../1_year_data/abalone19_test_1.csv
the AUC is 0.7225572979493365

the Fscore is 0.021276595744680854

the average group top precision is 0.010752688172043012

the average group recall is 1.0

Done
../1_year_data/abalone19_train_2.csv
../1_year_result/model_1/pairwise_vote_model_2.m
../1_year_result/model_1/pairwise_vote_model_2.m
SVC(C=0.1, kernel='poly')
running time is 397.023733389
/data/hantai/test_other_database_pairwise_house_racing/test_abalone19/pairwise_vote/test.py:105: DeprecationWarning: `np.int` is a deprecated alias for the builtin `int`. To silence this warning, use `int` by itself. Doing this will not modify any behavior and is safe. When replacing `np.int`, you may wish to use e.g. `np.int64` or `np.int32` to specify the precision. If you wish to review your current use, check the release note link for additional information.
Deprecated in NumPy 1.20; for more details and guidance: https://numpy.org/devdocs/release/1.20.0-notes.html#deprecations
  train_label = train_label.astype(np.int)
../1_year_data/abalone19_train_2.csv
../1_year_data/abalone19_test_2.csv
the AUC is 0.6273823884197829

the Fscore is 0.01735357917570499

the average group top precision is 0.008771929824561403

the average group recall is 0.8

Done
../1_year_data/abalone19_train_3.csv
../1_year_result/model_1/pairwise_vote_model_3.m
../1_year_result/model_1/pairwise_vote_model_3.m
SVC(C=0.1, kernel='poly')
running time is 516.167008382
/data/hantai/test_other_database_pairwise_house_racing/test_abalone19/pairwise_vote/test.py:105: DeprecationWarning: `np.int` is a deprecated alias for the builtin `int`. To silence this warning, use `int` by itself. Doing this will not modify any behavior and is safe. When replacing `np.int`, you may wish to use e.g. `np.int64` or `np.int32` to specify the precision. If you wish to review your current use, check the release note link for additional information.
Deprecated in NumPy 1.20; for more details and guidance: https://numpy.org/devdocs/release/1.20.0-notes.html#deprecations
  train_label = train_label.astype(np.int)
../1_year_data/abalone19_train_3.csv
../1_year_data/abalone19_test_3.csv
the AUC is 0.7231604342581424

the Fscore is 0.021321961620469083

the average group top precision is 0.010775862068965518

the average group recall is 1.0

Done
../1_year_data/abalone19_train_4.csv
../1_year_result/model_1/pairwise_vote_model_4.m
../1_year_result/model_1/pairwise_vote_model_4.m
SVC(C=0.1, kernel='poly')
running time is 361.018371228
/data/hantai/test_other_database_pairwise_house_racing/test_abalone19/pairwise_vote/test.py:105: DeprecationWarning: `np.int` is a deprecated alias for the builtin `int`. To silence this warning, use `int` by itself. Doing this will not modify any behavior and is safe. When replacing `np.int`, you may wish to use e.g. `np.int64` or `np.int32` to specify the precision. If you wish to review your current use, check the release note link for additional information.
Deprecated in NumPy 1.20; for more details and guidance: https://numpy.org/devdocs/release/1.20.0-notes.html#deprecations
  train_label = train_label.astype(np.int)
../1_year_data/abalone19_train_4.csv
../1_year_data/abalone19_test_4.csv
the AUC is 0.7065217391304348

the Fscore is 0.024096385542168676

the average group top precision is 0.012195121951219513

the average group recall is 1.0

Done
../1_year_data/abalone19_train_5.csv
../1_year_result/model_1/pairwise_vote_model_5.m
../1_year_result/model_1/pairwise_vote_model_5.m
SVC(C=0.1, kernel='poly')
running time is 454.060447421
/data/hantai/test_other_database_pairwise_house_racing/test_abalone19/pairwise_vote/test.py:105: DeprecationWarning: `np.int` is a deprecated alias for the builtin `int`. To silence this warning, use `int` by itself. Doing this will not modify any behavior and is safe. When replacing `np.int`, you may wish to use e.g. `np.int64` or `np.int32` to specify the precision. If you wish to review your current use, check the release note link for additional information.
Deprecated in NumPy 1.20; for more details and guidance: https://numpy.org/devdocs/release/1.20.0-notes.html#deprecations
  train_label = train_label.astype(np.int)
../1_year_data/abalone19_train_5.csv
../1_year_data/abalone19_test_5.csv
the AUC is 0.7506038647342995

the Fscore is 0.023640661938534282

the average group top precision is 0.011961722488038277

the average group recall is 1.0

Done
