nohup: ignoring input
/home/junda/.conda/envs/thenv/lib/python3.6/site-packages/sklearn/externals/joblib/__init__.py:15: DeprecationWarning: sklearn.externals.joblib is deprecated in 0.21 and will be removed in 0.23. Please import this functionality directly from joblib, which can be installed with: pip install joblib. If this warning is raised when loading pickled models, you may need to re-serialize those models with scikit-learn 0.21+.
  warnings.warn(msg, category=DeprecationWarning)
/home/junda/.conda/envs/thenv/lib/python3.6/site-packages/sklearn/linear_model/logistic.py:432: FutureWarning: Default solver will be changed to 'lbfgs' in 0.22. Specify a solver to silence this warning.
  FutureWarning)
./test_yeast3/standlization_data/yeast3_std_train_1.csv
./test_yeast3/model_LR_concat_mirror/record_1/LR_concat_mirror_1.m
./test_yeast3/model_LR_concat_mirror/record_1/LR_concat_mirror_1.m
running time is 0.07422279600000081
/home/junda/.conda/envs/thenv/lib/python3.6/site-packages/sklearn/externals/joblib/__init__.py:15: DeprecationWarning: sklearn.externals.joblib is deprecated in 0.21 and will be removed in 0.23. Please import this functionality directly from joblib, which can be installed with: pip install joblib. If this warning is raised when loading pickled models, you may need to re-serialize those models with scikit-learn 0.21+.
  warnings.warn(msg, category=DeprecationWarning)
/home/junda/.conda/envs/thenv/lib/python3.6/site-packages/sklearn/linear_model/logistic.py:432: FutureWarning: Default solver will be changed to 'lbfgs' in 0.22. Specify a solver to silence this warning.
  FutureWarning)
./test_yeast3/standlization_data/yeast3_std_train_2.csv
./test_yeast3/model_LR_concat_mirror/record_1/LR_concat_mirror_2.m
./test_yeast3/model_LR_concat_mirror/record_1/LR_concat_mirror_2.m
running time is 0.10079938099999985
/home/junda/.conda/envs/thenv/lib/python3.6/site-packages/sklearn/externals/joblib/__init__.py:15: DeprecationWarning: sklearn.externals.joblib is deprecated in 0.21 and will be removed in 0.23. Please import this functionality directly from joblib, which can be installed with: pip install joblib. If this warning is raised when loading pickled models, you may need to re-serialize those models with scikit-learn 0.21+.
  warnings.warn(msg, category=DeprecationWarning)
/home/junda/.conda/envs/thenv/lib/python3.6/site-packages/sklearn/linear_model/logistic.py:432: FutureWarning: Default solver will be changed to 'lbfgs' in 0.22. Specify a solver to silence this warning.
  FutureWarning)
./test_yeast3/standlization_data/yeast3_std_train_3.csv
./test_yeast3/model_LR_concat_mirror/record_1/LR_concat_mirror_3.m
./test_yeast3/model_LR_concat_mirror/record_1/LR_concat_mirror_3.m
running time is 0.10241141299999956
/home/junda/.conda/envs/thenv/lib/python3.6/site-packages/sklearn/externals/joblib/__init__.py:15: DeprecationWarning: sklearn.externals.joblib is deprecated in 0.21 and will be removed in 0.23. Please import this functionality directly from joblib, which can be installed with: pip install joblib. If this warning is raised when loading pickled models, you may need to re-serialize those models with scikit-learn 0.21+.
  warnings.warn(msg, category=DeprecationWarning)
/home/junda/.conda/envs/thenv/lib/python3.6/site-packages/sklearn/linear_model/logistic.py:432: FutureWarning: Default solver will be changed to 'lbfgs' in 0.22. Specify a solver to silence this warning.
  FutureWarning)
./test_yeast3/standlization_data/yeast3_std_train_4.csv
./test_yeast3/model_LR_concat_mirror/record_1/LR_concat_mirror_4.m
./test_yeast3/model_LR_concat_mirror/record_1/LR_concat_mirror_4.m
running time is 0.07280229800000004
/home/junda/.conda/envs/thenv/lib/python3.6/site-packages/sklearn/externals/joblib/__init__.py:15: DeprecationWarning: sklearn.externals.joblib is deprecated in 0.21 and will be removed in 0.23. Please import this functionality directly from joblib, which can be installed with: pip install joblib. If this warning is raised when loading pickled models, you may need to re-serialize those models with scikit-learn 0.21+.
  warnings.warn(msg, category=DeprecationWarning)
/home/junda/.conda/envs/thenv/lib/python3.6/site-packages/sklearn/linear_model/logistic.py:432: FutureWarning: Default solver will be changed to 'lbfgs' in 0.22. Specify a solver to silence this warning.
  FutureWarning)
./test_yeast3/standlization_data/yeast3_std_train_5.csv
./test_yeast3/model_LR_concat_mirror/record_1/LR_concat_mirror_5.m
./test_yeast3/model_LR_concat_mirror/record_1/LR_concat_mirror_5.m
running time is 0.0823330010000003
/home/junda/.conda/envs/thenv/lib/python3.6/site-packages/sklearn/externals/joblib/__init__.py:15: DeprecationWarning: sklearn.externals.joblib is deprecated in 0.21 and will be removed in 0.23. Please import this functionality directly from joblib, which can be installed with: pip install joblib. If this warning is raised when loading pickled models, you may need to re-serialize those models with scikit-learn 0.21+.
  warnings.warn(msg, category=DeprecationWarning)
/home/junda/.conda/envs/thenv/lib/python3.6/site-packages/sklearn/linear_model/logistic.py:432: FutureWarning: Default solver will be changed to 'lbfgs' in 0.22. Specify a solver to silence this warning.
  FutureWarning)
./test_glass0/standlization_data/glass0_std_train_1.csv
./test_glass0/model_LR_concat_mirror/record_1/LR_concat_mirror_1.m
./test_glass0/model_LR_concat_mirror/record_1/LR_concat_mirror_1.m
running time is 0.019009166000000022
/home/junda/.conda/envs/thenv/lib/python3.6/site-packages/sklearn/externals/joblib/__init__.py:15: DeprecationWarning: sklearn.externals.joblib is deprecated in 0.21 and will be removed in 0.23. Please import this functionality directly from joblib, which can be installed with: pip install joblib. If this warning is raised when loading pickled models, you may need to re-serialize those models with scikit-learn 0.21+.
  warnings.warn(msg, category=DeprecationWarning)
/home/junda/.conda/envs/thenv/lib/python3.6/site-packages/sklearn/linear_model/logistic.py:432: FutureWarning: Default solver will be changed to 'lbfgs' in 0.22. Specify a solver to silence this warning.
  FutureWarning)
./test_glass0/standlization_data/glass0_std_train_2.csv
./test_glass0/model_LR_concat_mirror/record_1/LR_concat_mirror_2.m
./test_glass0/model_LR_concat_mirror/record_1/LR_concat_mirror_2.m
running time is 0.02079444099999961
/home/junda/.conda/envs/thenv/lib/python3.6/site-packages/sklearn/externals/joblib/__init__.py:15: DeprecationWarning: sklearn.externals.joblib is deprecated in 0.21 and will be removed in 0.23. Please import this functionality directly from joblib, which can be installed with: pip install joblib. If this warning is raised when loading pickled models, you may need to re-serialize those models with scikit-learn 0.21+.
  warnings.warn(msg, category=DeprecationWarning)
/home/junda/.conda/envs/thenv/lib/python3.6/site-packages/sklearn/linear_model/logistic.py:432: FutureWarning: Default solver will be changed to 'lbfgs' in 0.22. Specify a solver to silence this warning.
  FutureWarning)
./test_glass0/standlization_data/glass0_std_train_3.csv
./test_glass0/model_LR_concat_mirror/record_1/LR_concat_mirror_3.m
./test_glass0/model_LR_concat_mirror/record_1/LR_concat_mirror_3.m
running time is 0.024123177999999967
/home/junda/.conda/envs/thenv/lib/python3.6/site-packages/sklearn/externals/joblib/__init__.py:15: DeprecationWarning: sklearn.externals.joblib is deprecated in 0.21 and will be removed in 0.23. Please import this functionality directly from joblib, which can be installed with: pip install joblib. If this warning is raised when loading pickled models, you may need to re-serialize those models with scikit-learn 0.21+.
  warnings.warn(msg, category=DeprecationWarning)
/home/junda/.conda/envs/thenv/lib/python3.6/site-packages/sklearn/linear_model/logistic.py:432: FutureWarning: Default solver will be changed to 'lbfgs' in 0.22. Specify a solver to silence this warning.
  FutureWarning)
./test_glass0/standlization_data/glass0_std_train_4.csv
./test_glass0/model_LR_concat_mirror/record_1/LR_concat_mirror_4.m
./test_glass0/model_LR_concat_mirror/record_1/LR_concat_mirror_4.m
running time is 0.02703128899999996
/home/junda/.conda/envs/thenv/lib/python3.6/site-packages/sklearn/externals/joblib/__init__.py:15: DeprecationWarning: sklearn.externals.joblib is deprecated in 0.21 and will be removed in 0.23. Please import this functionality directly from joblib, which can be installed with: pip install joblib. If this warning is raised when loading pickled models, you may need to re-serialize those models with scikit-learn 0.21+.
  warnings.warn(msg, category=DeprecationWarning)
/home/junda/.conda/envs/thenv/lib/python3.6/site-packages/sklearn/linear_model/logistic.py:432: FutureWarning: Default solver will be changed to 'lbfgs' in 0.22. Specify a solver to silence this warning.
  FutureWarning)
./test_glass0/standlization_data/glass0_std_train_5.csv
./test_glass0/model_LR_concat_mirror/record_1/LR_concat_mirror_5.m
./test_glass0/model_LR_concat_mirror/record_1/LR_concat_mirror_5.m
running time is 0.023421651000000487
/home/junda/.conda/envs/thenv/lib/python3.6/site-packages/sklearn/externals/joblib/__init__.py:15: DeprecationWarning: sklearn.externals.joblib is deprecated in 0.21 and will be removed in 0.23. Please import this functionality directly from joblib, which can be installed with: pip install joblib. If this warning is raised when loading pickled models, you may need to re-serialize those models with scikit-learn 0.21+.
  warnings.warn(msg, category=DeprecationWarning)
/home/junda/.conda/envs/thenv/lib/python3.6/site-packages/sklearn/linear_model/logistic.py:432: FutureWarning: Default solver will be changed to 'lbfgs' in 0.22. Specify a solver to silence this warning.
  FutureWarning)
./test_pima/standlization_data/pima_std_train_1.csv
./test_pima/model_LR_concat_mirror/record_1/LR_concat_mirror_1.m
./test_pima/model_LR_concat_mirror/record_1/LR_concat_mirror_1.m
running time is 0.11444327699999945
/home/junda/.conda/envs/thenv/lib/python3.6/site-packages/sklearn/externals/joblib/__init__.py:15: DeprecationWarning: sklearn.externals.joblib is deprecated in 0.21 and will be removed in 0.23. Please import this functionality directly from joblib, which can be installed with: pip install joblib. If this warning is raised when loading pickled models, you may need to re-serialize those models with scikit-learn 0.21+.
  warnings.warn(msg, category=DeprecationWarning)
/home/junda/.conda/envs/thenv/lib/python3.6/site-packages/sklearn/linear_model/logistic.py:432: FutureWarning: Default solver will be changed to 'lbfgs' in 0.22. Specify a solver to silence this warning.
  FutureWarning)
./test_pima/standlization_data/pima_std_train_2.csv
./test_pima/model_LR_concat_mirror/record_1/LR_concat_mirror_2.m
./test_pima/model_LR_concat_mirror/record_1/LR_concat_mirror_2.m
running time is 0.12630656000000062
/home/junda/.conda/envs/thenv/lib/python3.6/site-packages/sklearn/externals/joblib/__init__.py:15: DeprecationWarning: sklearn.externals.joblib is deprecated in 0.21 and will be removed in 0.23. Please import this functionality directly from joblib, which can be installed with: pip install joblib. If this warning is raised when loading pickled models, you may need to re-serialize those models with scikit-learn 0.21+.
  warnings.warn(msg, category=DeprecationWarning)
/home/junda/.conda/envs/thenv/lib/python3.6/site-packages/sklearn/linear_model/logistic.py:432: FutureWarning: Default solver will be changed to 'lbfgs' in 0.22. Specify a solver to silence this warning.
  FutureWarning)
./test_pima/standlization_data/pima_std_train_3.csv
./test_pima/model_LR_concat_mirror/record_1/LR_concat_mirror_3.m
./test_pima/model_LR_concat_mirror/record_1/LR_concat_mirror_3.m
running time is 0.12879293800000013
/home/junda/.conda/envs/thenv/lib/python3.6/site-packages/sklearn/externals/joblib/__init__.py:15: DeprecationWarning: sklearn.externals.joblib is deprecated in 0.21 and will be removed in 0.23. Please import this functionality directly from joblib, which can be installed with: pip install joblib. If this warning is raised when loading pickled models, you may need to re-serialize those models with scikit-learn 0.21+.
  warnings.warn(msg, category=DeprecationWarning)
/home/junda/.conda/envs/thenv/lib/python3.6/site-packages/sklearn/linear_model/logistic.py:432: FutureWarning: Default solver will be changed to 'lbfgs' in 0.22. Specify a solver to silence this warning.
  FutureWarning)
./test_pima/standlization_data/pima_std_train_4.csv
./test_pima/model_LR_concat_mirror/record_1/LR_concat_mirror_4.m
./test_pima/model_LR_concat_mirror/record_1/LR_concat_mirror_4.m
running time is 0.139423034
/home/junda/.conda/envs/thenv/lib/python3.6/site-packages/sklearn/externals/joblib/__init__.py:15: DeprecationWarning: sklearn.externals.joblib is deprecated in 0.21 and will be removed in 0.23. Please import this functionality directly from joblib, which can be installed with: pip install joblib. If this warning is raised when loading pickled models, you may need to re-serialize those models with scikit-learn 0.21+.
  warnings.warn(msg, category=DeprecationWarning)
/home/junda/.conda/envs/thenv/lib/python3.6/site-packages/sklearn/linear_model/logistic.py:432: FutureWarning: Default solver will be changed to 'lbfgs' in 0.22. Specify a solver to silence this warning.
  FutureWarning)
./test_pima/standlization_data/pima_std_train_5.csv
./test_pima/model_LR_concat_mirror/record_1/LR_concat_mirror_5.m
./test_pima/model_LR_concat_mirror/record_1/LR_concat_mirror_5.m
running time is 0.1331145549999997
