nohup: ignoring input
/home/junda/.conda/envs/thenv/lib/python3.6/site-packages/sklearn/externals/joblib/__init__.py:15: DeprecationWarning: sklearn.externals.joblib is deprecated in 0.21 and will be removed in 0.23. Please import this functionality directly from joblib, which can be installed with: pip install joblib. If this warning is raised when loading pickled models, you may need to re-serialize those models with scikit-learn 0.21+.
  warnings.warn(msg, category=DeprecationWarning)
/home/junda/.conda/envs/thenv/lib/python3.6/site-packages/sklearn/linear_model/logistic.py:432: FutureWarning: Default solver will be changed to 'lbfgs' in 0.22. Specify a solver to silence this warning.
  FutureWarning)
./test_yeast6/standlization_data/yeast6_std_train_1.csv
./test_yeast6/model_LR_concat_mirror/record_1/LR_concat_mirror_1.m
./test_yeast6/model_LR_concat_mirror/record_1/LR_concat_mirror_1.m
running time is 0.06524029499999973
/home/junda/.conda/envs/thenv/lib/python3.6/site-packages/sklearn/externals/joblib/__init__.py:15: DeprecationWarning: sklearn.externals.joblib is deprecated in 0.21 and will be removed in 0.23. Please import this functionality directly from joblib, which can be installed with: pip install joblib. If this warning is raised when loading pickled models, you may need to re-serialize those models with scikit-learn 0.21+.
  warnings.warn(msg, category=DeprecationWarning)
/home/junda/.conda/envs/thenv/lib/python3.6/site-packages/sklearn/linear_model/logistic.py:432: FutureWarning: Default solver will be changed to 'lbfgs' in 0.22. Specify a solver to silence this warning.
  FutureWarning)
./test_yeast6/standlization_data/yeast6_std_train_2.csv
./test_yeast6/model_LR_concat_mirror/record_1/LR_concat_mirror_2.m
./test_yeast6/model_LR_concat_mirror/record_1/LR_concat_mirror_2.m
running time is 0.0682171140000003
/home/junda/.conda/envs/thenv/lib/python3.6/site-packages/sklearn/externals/joblib/__init__.py:15: DeprecationWarning: sklearn.externals.joblib is deprecated in 0.21 and will be removed in 0.23. Please import this functionality directly from joblib, which can be installed with: pip install joblib. If this warning is raised when loading pickled models, you may need to re-serialize those models with scikit-learn 0.21+.
  warnings.warn(msg, category=DeprecationWarning)
/home/junda/.conda/envs/thenv/lib/python3.6/site-packages/sklearn/linear_model/logistic.py:432: FutureWarning: Default solver will be changed to 'lbfgs' in 0.22. Specify a solver to silence this warning.
  FutureWarning)
./test_yeast6/standlization_data/yeast6_std_train_3.csv
./test_yeast6/model_LR_concat_mirror/record_1/LR_concat_mirror_3.m
./test_yeast6/model_LR_concat_mirror/record_1/LR_concat_mirror_3.m
running time is 0.061073061000000095
/home/junda/.conda/envs/thenv/lib/python3.6/site-packages/sklearn/externals/joblib/__init__.py:15: DeprecationWarning: sklearn.externals.joblib is deprecated in 0.21 and will be removed in 0.23. Please import this functionality directly from joblib, which can be installed with: pip install joblib. If this warning is raised when loading pickled models, you may need to re-serialize those models with scikit-learn 0.21+.
  warnings.warn(msg, category=DeprecationWarning)
/home/junda/.conda/envs/thenv/lib/python3.6/site-packages/sklearn/linear_model/logistic.py:432: FutureWarning: Default solver will be changed to 'lbfgs' in 0.22. Specify a solver to silence this warning.
  FutureWarning)
./test_yeast6/standlization_data/yeast6_std_train_4.csv
./test_yeast6/model_LR_concat_mirror/record_1/LR_concat_mirror_4.m
./test_yeast6/model_LR_concat_mirror/record_1/LR_concat_mirror_4.m
running time is 0.07417929700000059
/home/junda/.conda/envs/thenv/lib/python3.6/site-packages/sklearn/externals/joblib/__init__.py:15: DeprecationWarning: sklearn.externals.joblib is deprecated in 0.21 and will be removed in 0.23. Please import this functionality directly from joblib, which can be installed with: pip install joblib. If this warning is raised when loading pickled models, you may need to re-serialize those models with scikit-learn 0.21+.
  warnings.warn(msg, category=DeprecationWarning)
/home/junda/.conda/envs/thenv/lib/python3.6/site-packages/sklearn/linear_model/logistic.py:432: FutureWarning: Default solver will be changed to 'lbfgs' in 0.22. Specify a solver to silence this warning.
  FutureWarning)
./test_yeast6/standlization_data/yeast6_std_train_5.csv
./test_yeast6/model_LR_concat_mirror/record_1/LR_concat_mirror_5.m
./test_yeast6/model_LR_concat_mirror/record_1/LR_concat_mirror_5.m
running time is 0.08564387699999987
/home/junda/.conda/envs/thenv/lib/python3.6/site-packages/sklearn/externals/joblib/__init__.py:15: DeprecationWarning: sklearn.externals.joblib is deprecated in 0.21 and will be removed in 0.23. Please import this functionality directly from joblib, which can be installed with: pip install joblib. If this warning is raised when loading pickled models, you may need to re-serialize those models with scikit-learn 0.21+.
  warnings.warn(msg, category=DeprecationWarning)
/home/junda/.conda/envs/thenv/lib/python3.6/site-packages/sklearn/linear_model/logistic.py:432: FutureWarning: Default solver will be changed to 'lbfgs' in 0.22. Specify a solver to silence this warning.
  FutureWarning)
./test_ecoli1/standlization_data/ecoli1_std_train_1.csv
./test_ecoli1/model_LR_concat_mirror/record_1/LR_concat_mirror_1.m
./test_ecoli1/model_LR_concat_mirror/record_1/LR_concat_mirror_1.m
running time is 0.018345164000000302
/home/junda/.conda/envs/thenv/lib/python3.6/site-packages/sklearn/externals/joblib/__init__.py:15: DeprecationWarning: sklearn.externals.joblib is deprecated in 0.21 and will be removed in 0.23. Please import this functionality directly from joblib, which can be installed with: pip install joblib. If this warning is raised when loading pickled models, you may need to re-serialize those models with scikit-learn 0.21+.
  warnings.warn(msg, category=DeprecationWarning)
/home/junda/.conda/envs/thenv/lib/python3.6/site-packages/sklearn/linear_model/logistic.py:432: FutureWarning: Default solver will be changed to 'lbfgs' in 0.22. Specify a solver to silence this warning.
  FutureWarning)
./test_ecoli1/standlization_data/ecoli1_std_train_2.csv
./test_ecoli1/model_LR_concat_mirror/record_1/LR_concat_mirror_2.m
./test_ecoli1/model_LR_concat_mirror/record_1/LR_concat_mirror_2.m
running time is 0.018714124999999804
/home/junda/.conda/envs/thenv/lib/python3.6/site-packages/sklearn/externals/joblib/__init__.py:15: DeprecationWarning: sklearn.externals.joblib is deprecated in 0.21 and will be removed in 0.23. Please import this functionality directly from joblib, which can be installed with: pip install joblib. If this warning is raised when loading pickled models, you may need to re-serialize those models with scikit-learn 0.21+.
  warnings.warn(msg, category=DeprecationWarning)
/home/junda/.conda/envs/thenv/lib/python3.6/site-packages/sklearn/linear_model/logistic.py:432: FutureWarning: Default solver will be changed to 'lbfgs' in 0.22. Specify a solver to silence this warning.
  FutureWarning)
./test_ecoli1/standlization_data/ecoli1_std_train_3.csv
./test_ecoli1/model_LR_concat_mirror/record_1/LR_concat_mirror_3.m
./test_ecoli1/model_LR_concat_mirror/record_1/LR_concat_mirror_3.m
running time is 0.021034732999999584
/home/junda/.conda/envs/thenv/lib/python3.6/site-packages/sklearn/externals/joblib/__init__.py:15: DeprecationWarning: sklearn.externals.joblib is deprecated in 0.21 and will be removed in 0.23. Please import this functionality directly from joblib, which can be installed with: pip install joblib. If this warning is raised when loading pickled models, you may need to re-serialize those models with scikit-learn 0.21+.
  warnings.warn(msg, category=DeprecationWarning)
/home/junda/.conda/envs/thenv/lib/python3.6/site-packages/sklearn/linear_model/logistic.py:432: FutureWarning: Default solver will be changed to 'lbfgs' in 0.22. Specify a solver to silence this warning.
  FutureWarning)
./test_ecoli1/standlization_data/ecoli1_std_train_4.csv
./test_ecoli1/model_LR_concat_mirror/record_1/LR_concat_mirror_4.m
./test_ecoli1/model_LR_concat_mirror/record_1/LR_concat_mirror_4.m
running time is 0.01484616099999947
/home/junda/.conda/envs/thenv/lib/python3.6/site-packages/sklearn/externals/joblib/__init__.py:15: DeprecationWarning: sklearn.externals.joblib is deprecated in 0.21 and will be removed in 0.23. Please import this functionality directly from joblib, which can be installed with: pip install joblib. If this warning is raised when loading pickled models, you may need to re-serialize those models with scikit-learn 0.21+.
  warnings.warn(msg, category=DeprecationWarning)
/home/junda/.conda/envs/thenv/lib/python3.6/site-packages/sklearn/linear_model/logistic.py:432: FutureWarning: Default solver will be changed to 'lbfgs' in 0.22. Specify a solver to silence this warning.
  FutureWarning)
./test_ecoli1/standlization_data/ecoli1_std_train_5.csv
./test_ecoli1/model_LR_concat_mirror/record_1/LR_concat_mirror_5.m
./test_ecoli1/model_LR_concat_mirror/record_1/LR_concat_mirror_5.m
running time is 0.02171308500000002
