nohup: ignoring input
/home/junda/.conda/envs/thenv/lib/python3.6/site-packages/sklearn/externals/joblib/__init__.py:15: DeprecationWarning: sklearn.externals.joblib is deprecated in 0.21 and will be removed in 0.23. Please import this functionality directly from joblib, which can be installed with: pip install joblib. If this warning is raised when loading pickled models, you may need to re-serialize those models with scikit-learn 0.21+.
  warnings.warn(msg, category=DeprecationWarning)
/home/junda/.conda/envs/thenv/lib/python3.6/site-packages/sklearn/linear_model/logistic.py:432: FutureWarning: Default solver will be changed to 'lbfgs' in 0.22. Specify a solver to silence this warning.
  FutureWarning)
./test_yeast5/standlization_data/yeast5_std_train_1.csv
./test_yeast5/model_LR_concat_not_mirror/record_1/LR_concat_not_mirror_1.m
./test_yeast5/model_LR_concat_not_mirror/record_1/LR_concat_not_mirror_1.m
running time is 0.3085756540000002
/home/junda/.conda/envs/thenv/lib/python3.6/site-packages/sklearn/externals/joblib/__init__.py:15: DeprecationWarning: sklearn.externals.joblib is deprecated in 0.21 and will be removed in 0.23. Please import this functionality directly from joblib, which can be installed with: pip install joblib. If this warning is raised when loading pickled models, you may need to re-serialize those models with scikit-learn 0.21+.
  warnings.warn(msg, category=DeprecationWarning)
/home/junda/.conda/envs/thenv/lib/python3.6/site-packages/sklearn/linear_model/logistic.py:432: FutureWarning: Default solver will be changed to 'lbfgs' in 0.22. Specify a solver to silence this warning.
  FutureWarning)
./test_yeast5/standlization_data/yeast5_std_train_2.csv
./test_yeast5/model_LR_concat_not_mirror/record_1/LR_concat_not_mirror_2.m
./test_yeast5/model_LR_concat_not_mirror/record_1/LR_concat_not_mirror_2.m
running time is 0.33660883399999975
/home/junda/.conda/envs/thenv/lib/python3.6/site-packages/sklearn/externals/joblib/__init__.py:15: DeprecationWarning: sklearn.externals.joblib is deprecated in 0.21 and will be removed in 0.23. Please import this functionality directly from joblib, which can be installed with: pip install joblib. If this warning is raised when loading pickled models, you may need to re-serialize those models with scikit-learn 0.21+.
  warnings.warn(msg, category=DeprecationWarning)
/home/junda/.conda/envs/thenv/lib/python3.6/site-packages/sklearn/linear_model/logistic.py:432: FutureWarning: Default solver will be changed to 'lbfgs' in 0.22. Specify a solver to silence this warning.
  FutureWarning)
./test_yeast5/standlization_data/yeast5_std_train_3.csv
./test_yeast5/model_LR_concat_not_mirror/record_1/LR_concat_not_mirror_3.m
./test_yeast5/model_LR_concat_not_mirror/record_1/LR_concat_not_mirror_3.m
running time is 0.26311333700000006
/home/junda/.conda/envs/thenv/lib/python3.6/site-packages/sklearn/externals/joblib/__init__.py:15: DeprecationWarning: sklearn.externals.joblib is deprecated in 0.21 and will be removed in 0.23. Please import this functionality directly from joblib, which can be installed with: pip install joblib. If this warning is raised when loading pickled models, you may need to re-serialize those models with scikit-learn 0.21+.
  warnings.warn(msg, category=DeprecationWarning)
/home/junda/.conda/envs/thenv/lib/python3.6/site-packages/sklearn/linear_model/logistic.py:432: FutureWarning: Default solver will be changed to 'lbfgs' in 0.22. Specify a solver to silence this warning.
  FutureWarning)
./test_yeast5/standlization_data/yeast5_std_train_4.csv
./test_yeast5/model_LR_concat_not_mirror/record_1/LR_concat_not_mirror_4.m
./test_yeast5/model_LR_concat_not_mirror/record_1/LR_concat_not_mirror_4.m
running time is 0.287092243
/home/junda/.conda/envs/thenv/lib/python3.6/site-packages/sklearn/externals/joblib/__init__.py:15: DeprecationWarning: sklearn.externals.joblib is deprecated in 0.21 and will be removed in 0.23. Please import this functionality directly from joblib, which can be installed with: pip install joblib. If this warning is raised when loading pickled models, you may need to re-serialize those models with scikit-learn 0.21+.
  warnings.warn(msg, category=DeprecationWarning)
/home/junda/.conda/envs/thenv/lib/python3.6/site-packages/sklearn/linear_model/logistic.py:432: FutureWarning: Default solver will be changed to 'lbfgs' in 0.22. Specify a solver to silence this warning.
  FutureWarning)
./test_yeast5/standlization_data/yeast5_std_train_5.csv
./test_yeast5/model_LR_concat_not_mirror/record_1/LR_concat_not_mirror_5.m
./test_yeast5/model_LR_concat_not_mirror/record_1/LR_concat_not_mirror_5.m
running time is 0.28791651900000037
/home/junda/.conda/envs/thenv/lib/python3.6/site-packages/sklearn/externals/joblib/__init__.py:15: DeprecationWarning: sklearn.externals.joblib is deprecated in 0.21 and will be removed in 0.23. Please import this functionality directly from joblib, which can be installed with: pip install joblib. If this warning is raised when loading pickled models, you may need to re-serialize those models with scikit-learn 0.21+.
  warnings.warn(msg, category=DeprecationWarning)
/home/junda/.conda/envs/thenv/lib/python3.6/site-packages/sklearn/linear_model/logistic.py:432: FutureWarning: Default solver will be changed to 'lbfgs' in 0.22. Specify a solver to silence this warning.
  FutureWarning)
./test_yeast5/standlization_data/yeast5_std_train_1.csv
./test_yeast5/model_normal_LR/record_1/
----------------------



./test_yeast5/model_normal_LR/record_1/normal_LR_1.m
Traceback (most recent call last):
  File "./classifier_LR/train_LR_normal.py", line 71, in <module>
    joblib.dump(model, model_name)
  File "/home/junda/.local/lib/python3.6/site-packages/joblib/numpy_pickle.py", line 481, in dump
    with open(filename, 'wb') as f:
FileNotFoundError: [Errno 2] No such file or directory: './test_yeast5/model_normal_LR/record_1/normal_LR_1.m'
_1.m'
