nohup: ignoring input
./test_abalone19/origin_data/abalone19_train_1.csv
./test_abalone19/origin_data/abalone19_test_1.csv
./test_abalone19/standlization_data/
./test_abalone19/standlization_data/scaler_1.m
./test_abalone19/standlization_data/abalone19_std_train_1.csv
./test_abalone19/standlization_data/abalone19_std_test_1.csv
----------------------



./test_abalone19/origin_data/abalone19_train_2.csv
./test_abalone19/origin_data/abalone19_test_2.csv
./test_abalone19/standlization_data/
./test_abalone19/standlization_data/scaler_2.m
./test_abalone19/standlization_data/abalone19_std_train_2.csv
./test_abalone19/standlization_data/abalone19_std_test_2.csv
----------------------



./test_abalone19/origin_data/abalone19_train_3.csv
./test_abalone19/origin_data/abalone19_test_3.csv
./test_abalone19/standlization_data/
./test_abalone19/standlization_data/scaler_3.m
./test_abalone19/standlization_data/abalone19_std_train_3.csv
./test_abalone19/standlization_data/abalone19_std_test_3.csv
----------------------



./test_abalone19/origin_data/abalone19_train_4.csv
./test_abalone19/origin_data/abalone19_test_4.csv
./test_abalone19/standlization_data/
./test_abalone19/standlization_data/scaler_4.m
./test_abalone19/standlization_data/abalone19_std_train_4.csv
./test_abalone19/standlization_data/abalone19_std_test_4.csv
----------------------



./test_abalone19/origin_data/abalone19_train_5.csv
./test_abalone19/origin_data/abalone19_test_5.csv
./test_abalone19/standlization_data/
./test_abalone19/standlization_data/scaler_5.m
./test_abalone19/standlization_data/abalone19_std_train_5.csv
./test_abalone19/standlization_data/abalone19_std_test_5.csv
----------------------



./test_ecoli1/origin_data/ecoli1_train_1.csv
./test_ecoli1/origin_data/ecoli1_test_1.csv
./test_ecoli1/standlization_data/
./test_ecoli1/standlization_data/scaler_1.m
./test_ecoli1/standlization_data/ecoli1_std_train_1.csv
./test_ecoli1/standlization_data/ecoli1_std_test_1.csv
----------------------



./test_ecoli1/origin_data/ecoli1_train_2.csv
./test_ecoli1/origin_data/ecoli1_test_2.csv
./test_ecoli1/standlization_data/
./test_ecoli1/standlization_data/scaler_2.m
./test_ecoli1/standlization_data/ecoli1_std_train_2.csv
./test_ecoli1/standlization_data/ecoli1_std_test_2.csv
----------------------



./test_ecoli1/origin_data/ecoli1_train_3.csv
./test_ecoli1/origin_data/ecoli1_test_3.csv
./test_ecoli1/standlization_data/
./test_ecoli1/standlization_data/scaler_3.m
./test_ecoli1/standlization_data/ecoli1_std_train_3.csv
./test_ecoli1/standlization_data/ecoli1_std_test_3.csv
----------------------



./test_ecoli1/origin_data/ecoli1_train_4.csv
./test_ecoli1/origin_data/ecoli1_test_4.csv
./test_ecoli1/standlization_data/
./test_ecoli1/standlization_data/scaler_4.m
./test_ecoli1/standlization_data/ecoli1_std_train_4.csv
./test_ecoli1/standlization_data/ecoli1_std_test_4.csv
----------------------



./test_ecoli1/origin_data/ecoli1_train_5.csv
./test_ecoli1/origin_data/ecoli1_test_5.csv
./test_ecoli1/standlization_data/
./test_ecoli1/standlization_data/scaler_5.m
./test_ecoli1/standlization_data/ecoli1_std_train_5.csv
./test_ecoli1/standlization_data/ecoli1_std_test_5.csv
----------------------



./test_glass0/origin_data/glass0_train_1.csv
./test_glass0/origin_data/glass0_test_1.csv
./test_glass0/standlization_data/
./test_glass0/standlization_data/scaler_1.m
./test_glass0/standlization_data/glass0_std_train_1.csv
./test_glass0/standlization_data/glass0_std_test_1.csv
----------------------



./test_glass0/origin_data/glass0_train_2.csv
./test_glass0/origin_data/glass0_test_2.csv
./test_glass0/standlization_data/
./test_glass0/standlization_data/scaler_2.m
./test_glass0/standlization_data/glass0_std_train_2.csv
./test_glass0/standlization_data/glass0_std_test_2.csv
----------------------



./test_glass0/origin_data/glass0_train_3.csv
./test_glass0/origin_data/glass0_test_3.csv
./test_glass0/standlization_data/
./test_glass0/standlization_data/scaler_3.m
./test_glass0/standlization_data/glass0_std_train_3.csv
./test_glass0/standlization_data/glass0_std_test_3.csv
----------------------



./test_glass0/origin_data/glass0_train_4.csv
./test_glass0/origin_data/glass0_test_4.csv
./test_glass0/standlization_data/
./test_glass0/standlization_data/scaler_4.m
./test_glass0/standlization_data/glass0_std_train_4.csv
./test_glass0/standlization_data/glass0_std_test_4.csv
----------------------



./test_glass0/origin_data/glass0_train_5.csv
./test_glass0/origin_data/glass0_test_5.csv
./test_glass0/standlization_data/
./test_glass0/standlization_data/scaler_5.m
./test_glass0/standlization_data/glass0_std_train_5.csv
./test_glass0/standlization_data/glass0_std_test_5.csv
----------------------



./test_glass5/origin_data/glass5_train_1.csv
./test_glass5/origin_data/glass5_test_1.csv
./test_glass5/standlization_data/
./test_glass5/standlization_data/scaler_1.m
./test_glass5/standlization_data/glass5_std_train_1.csv
./test_glass5/standlization_data/glass5_std_test_1.csv
----------------------



./test_glass5/origin_data/glass5_train_2.csv
./test_glass5/origin_data/glass5_test_2.csv
./test_glass5/standlization_data/
./test_glass5/standlization_data/scaler_2.m
./test_glass5/standlization_data/glass5_std_train_2.csv
./test_glass5/standlization_data/glass5_std_test_2.csv
----------------------



./test_glass5/origin_data/glass5_train_3.csv
./test_glass5/origin_data/glass5_test_3.csv
./test_glass5/standlization_data/
./test_glass5/standlization_data/scaler_3.m
./test_glass5/standlization_data/glass5_std_train_3.csv
./test_glass5/standlization_data/glass5_std_test_3.csv
----------------------



./test_glass5/origin_data/glass5_train_4.csv
./test_glass5/origin_data/glass5_test_4.csv
./test_glass5/standlization_data/
./test_glass5/standlization_data/scaler_4.m
./test_glass5/standlization_data/glass5_std_train_4.csv
./test_glass5/standlization_data/glass5_std_test_4.csv
----------------------



./test_glass5/origin_data/glass5_train_5.csv
./test_glass5/origin_data/glass5_test_5.csv
./test_glass5/standlization_data/
./test_glass5/standlization_data/scaler_5.m
./test_glass5/standlization_data/glass5_std_train_5.csv
./test_glass5/standlization_data/glass5_std_test_5.csv
----------------------



./test_pageblocks1/origin_data/pageblocks1_train_1.csv
./test_pageblocks1/origin_data/pageblocks1_test_1.csv
./test_pageblocks1/standlization_data/
./test_pageblocks1/standlization_data/scaler_1.m
./test_pageblocks1/standlization_data/pageblocks1_std_train_1.csv
./test_pageblocks1/standlization_data/pageblocks1_std_test_1.csv
----------------------



./test_pageblocks1/origin_data/pageblocks1_train_2.csv
./test_pageblocks1/origin_data/pageblocks1_test_2.csv
./test_pageblocks1/standlization_data/
./test_pageblocks1/standlization_data/scaler_2.m
./test_pageblocks1/standlization_data/pageblocks1_std_train_2.csv
./test_pageblocks1/standlization_data/pageblocks1_std_test_2.csv
----------------------



./test_pageblocks1/origin_data/pageblocks1_train_3.csv
./test_pageblocks1/origin_data/pageblocks1_test_3.csv
./test_pageblocks1/standlization_data/
./test_pageblocks1/standlization_data/scaler_3.m
./test_pageblocks1/standlization_data/pageblocks1_std_train_3.csv
./test_pageblocks1/standlization_data/pageblocks1_std_test_3.csv
----------------------



./test_pageblocks1/origin_data/pageblocks1_train_4.csv
./test_pageblocks1/origin_data/pageblocks1_test_4.csv
./test_pageblocks1/standlization_data/
./test_pageblocks1/standlization_data/scaler_4.m
./test_pageblocks1/standlization_data/pageblocks1_std_train_4.csv
./test_pageblocks1/standlization_data/pageblocks1_std_test_4.csv
----------------------



./test_pageblocks1/origin_data/pageblocks1_train_5.csv
./test_pageblocks1/origin_data/pageblocks1_test_5.csv
./test_pageblocks1/standlization_data/
./test_pageblocks1/standlization_data/scaler_5.m
./test_pageblocks1/standlization_data/pageblocks1_std_train_5.csv
./test_pageblocks1/standlization_data/pageblocks1_std_test_5.csv
----------------------



./test_pima/origin_data/pima_train_1.csv
./test_pima/origin_data/pima_test_1.csv
./test_pima/standlization_data/
./test_pima/standlization_data/scaler_1.m
./test_pima/standlization_data/pima_std_train_1.csv
./test_pima/standlization_data/pima_std_test_1.csv
----------------------



./test_pima/origin_data/pima_train_2.csv
./test_pima/origin_data/pima_test_2.csv
./test_pima/standlization_data/
./test_pima/standlization_data/scaler_2.m
./test_pima/standlization_data/pima_std_train_2.csv
./test_pima/standlization_data/pima_std_test_2.csv
----------------------



./test_pima/origin_data/pima_train_3.csv
./test_pima/origin_data/pima_test_3.csv
./test_pima/standlization_data/
./test_pima/standlization_data/scaler_3.m
./test_pima/standlization_data/pima_std_train_3.csv
./test_pima/standlization_data/pima_std_test_3.csv
----------------------



./test_pima/origin_data/pima_train_4.csv
./test_pima/origin_data/pima_test_4.csv
./test_pima/standlization_data/
./test_pima/standlization_data/scaler_4.m
./test_pima/standlization_data/pima_std_train_4.csv
./test_pima/standlization_data/pima_std_test_4.csv
----------------------



./test_pima/origin_data/pima_train_5.csv
./test_pima/origin_data/pima_test_5.csv
./test_pima/standlization_data/
./test_pima/standlization_data/scaler_5.m
./test_pima/standlization_data/pima_std_train_5.csv
./test_pima/standlization_data/pima_std_test_5.csv
----------------------



./test_vehicle0/origin_data/vehicle0_train_1.csv
./test_vehicle0/origin_data/vehicle0_test_1.csv
./test_vehicle0/standlization_data/
./test_vehicle0/standlization_data/scaler_1.m
./test_vehicle0/standlization_data/vehicle0_std_train_1.csv
./test_vehicle0/standlization_data/vehicle0_std_test_1.csv
----------------------



./test_vehicle0/origin_data/vehicle0_train_2.csv
./test_vehicle0/origin_data/vehicle0_test_2.csv
./test_vehicle0/standlization_data/
./test_vehicle0/standlization_data/scaler_2.m
./test_vehicle0/standlization_data/vehicle0_std_train_2.csv
./test_vehicle0/standlization_data/vehicle0_std_test_2.csv
----------------------



./test_vehicle0/origin_data/vehicle0_train_3.csv
./test_vehicle0/origin_data/vehicle0_test_3.csv
./test_vehicle0/standlization_data/
./test_vehicle0/standlization_data/scaler_3.m
./test_vehicle0/standlization_data/vehicle0_std_train_3.csv
./test_vehicle0/standlization_data/vehicle0_std_test_3.csv
----------------------



./test_vehicle0/origin_data/vehicle0_train_4.csv
./test_vehicle0/origin_data/vehicle0_test_4.csv
./test_vehicle0/standlization_data/
./test_vehicle0/standlization_data/scaler_4.m
./test_vehicle0/standlization_data/vehicle0_std_train_4.csv
./test_vehicle0/standlization_data/vehicle0_std_test_4.csv
----------------------



./test_vehicle0/origin_data/vehicle0_train_5.csv
./test_vehicle0/origin_data/vehicle0_test_5.csv
./test_vehicle0/standlization_data/
./test_vehicle0/standlization_data/scaler_5.m
./test_vehicle0/standlization_data/vehicle0_std_train_5.csv
./test_vehicle0/standlization_data/vehicle0_std_test_5.csv
----------------------



./test_yeast3/origin_data/yeast3_train_1.csv
./test_yeast3/origin_data/yeast3_test_1.csv
./test_yeast3/standlization_data/
./test_yeast3/standlization_data/scaler_1.m
./test_yeast3/standlization_data/yeast3_std_train_1.csv
./test_yeast3/standlization_data/yeast3_std_test_1.csv
----------------------



./test_yeast3/origin_data/yeast3_train_2.csv
./test_yeast3/origin_data/yeast3_test_2.csv
./test_yeast3/standlization_data/
./test_yeast3/standlization_data/scaler_2.m
./test_yeast3/standlization_data/yeast3_std_train_2.csv
./test_yeast3/standlization_data/yeast3_std_test_2.csv
----------------------



./test_yeast3/origin_data/yeast3_train_3.csv
./test_yeast3/origin_data/yeast3_test_3.csv
./test_yeast3/standlization_data/
./test_yeast3/standlization_data/scaler_3.m
./test_yeast3/standlization_data/yeast3_std_train_3.csv
./test_yeast3/standlization_data/yeast3_std_test_3.csv
----------------------



./test_yeast3/origin_data/yeast3_train_4.csv
./test_yeast3/origin_data/yeast3_test_4.csv
./test_yeast3/standlization_data/
./test_yeast3/standlization_data/scaler_4.m
./test_yeast3/standlization_data/yeast3_std_train_4.csv
./test_yeast3/standlization_data/yeast3_std_test_4.csv
----------------------



./test_yeast3/origin_data/yeast3_train_5.csv
./test_yeast3/origin_data/yeast3_test_5.csv
./test_yeast3/standlization_data/
./test_yeast3/standlization_data/scaler_5.m
./test_yeast3/standlization_data/yeast3_std_train_5.csv
./test_yeast3/standlization_data/yeast3_std_test_5.csv
----------------------



./test_yeast5/origin_data/yeast5_train_1.csv
./test_yeast5/origin_data/yeast5_test_1.csv
./test_yeast5/standlization_data/
./test_yeast5/standlization_data/scaler_1.m
./test_yeast5/standlization_data/yeast5_std_train_1.csv
./test_yeast5/standlization_data/yeast5_std_test_1.csv
----------------------



./test_yeast5/origin_data/yeast5_train_2.csv
./test_yeast5/origin_data/yeast5_test_2.csv
./test_yeast5/standlization_data/
./test_yeast5/standlization_data/scaler_2.m
./test_yeast5/standlization_data/yeast5_std_train_2.csv
./test_yeast5/standlization_data/yeast5_std_test_2.csv
----------------------



./test_yeast5/origin_data/yeast5_train_3.csv
./test_yeast5/origin_data/yeast5_test_3.csv
./test_yeast5/standlization_data/
./test_yeast5/standlization_data/scaler_3.m
./test_yeast5/standlization_data/yeast5_std_train_3.csv
./test_yeast5/standlization_data/yeast5_std_test_3.csv
----------------------



./test_yeast5/origin_data/yeast5_train_4.csv
./test_yeast5/origin_data/yeast5_test_4.csv
./test_yeast5/standlization_data/
./test_yeast5/standlization_data/scaler_4.m
./test_yeast5/standlization_data/yeast5_std_train_4.csv
./test_yeast5/standlization_data/yeast5_std_test_4.csv
----------------------



./test_yeast5/origin_data/yeast5_train_5.csv
./test_yeast5/origin_data/yeast5_test_5.csv
./test_yeast5/standlization_data/
./test_yeast5/standlization_data/scaler_5.m
./test_yeast5/standlization_data/yeast5_std_train_5.csv
./test_yeast5/standlization_data/yeast5_std_test_5.csv
----------------------



./test_yeast6/origin_data/yeast6_train_1.csv
./test_yeast6/origin_data/yeast6_test_1.csv
./test_yeast6/standlization_data/
./test_yeast6/standlization_data/scaler_1.m
./test_yeast6/standlization_data/yeast6_std_train_1.csv
./test_yeast6/standlization_data/yeast6_std_test_1.csv
----------------------



./test_yeast6/origin_data/yeast6_train_2.csv
./test_yeast6/origin_data/yeast6_test_2.csv
./test_yeast6/standlization_data/
./test_yeast6/standlization_data/scaler_2.m
./test_yeast6/standlization_data/yeast6_std_train_2.csv
./test_yeast6/standlization_data/yeast6_std_test_2.csv
----------------------



./test_yeast6/origin_data/yeast6_train_3.csv
./test_yeast6/origin_data/yeast6_test_3.csv
./test_yeast6/standlization_data/
./test_yeast6/standlization_data/scaler_3.m
./test_yeast6/standlization_data/yeast6_std_train_3.csv
./test_yeast6/standlization_data/yeast6_std_test_3.csv
----------------------



./test_yeast6/origin_data/yeast6_train_4.csv
./test_yeast6/origin_data/yeast6_test_4.csv
./test_yeast6/standlization_data/
./test_yeast6/standlization_data/scaler_4.m
./test_yeast6/standlization_data/yeast6_std_train_4.csv
./test_yeast6/standlization_data/yeast6_std_test_4.csv
----------------------



./test_yeast6/origin_data/yeast6_train_5.csv
./test_yeast6/origin_data/yeast6_test_5.csv
./test_yeast6/standlization_data/
./test_yeast6/standlization_data/scaler_5.m
./test_yeast6/standlization_data/yeast6_std_train_5.csv
./test_yeast6/standlization_data/yeast6_std_test_5.csv
----------------------



