nohup: ignoring input
/opt/anaconda/lib/python3.7/site-packages/sklearn/externals/joblib/__init__.py:15: FutureWarning: sklearn.externals.joblib is deprecated in 0.21 and will be removed in 0.23. Please import this functionality directly from joblib, which can be installed with: pip install joblib. If this warning is raised when loading pickled models, you may need to re-serialize those models with scikit-learn 0.21+.
  warnings.warn(msg, category=FutureWarning)
./test_yeast6/standlization_data/yeast6_std_train_1.csv
./test_yeast6/model_SVM_RBF/record_1/
----------------------



./test_yeast6/model_SVM_RBF/record_1/SVM_RBF_1.m
./test_yeast6/model_SVM_RBF/record_1/SVM_RBF_1.m
running time is 0.004603709999999928


/opt/anaconda/lib/python3.7/site-packages/sklearn/externals/joblib/__init__.py:15: FutureWarning: sklearn.externals.joblib is deprecated in 0.21 and will be removed in 0.23. Please import this functionality directly from joblib, which can be installed with: pip install joblib. If this warning is raised when loading pickled models, you may need to re-serialize those models with scikit-learn 0.21+.
  warnings.warn(msg, category=FutureWarning)
./test_yeast6/standlization_data/yeast6_std_train_2.csv
./test_yeast6/model_SVM_RBF/record_1/
----------------------



./test_yeast6/model_SVM_RBF/record_1/SVM_RBF_2.m
./test_yeast6/model_SVM_RBF/record_1/SVM_RBF_2.m
running time is 0.010371648999999983


/opt/anaconda/lib/python3.7/site-packages/sklearn/externals/joblib/__init__.py:15: FutureWarning: sklearn.externals.joblib is deprecated in 0.21 and will be removed in 0.23. Please import this functionality directly from joblib, which can be installed with: pip install joblib. If this warning is raised when loading pickled models, you may need to re-serialize those models with scikit-learn 0.21+.
  warnings.warn(msg, category=FutureWarning)
./test_yeast6/standlization_data/yeast6_std_train_3.csv
./test_yeast6/model_SVM_RBF/record_1/
----------------------



./test_yeast6/model_SVM_RBF/record_1/SVM_RBF_3.m
./test_yeast6/model_SVM_RBF/record_1/SVM_RBF_3.m
running time is 0.004205102999999988


/opt/anaconda/lib/python3.7/site-packages/sklearn/externals/joblib/__init__.py:15: FutureWarning: sklearn.externals.joblib is deprecated in 0.21 and will be removed in 0.23. Please import this functionality directly from joblib, which can be installed with: pip install joblib. If this warning is raised when loading pickled models, you may need to re-serialize those models with scikit-learn 0.21+.
  warnings.warn(msg, category=FutureWarning)
./test_yeast6/standlization_data/yeast6_std_train_4.csv
./test_yeast6/model_SVM_RBF/record_1/
----------------------



./test_yeast6/model_SVM_RBF/record_1/SVM_RBF_4.m
./test_yeast6/model_SVM_RBF/record_1/SVM_RBF_4.m
running time is 0.0073096460000000585


/opt/anaconda/lib/python3.7/site-packages/sklearn/externals/joblib/__init__.py:15: FutureWarning: sklearn.externals.joblib is deprecated in 0.21 and will be removed in 0.23. Please import this functionality directly from joblib, which can be installed with: pip install joblib. If this warning is raised when loading pickled models, you may need to re-serialize those models with scikit-learn 0.21+.
  warnings.warn(msg, category=FutureWarning)
./test_yeast6/standlization_data/yeast6_std_train_5.csv
./test_yeast6/model_SVM_RBF/record_1/
----------------------



./test_yeast6/model_SVM_RBF/record_1/SVM_RBF_5.m
./test_yeast6/model_SVM_RBF/record_1/SVM_RBF_5.m
running time is 0.005179449999999974


/opt/anaconda/lib/python3.7/site-packages/sklearn/externals/joblib/__init__.py:15: FutureWarning: sklearn.externals.joblib is deprecated in 0.21 and will be removed in 0.23. Please import this functionality directly from joblib, which can be installed with: pip install joblib. If this warning is raised when loading pickled models, you may need to re-serialize those models with scikit-learn 0.21+.
  warnings.warn(msg, category=FutureWarning)
./test_yeast6/standlization_data/yeast6_std_train_1.csv
./test_yeast6/model_SVM_RBF_minus_not_mirror/record_1/SVM_RBF_minus_not_mirror_1.m
./test_yeast6/model_SVM_RBF_minus_not_mirror/record_1/SVM_RBF_minus_not_mirror_1.m
running time is 7.895403594999999


/opt/anaconda/lib/python3.7/site-packages/sklearn/externals/joblib/__init__.py:15: FutureWarning: sklearn.externals.joblib is deprecated in 0.21 and will be removed in 0.23. Please import this functionality directly from joblib, which can be installed with: pip install joblib. If this warning is raised when loading pickled models, you may need to re-serialize those models with scikit-learn 0.21+.
  warnings.warn(msg, category=FutureWarning)
./test_yeast6/standlization_data/yeast6_std_train_2.csv
./test_yeast6/model_SVM_RBF_minus_not_mirror/record_1/SVM_RBF_minus_not_mirror_2.m
./test_yeast6/model_SVM_RBF_minus_not_mirror/record_1/SVM_RBF_minus_not_mirror_2.m
running time is 7.267916454


/opt/anaconda/lib/python3.7/site-packages/sklearn/externals/joblib/__init__.py:15: FutureWarning: sklearn.externals.joblib is deprecated in 0.21 and will be removed in 0.23. Please import this functionality directly from joblib, which can be installed with: pip install joblib. If this warning is raised when loading pickled models, you may need to re-serialize those models with scikit-learn 0.21+.
  warnings.warn(msg, category=FutureWarning)
./test_yeast6/standlization_data/yeast6_std_train_3.csv
./test_yeast6/model_SVM_RBF_minus_not_mirror/record_1/SVM_RBF_minus_not_mirror_3.m
./test_yeast6/model_SVM_RBF_minus_not_mirror/record_1/SVM_RBF_minus_not_mirror_3.m
running time is 6.117618910999999


/opt/anaconda/lib/python3.7/site-packages/sklearn/externals/joblib/__init__.py:15: FutureWarning: sklearn.externals.joblib is deprecated in 0.21 and will be removed in 0.23. Please import this functionality directly from joblib, which can be installed with: pip install joblib. If this warning is raised when loading pickled models, you may need to re-serialize those models with scikit-learn 0.21+.
  warnings.warn(msg, category=FutureWarning)
./test_yeast6/standlization_data/yeast6_std_train_4.csv
./test_yeast6/model_SVM_RBF_minus_not_mirror/record_1/SVM_RBF_minus_not_mirror_4.m
./test_yeast6/model_SVM_RBF_minus_not_mirror/record_1/SVM_RBF_minus_not_mirror_4.m
running time is 7.223932763


/opt/anaconda/lib/python3.7/site-packages/sklearn/externals/joblib/__init__.py:15: FutureWarning: sklearn.externals.joblib is deprecated in 0.21 and will be removed in 0.23. Please import this functionality directly from joblib, which can be installed with: pip install joblib. If this warning is raised when loading pickled models, you may need to re-serialize those models with scikit-learn 0.21+.
  warnings.warn(msg, category=FutureWarning)
./test_yeast6/standlization_data/yeast6_std_train_5.csv
./test_yeast6/model_SVM_RBF_minus_not_mirror/record_1/SVM_RBF_minus_not_mirror_5.m
./test_yeast6/model_SVM_RBF_minus_not_mirror/record_1/SVM_RBF_minus_not_mirror_5.m
running time is 5.368775938


/opt/anaconda/lib/python3.7/site-packages/sklearn/externals/joblib/__init__.py:15: FutureWarning: sklearn.externals.joblib is deprecated in 0.21 and will be removed in 0.23. Please import this functionality directly from joblib, which can be installed with: pip install joblib. If this warning is raised when loading pickled models, you may need to re-serialize those models with scikit-learn 0.21+.
  warnings.warn(msg, category=FutureWarning)
./test_yeast6/standlization_data/yeast6_std_train_1.csv
./test_yeast6/model_SVM_RBF_minus_mirror/record_1/SVM_RBF_minus_mirror_1.m
./test_yeast6/model_SVM_RBF_minus_mirror/record_1/SVM_RBF_minus_mirror_1.m
running time is 28.098720905


/opt/anaconda/lib/python3.7/site-packages/sklearn/externals/joblib/__init__.py:15: FutureWarning: sklearn.externals.joblib is deprecated in 0.21 and will be removed in 0.23. Please import this functionality directly from joblib, which can be installed with: pip install joblib. If this warning is raised when loading pickled models, you may need to re-serialize those models with scikit-learn 0.21+.
  warnings.warn(msg, category=FutureWarning)
./test_yeast6/standlization_data/yeast6_std_train_2.csv
./test_yeast6/model_SVM_RBF_minus_mirror/record_1/SVM_RBF_minus_mirror_2.m
./test_yeast6/model_SVM_RBF_minus_mirror/record_1/SVM_RBF_minus_mirror_2.m
running time is 25.042037674


/opt/anaconda/lib/python3.7/site-packages/sklearn/externals/joblib/__init__.py:15: FutureWarning: sklearn.externals.joblib is deprecated in 0.21 and will be removed in 0.23. Please import this functionality directly from joblib, which can be installed with: pip install joblib. If this warning is raised when loading pickled models, you may need to re-serialize those models with scikit-learn 0.21+.
  warnings.warn(msg, category=FutureWarning)
./test_yeast6/standlization_data/yeast6_std_train_3.csv
./test_yeast6/model_SVM_RBF_minus_mirror/record_1/SVM_RBF_minus_mirror_3.m
./test_yeast6/model_SVM_RBF_minus_mirror/record_1/SVM_RBF_minus_mirror_3.m
running time is 22.572696618000002


/opt/anaconda/lib/python3.7/site-packages/sklearn/externals/joblib/__init__.py:15: FutureWarning: sklearn.externals.joblib is deprecated in 0.21 and will be removed in 0.23. Please import this functionality directly from joblib, which can be installed with: pip install joblib. If this warning is raised when loading pickled models, you may need to re-serialize those models with scikit-learn 0.21+.
  warnings.warn(msg, category=FutureWarning)
./test_yeast6/standlization_data/yeast6_std_train_4.csv
./test_yeast6/model_SVM_RBF_minus_mirror/record_1/SVM_RBF_minus_mirror_4.m
./test_yeast6/model_SVM_RBF_minus_mirror/record_1/SVM_RBF_minus_mirror_4.m
running time is 26.244634011


/opt/anaconda/lib/python3.7/site-packages/sklearn/externals/joblib/__init__.py:15: FutureWarning: sklearn.externals.joblib is deprecated in 0.21 and will be removed in 0.23. Please import this functionality directly from joblib, which can be installed with: pip install joblib. If this warning is raised when loading pickled models, you may need to re-serialize those models with scikit-learn 0.21+.
  warnings.warn(msg, category=FutureWarning)
./test_yeast6/standlization_data/yeast6_std_train_5.csv
./test_yeast6/model_SVM_RBF_minus_mirror/record_1/SVM_RBF_minus_mirror_5.m
./test_yeast6/model_SVM_RBF_minus_mirror/record_1/SVM_RBF_minus_mirror_5.m
running time is 16.959895123


/opt/anaconda/lib/python3.7/site-packages/sklearn/externals/joblib/__init__.py:15: FutureWarning: sklearn.externals.joblib is deprecated in 0.21 and will be removed in 0.23. Please import this functionality directly from joblib, which can be installed with: pip install joblib. If this warning is raised when loading pickled models, you may need to re-serialize those models with scikit-learn 0.21+.
  warnings.warn(msg, category=FutureWarning)
./test_yeast6/standlization_data/yeast6_std_train_1.csv
./test_yeast6/model_SVM_RBF_concat_not_mirror/record_1/SVM_RBF_concat_not_mirror_1.m
./test_yeast6/model_SVM_RBF_concat_not_mirror/record_1/SVM_RBF_concat_not_mirror_1.m
running time is 7.710259006999999


/opt/anaconda/lib/python3.7/site-packages/sklearn/externals/joblib/__init__.py:15: FutureWarning: sklearn.externals.joblib is deprecated in 0.21 and will be removed in 0.23. Please import this functionality directly from joblib, which can be installed with: pip install joblib. If this warning is raised when loading pickled models, you may need to re-serialize those models with scikit-learn 0.21+.
  warnings.warn(msg, category=FutureWarning)
./test_yeast6/standlization_data/yeast6_std_train_2.csv
./test_yeast6/model_SVM_RBF_concat_not_mirror/record_1/SVM_RBF_concat_not_mirror_2.m
./test_yeast6/model_SVM_RBF_concat_not_mirror/record_1/SVM_RBF_concat_not_mirror_2.m
running time is 7.649060247


/opt/anaconda/lib/python3.7/site-packages/sklearn/externals/joblib/__init__.py:15: FutureWarning: sklearn.externals.joblib is deprecated in 0.21 and will be removed in 0.23. Please import this functionality directly from joblib, which can be installed with: pip install joblib. If this warning is raised when loading pickled models, you may need to re-serialize those models with scikit-learn 0.21+.
  warnings.warn(msg, category=FutureWarning)
./test_yeast6/standlization_data/yeast6_std_train_3.csv
./test_yeast6/model_SVM_RBF_concat_not_mirror/record_1/SVM_RBF_concat_not_mirror_3.m
./test_yeast6/model_SVM_RBF_concat_not_mirror/record_1/SVM_RBF_concat_not_mirror_3.m
running time is 6.662546946


/opt/anaconda/lib/python3.7/site-packages/sklearn/externals/joblib/__init__.py:15: FutureWarning: sklearn.externals.joblib is deprecated in 0.21 and will be removed in 0.23. Please import this functionality directly from joblib, which can be installed with: pip install joblib. If this warning is raised when loading pickled models, you may need to re-serialize those models with scikit-learn 0.21+.
  warnings.warn(msg, category=FutureWarning)
./test_yeast6/standlization_data/yeast6_std_train_4.csv
./test_yeast6/model_SVM_RBF_concat_not_mirror/record_1/SVM_RBF_concat_not_mirror_4.m
./test_yeast6/model_SVM_RBF_concat_not_mirror/record_1/SVM_RBF_concat_not_mirror_4.m
running time is 7.376726528


/opt/anaconda/lib/python3.7/site-packages/sklearn/externals/joblib/__init__.py:15: FutureWarning: sklearn.externals.joblib is deprecated in 0.21 and will be removed in 0.23. Please import this functionality directly from joblib, which can be installed with: pip install joblib. If this warning is raised when loading pickled models, you may need to re-serialize those models with scikit-learn 0.21+.
  warnings.warn(msg, category=FutureWarning)
./test_yeast6/standlization_data/yeast6_std_train_5.csv
./test_yeast6/model_SVM_RBF_concat_not_mirror/record_1/SVM_RBF_concat_not_mirror_5.m
./test_yeast6/model_SVM_RBF_concat_not_mirror/record_1/SVM_RBF_concat_not_mirror_5.m
running time is 4.614975313


/opt/anaconda/lib/python3.7/site-packages/sklearn/externals/joblib/__init__.py:15: FutureWarning: sklearn.externals.joblib is deprecated in 0.21 and will be removed in 0.23. Please import this functionality directly from joblib, which can be installed with: pip install joblib. If this warning is raised when loading pickled models, you may need to re-serialize those models with scikit-learn 0.21+.
  warnings.warn(msg, category=FutureWarning)
./test_yeast6/standlization_data/yeast6_std_train_1.csv
./test_yeast6/model_SVM_RBF_concat_mirror/record_1/SVM_RBF_concat_mirror_1.m
./test_yeast6/model_SVM_RBF_concat_mirror/record_1/SVM_RBF_concat_mirror_1.m
running time is 7.900652459000001


/opt/anaconda/lib/python3.7/site-packages/sklearn/externals/joblib/__init__.py:15: FutureWarning: sklearn.externals.joblib is deprecated in 0.21 and will be removed in 0.23. Please import this functionality directly from joblib, which can be installed with: pip install joblib. If this warning is raised when loading pickled models, you may need to re-serialize those models with scikit-learn 0.21+.
  warnings.warn(msg, category=FutureWarning)
./test_yeast6/standlization_data/yeast6_std_train_2.csv
./test_yeast6/model_SVM_RBF_concat_mirror/record_1/SVM_RBF_concat_mirror_2.m
./test_yeast6/model_SVM_RBF_concat_mirror/record_1/SVM_RBF_concat_mirror_2.m
running time is 7.688430038999999


/opt/anaconda/lib/python3.7/site-packages/sklearn/externals/joblib/__init__.py:15: FutureWarning: sklearn.externals.joblib is deprecated in 0.21 and will be removed in 0.23. Please import this functionality directly from joblib, which can be installed with: pip install joblib. If this warning is raised when loading pickled models, you may need to re-serialize those models with scikit-learn 0.21+.
  warnings.warn(msg, category=FutureWarning)
./test_yeast6/standlization_data/yeast6_std_train_3.csv
./test_yeast6/model_SVM_RBF_concat_mirror/record_1/SVM_RBF_concat_mirror_3.m
./test_yeast6/model_SVM_RBF_concat_mirror/record_1/SVM_RBF_concat_mirror_3.m
running time is 6.754535895


/opt/anaconda/lib/python3.7/site-packages/sklearn/externals/joblib/__init__.py:15: FutureWarning: sklearn.externals.joblib is deprecated in 0.21 and will be removed in 0.23. Please import this functionality directly from joblib, which can be installed with: pip install joblib. If this warning is raised when loading pickled models, you may need to re-serialize those models with scikit-learn 0.21+.
  warnings.warn(msg, category=FutureWarning)
./test_yeast6/standlization_data/yeast6_std_train_4.csv
./test_yeast6/model_SVM_RBF_concat_mirror/record_1/SVM_RBF_concat_mirror_4.m
./test_yeast6/model_SVM_RBF_concat_mirror/record_1/SVM_RBF_concat_mirror_4.m
running time is 7.14693253


/opt/anaconda/lib/python3.7/site-packages/sklearn/externals/joblib/__init__.py:15: FutureWarning: sklearn.externals.joblib is deprecated in 0.21 and will be removed in 0.23. Please import this functionality directly from joblib, which can be installed with: pip install joblib. If this warning is raised when loading pickled models, you may need to re-serialize those models with scikit-learn 0.21+.
  warnings.warn(msg, category=FutureWarning)
./test_yeast6/standlization_data/yeast6_std_train_5.csv
./test_yeast6/model_SVM_RBF_concat_mirror/record_1/SVM_RBF_concat_mirror_5.m
./test_yeast6/model_SVM_RBF_concat_mirror/record_1/SVM_RBF_concat_mirror_5.m
running time is 4.373946591999999


/opt/anaconda/lib/python3.7/site-packages/sklearn/externals/joblib/__init__.py:15: FutureWarning: sklearn.externals.joblib is deprecated in 0.21 and will be removed in 0.23. Please import this functionality directly from joblib, which can be installed with: pip install joblib. If this warning is raised when loading pickled models, you may need to re-serialize those models with scikit-learn 0.21+.
  warnings.warn(msg, category=FutureWarning)
./test_yeast6/standlization_data/yeast6_std_train_1.csv
./test_yeast6/model_SVM_POLY/record_1/
----------------------



./test_yeast6/model_SVM_POLY/record_1/SVM_POLY_1.m
./test_yeast6/model_SVM_POLY/record_1/SVM_POLY_1.m
running time is 0.004406720999999947


/opt/anaconda/lib/python3.7/site-packages/sklearn/externals/joblib/__init__.py:15: FutureWarning: sklearn.externals.joblib is deprecated in 0.21 and will be removed in 0.23. Please import this functionality directly from joblib, which can be installed with: pip install joblib. If this warning is raised when loading pickled models, you may need to re-serialize those models with scikit-learn 0.21+.
  warnings.warn(msg, category=FutureWarning)
./test_yeast6/standlization_data/yeast6_std_train_2.csv
./test_yeast6/model_SVM_POLY/record_1/
----------------------



./test_yeast6/model_SVM_POLY/record_1/SVM_POLY_2.m
./test_yeast6/model_SVM_POLY/record_1/SVM_POLY_2.m
running time is 0.004375402999999944


/opt/anaconda/lib/python3.7/site-packages/sklearn/externals/joblib/__init__.py:15: FutureWarning: sklearn.externals.joblib is deprecated in 0.21 and will be removed in 0.23. Please import this functionality directly from joblib, which can be installed with: pip install joblib. If this warning is raised when loading pickled models, you may need to re-serialize those models with scikit-learn 0.21+.
  warnings.warn(msg, category=FutureWarning)
./test_yeast6/standlization_data/yeast6_std_train_3.csv
./test_yeast6/model_SVM_POLY/record_1/
----------------------



./test_yeast6/model_SVM_POLY/record_1/SVM_POLY_3.m
./test_yeast6/model_SVM_POLY/record_1/SVM_POLY_3.m
running time is 0.004067720999999969


/opt/anaconda/lib/python3.7/site-packages/sklearn/externals/joblib/__init__.py:15: FutureWarning: sklearn.externals.joblib is deprecated in 0.21 and will be removed in 0.23. Please import this functionality directly from joblib, which can be installed with: pip install joblib. If this warning is raised when loading pickled models, you may need to re-serialize those models with scikit-learn 0.21+.
  warnings.warn(msg, category=FutureWarning)
./test_yeast6/standlization_data/yeast6_std_train_4.csv
./test_yeast6/model_SVM_POLY/record_1/
----------------------



./test_yeast6/model_SVM_POLY/record_1/SVM_POLY_4.m
./test_yeast6/model_SVM_POLY/record_1/SVM_POLY_4.m
running time is 0.004469981000000067


/opt/anaconda/lib/python3.7/site-packages/sklearn/externals/joblib/__init__.py:15: FutureWarning: sklearn.externals.joblib is deprecated in 0.21 and will be removed in 0.23. Please import this functionality directly from joblib, which can be installed with: pip install joblib. If this warning is raised when loading pickled models, you may need to re-serialize those models with scikit-learn 0.21+.
  warnings.warn(msg, category=FutureWarning)
./test_yeast6/standlization_data/yeast6_std_train_5.csv
./test_yeast6/model_SVM_POLY/record_1/
----------------------



./test_yeast6/model_SVM_POLY/record_1/SVM_POLY_5.m
./test_yeast6/model_SVM_POLY/record_1/SVM_POLY_5.m
running time is 0.004457134000000029


/opt/anaconda/lib/python3.7/site-packages/sklearn/externals/joblib/__init__.py:15: FutureWarning: sklearn.externals.joblib is deprecated in 0.21 and will be removed in 0.23. Please import this functionality directly from joblib, which can be installed with: pip install joblib. If this warning is raised when loading pickled models, you may need to re-serialize those models with scikit-learn 0.21+.
  warnings.warn(msg, category=FutureWarning)
./test_yeast6/standlization_data/yeast6_std_train_1.csv
./test_yeast6/model_SVM_POLY_minus_not_mirror/record_1/SVM_POLY_minus_not_mirror_1.m
./test_yeast6/model_SVM_POLY_minus_not_mirror/record_1/SVM_POLY_minus_not_mirror_1.m
running time is 6.538008907


/opt/anaconda/lib/python3.7/site-packages/sklearn/externals/joblib/__init__.py:15: FutureWarning: sklearn.externals.joblib is deprecated in 0.21 and will be removed in 0.23. Please import this functionality directly from joblib, which can be installed with: pip install joblib. If this warning is raised when loading pickled models, you may need to re-serialize those models with scikit-learn 0.21+.
  warnings.warn(msg, category=FutureWarning)
./test_yeast6/standlization_data/yeast6_std_train_2.csv
./test_yeast6/model_SVM_POLY_minus_not_mirror/record_1/SVM_POLY_minus_not_mirror_2.m
./test_yeast6/model_SVM_POLY_minus_not_mirror/record_1/SVM_POLY_minus_not_mirror_2.m
running time is 5.46562471


/opt/anaconda/lib/python3.7/site-packages/sklearn/externals/joblib/__init__.py:15: FutureWarning: sklearn.externals.joblib is deprecated in 0.21 and will be removed in 0.23. Please import this functionality directly from joblib, which can be installed with: pip install joblib. If this warning is raised when loading pickled models, you may need to re-serialize those models with scikit-learn 0.21+.
  warnings.warn(msg, category=FutureWarning)
./test_yeast6/standlization_data/yeast6_std_train_3.csv
./test_yeast6/model_SVM_POLY_minus_not_mirror/record_1/SVM_POLY_minus_not_mirror_3.m
./test_yeast6/model_SVM_POLY_minus_not_mirror/record_1/SVM_POLY_minus_not_mirror_3.m
running time is 5.080237670000001


/opt/anaconda/lib/python3.7/site-packages/sklearn/externals/joblib/__init__.py:15: FutureWarning: sklearn.externals.joblib is deprecated in 0.21 and will be removed in 0.23. Please import this functionality directly from joblib, which can be installed with: pip install joblib. If this warning is raised when loading pickled models, you may need to re-serialize those models with scikit-learn 0.21+.
  warnings.warn(msg, category=FutureWarning)
./test_yeast6/standlization_data/yeast6_std_train_4.csv
./test_yeast6/model_SVM_POLY_minus_not_mirror/record_1/SVM_POLY_minus_not_mirror_4.m
./test_yeast6/model_SVM_POLY_minus_not_mirror/record_1/SVM_POLY_minus_not_mirror_4.m
running time is 6.3392930320000005


/opt/anaconda/lib/python3.7/site-packages/sklearn/externals/joblib/__init__.py:15: FutureWarning: sklearn.externals.joblib is deprecated in 0.21 and will be removed in 0.23. Please import this functionality directly from joblib, which can be installed with: pip install joblib. If this warning is raised when loading pickled models, you may need to re-serialize those models with scikit-learn 0.21+.
  warnings.warn(msg, category=FutureWarning)
./test_yeast6/standlization_data/yeast6_std_train_5.csv
./test_yeast6/model_SVM_POLY_minus_not_mirror/record_1/SVM_POLY_minus_not_mirror_5.m
./test_yeast6/model_SVM_POLY_minus_not_mirror/record_1/SVM_POLY_minus_not_mirror_5.m
running time is 4.068886365


/opt/anaconda/lib/python3.7/site-packages/sklearn/externals/joblib/__init__.py:15: FutureWarning: sklearn.externals.joblib is deprecated in 0.21 and will be removed in 0.23. Please import this functionality directly from joblib, which can be installed with: pip install joblib. If this warning is raised when loading pickled models, you may need to re-serialize those models with scikit-learn 0.21+.
  warnings.warn(msg, category=FutureWarning)
./test_yeast6/standlization_data/yeast6_std_train_1.csv
./test_yeast6/model_SVM_POLY_minus_mirror/record_1/SVM_POLY_minus_mirror_1.m
./test_yeast6/model_SVM_POLY_minus_mirror/record_1/SVM_POLY_minus_mirror_1.m
running time is 21.636079141000003


/opt/anaconda/lib/python3.7/site-packages/sklearn/externals/joblib/__init__.py:15: FutureWarning: sklearn.externals.joblib is deprecated in 0.21 and will be removed in 0.23. Please import this functionality directly from joblib, which can be installed with: pip install joblib. If this warning is raised when loading pickled models, you may need to re-serialize those models with scikit-learn 0.21+.
  warnings.warn(msg, category=FutureWarning)
./test_yeast6/standlization_data/yeast6_std_train_2.csv
./test_yeast6/model_SVM_POLY_minus_mirror/record_1/SVM_POLY_minus_mirror_2.m
./test_yeast6/model_SVM_POLY_minus_mirror/record_1/SVM_POLY_minus_mirror_2.m
running time is 21.059629092999998


/opt/anaconda/lib/python3.7/site-packages/sklearn/externals/joblib/__init__.py:15: FutureWarning: sklearn.externals.joblib is deprecated in 0.21 and will be removed in 0.23. Please import this functionality directly from joblib, which can be installed with: pip install joblib. If this warning is raised when loading pickled models, you may need to re-serialize those models with scikit-learn 0.21+.
  warnings.warn(msg, category=FutureWarning)
./test_yeast6/standlization_data/yeast6_std_train_3.csv
./test_yeast6/model_SVM_POLY_minus_mirror/record_1/SVM_POLY_minus_mirror_3.m
./test_yeast6/model_SVM_POLY_minus_mirror/record_1/SVM_POLY_minus_mirror_3.m
running time is 17.177851388


/opt/anaconda/lib/python3.7/site-packages/sklearn/externals/joblib/__init__.py:15: FutureWarning: sklearn.externals.joblib is deprecated in 0.21 and will be removed in 0.23. Please import this functionality directly from joblib, which can be installed with: pip install joblib. If this warning is raised when loading pickled models, you may need to re-serialize those models with scikit-learn 0.21+.
  warnings.warn(msg, category=FutureWarning)
./test_yeast6/standlization_data/yeast6_std_train_4.csv
./test_yeast6/model_SVM_POLY_minus_mirror/record_1/SVM_POLY_minus_mirror_4.m
./test_yeast6/model_SVM_POLY_minus_mirror/record_1/SVM_POLY_minus_mirror_4.m
running time is 18.841023316


/opt/anaconda/lib/python3.7/site-packages/sklearn/externals/joblib/__init__.py:15: FutureWarning: sklearn.externals.joblib is deprecated in 0.21 and will be removed in 0.23. Please import this functionality directly from joblib, which can be installed with: pip install joblib. If this warning is raised when loading pickled models, you may need to re-serialize those models with scikit-learn 0.21+.
  warnings.warn(msg, category=FutureWarning)
./test_yeast6/standlization_data/yeast6_std_train_5.csv
./test_yeast6/model_SVM_POLY_minus_mirror/record_1/SVM_POLY_minus_mirror_5.m
./test_yeast6/model_SVM_POLY_minus_mirror/record_1/SVM_POLY_minus_mirror_5.m
running time is 13.267179086


/opt/anaconda/lib/python3.7/site-packages/sklearn/externals/joblib/__init__.py:15: FutureWarning: sklearn.externals.joblib is deprecated in 0.21 and will be removed in 0.23. Please import this functionality directly from joblib, which can be installed with: pip install joblib. If this warning is raised when loading pickled models, you may need to re-serialize those models with scikit-learn 0.21+.
  warnings.warn(msg, category=FutureWarning)
./test_yeast6/standlization_data/yeast6_std_train_1.csv
./test_yeast6/model_SVM_POLY_concat_not_mirror/record_1/SVM_POLY_concat_not_mirror_1.m
./test_yeast6/model_SVM_POLY_concat_not_mirror/record_1/SVM_POLY_concat_not_mirror_1.m
running time is 7.686808859999999


/opt/anaconda/lib/python3.7/site-packages/sklearn/externals/joblib/__init__.py:15: FutureWarning: sklearn.externals.joblib is deprecated in 0.21 and will be removed in 0.23. Please import this functionality directly from joblib, which can be installed with: pip install joblib. If this warning is raised when loading pickled models, you may need to re-serialize those models with scikit-learn 0.21+.
  warnings.warn(msg, category=FutureWarning)
./test_yeast6/standlization_data/yeast6_std_train_2.csv
./test_yeast6/model_SVM_POLY_concat_not_mirror/record_1/SVM_POLY_concat_not_mirror_2.m
./test_yeast6/model_SVM_POLY_concat_not_mirror/record_1/SVM_POLY_concat_not_mirror_2.m
running time is 5.376421478


/opt/anaconda/lib/python3.7/site-packages/sklearn/externals/joblib/__init__.py:15: FutureWarning: sklearn.externals.joblib is deprecated in 0.21 and will be removed in 0.23. Please import this functionality directly from joblib, which can be installed with: pip install joblib. If this warning is raised when loading pickled models, you may need to re-serialize those models with scikit-learn 0.21+.
  warnings.warn(msg, category=FutureWarning)
./test_yeast6/standlization_data/yeast6_std_train_3.csv
./test_yeast6/model_SVM_POLY_concat_not_mirror/record_1/SVM_POLY_concat_not_mirror_3.m
./test_yeast6/model_SVM_POLY_concat_not_mirror/record_1/SVM_POLY_concat_not_mirror_3.m
running time is 5.92508668


/opt/anaconda/lib/python3.7/site-packages/sklearn/externals/joblib/__init__.py:15: FutureWarning: sklearn.externals.joblib is deprecated in 0.21 and will be removed in 0.23. Please import this functionality directly from joblib, which can be installed with: pip install joblib. If this warning is raised when loading pickled models, you may need to re-serialize those models with scikit-learn 0.21+.
  warnings.warn(msg, category=FutureWarning)
./test_yeast6/standlization_data/yeast6_std_train_4.csv
./test_yeast6/model_SVM_POLY_concat_not_mirror/record_1/SVM_POLY_concat_not_mirror_4.m
./test_yeast6/model_SVM_POLY_concat_not_mirror/record_1/SVM_POLY_concat_not_mirror_4.m
running time is 5.5990204


/opt/anaconda/lib/python3.7/site-packages/sklearn/externals/joblib/__init__.py:15: FutureWarning: sklearn.externals.joblib is deprecated in 0.21 and will be removed in 0.23. Please import this functionality directly from joblib, which can be installed with: pip install joblib. If this warning is raised when loading pickled models, you may need to re-serialize those models with scikit-learn 0.21+.
  warnings.warn(msg, category=FutureWarning)
./test_yeast6/standlization_data/yeast6_std_train_5.csv
./test_yeast6/model_SVM_POLY_concat_not_mirror/record_1/SVM_POLY_concat_not_mirror_5.m
./test_yeast6/model_SVM_POLY_concat_not_mirror/record_1/SVM_POLY_concat_not_mirror_5.m
running time is 4.253780143


/opt/anaconda/lib/python3.7/site-packages/sklearn/externals/joblib/__init__.py:15: FutureWarning: sklearn.externals.joblib is deprecated in 0.21 and will be removed in 0.23. Please import this functionality directly from joblib, which can be installed with: pip install joblib. If this warning is raised when loading pickled models, you may need to re-serialize those models with scikit-learn 0.21+.
  warnings.warn(msg, category=FutureWarning)
./test_yeast6/standlization_data/yeast6_std_train_1.csv
./test_yeast6/model_SVM_POLY_concat_mirror/record_1/SVM_POLY_concat_mirror_1.m
./test_yeast6/model_SVM_POLY_concat_mirror/record_1/SVM_POLY_concat_mirror_1.m
running time is 6.439322999


/opt/anaconda/lib/python3.7/site-packages/sklearn/externals/joblib/__init__.py:15: FutureWarning: sklearn.externals.joblib is deprecated in 0.21 and will be removed in 0.23. Please import this functionality directly from joblib, which can be installed with: pip install joblib. If this warning is raised when loading pickled models, you may need to re-serialize those models with scikit-learn 0.21+.
  warnings.warn(msg, category=FutureWarning)
./test_yeast6/standlization_data/yeast6_std_train_2.csv
./test_yeast6/model_SVM_POLY_concat_mirror/record_1/SVM_POLY_concat_mirror_2.m
./test_yeast6/model_SVM_POLY_concat_mirror/record_1/SVM_POLY_concat_mirror_2.m
running time is 6.135092297


/opt/anaconda/lib/python3.7/site-packages/sklearn/externals/joblib/__init__.py:15: FutureWarning: sklearn.externals.joblib is deprecated in 0.21 and will be removed in 0.23. Please import this functionality directly from joblib, which can be installed with: pip install joblib. If this warning is raised when loading pickled models, you may need to re-serialize those models with scikit-learn 0.21+.
  warnings.warn(msg, category=FutureWarning)
./test_yeast6/standlization_data/yeast6_std_train_3.csv
./test_yeast6/model_SVM_POLY_concat_mirror/record_1/SVM_POLY_concat_mirror_3.m
./test_yeast6/model_SVM_POLY_concat_mirror/record_1/SVM_POLY_concat_mirror_3.m
running time is 5.283368788000001


/opt/anaconda/lib/python3.7/site-packages/sklearn/externals/joblib/__init__.py:15: FutureWarning: sklearn.externals.joblib is deprecated in 0.21 and will be removed in 0.23. Please import this functionality directly from joblib, which can be installed with: pip install joblib. If this warning is raised when loading pickled models, you may need to re-serialize those models with scikit-learn 0.21+.
  warnings.warn(msg, category=FutureWarning)
./test_yeast6/standlization_data/yeast6_std_train_4.csv
./test_yeast6/model_SVM_POLY_concat_mirror/record_1/SVM_POLY_concat_mirror_4.m
./test_yeast6/model_SVM_POLY_concat_mirror/record_1/SVM_POLY_concat_mirror_4.m
running time is 5.6108304140000005


/opt/anaconda/lib/python3.7/site-packages/sklearn/externals/joblib/__init__.py:15: FutureWarning: sklearn.externals.joblib is deprecated in 0.21 and will be removed in 0.23. Please import this functionality directly from joblib, which can be installed with: pip install joblib. If this warning is raised when loading pickled models, you may need to re-serialize those models with scikit-learn 0.21+.
  warnings.warn(msg, category=FutureWarning)
./test_yeast6/standlization_data/yeast6_std_train_5.csv
./test_yeast6/model_SVM_POLY_concat_mirror/record_1/SVM_POLY_concat_mirror_5.m
./test_yeast6/model_SVM_POLY_concat_mirror/record_1/SVM_POLY_concat_mirror_5.m
running time is 4.532272687


/opt/anaconda/lib/python3.7/site-packages/sklearn/externals/joblib/__init__.py:15: FutureWarning: sklearn.externals.joblib is deprecated in 0.21 and will be removed in 0.23. Please import this functionality directly from joblib, which can be installed with: pip install joblib. If this warning is raised when loading pickled models, you may need to re-serialize those models with scikit-learn 0.21+.
  warnings.warn(msg, category=FutureWarning)
./test_ecoli1/standlization_data/ecoli1_std_train_1.csv
./test_ecoli1/model_SVM_RBF/record_1/
----------------------



./test_ecoli1/model_SVM_RBF/record_1/SVM_RBF_1.m
./test_ecoli1/model_SVM_RBF/record_1/SVM_RBF_1.m
running time is 0.00214476600000002


/opt/anaconda/lib/python3.7/site-packages/sklearn/externals/joblib/__init__.py:15: FutureWarning: sklearn.externals.joblib is deprecated in 0.21 and will be removed in 0.23. Please import this functionality directly from joblib, which can be installed with: pip install joblib. If this warning is raised when loading pickled models, you may need to re-serialize those models with scikit-learn 0.21+.
  warnings.warn(msg, category=FutureWarning)
./test_ecoli1/standlization_data/ecoli1_std_train_2.csv
./test_ecoli1/model_SVM_RBF/record_1/
----------------------



./test_ecoli1/model_SVM_RBF/record_1/SVM_RBF_2.m
./test_ecoli1/model_SVM_RBF/record_1/SVM_RBF_2.m
running time is 0.002294899000000017


/opt/anaconda/lib/python3.7/site-packages/sklearn/externals/joblib/__init__.py:15: FutureWarning: sklearn.externals.joblib is deprecated in 0.21 and will be removed in 0.23. Please import this functionality directly from joblib, which can be installed with: pip install joblib. If this warning is raised when loading pickled models, you may need to re-serialize those models with scikit-learn 0.21+.
  warnings.warn(msg, category=FutureWarning)
./test_ecoli1/standlization_data/ecoli1_std_train_3.csv
./test_ecoli1/model_SVM_RBF/record_1/
----------------------



./test_ecoli1/model_SVM_RBF/record_1/SVM_RBF_3.m
./test_ecoli1/model_SVM_RBF/record_1/SVM_RBF_3.m
running time is 0.0021297569999999544


/opt/anaconda/lib/python3.7/site-packages/sklearn/externals/joblib/__init__.py:15: FutureWarning: sklearn.externals.joblib is deprecated in 0.21 and will be removed in 0.23. Please import this functionality directly from joblib, which can be installed with: pip install joblib. If this warning is raised when loading pickled models, you may need to re-serialize those models with scikit-learn 0.21+.
  warnings.warn(msg, category=FutureWarning)
./test_ecoli1/standlization_data/ecoli1_std_train_4.csv
./test_ecoli1/model_SVM_RBF/record_1/
----------------------



./test_ecoli1/model_SVM_RBF/record_1/SVM_RBF_4.m
./test_ecoli1/model_SVM_RBF/record_1/SVM_RBF_4.m
running time is 0.002344708999999945


/opt/anaconda/lib/python3.7/site-packages/sklearn/externals/joblib/__init__.py:15: FutureWarning: sklearn.externals.joblib is deprecated in 0.21 and will be removed in 0.23. Please import this functionality directly from joblib, which can be installed with: pip install joblib. If this warning is raised when loading pickled models, you may need to re-serialize those models with scikit-learn 0.21+.
  warnings.warn(msg, category=FutureWarning)
./test_ecoli1/standlization_data/ecoli1_std_train_5.csv
./test_ecoli1/model_SVM_RBF/record_1/
----------------------



./test_ecoli1/model_SVM_RBF/record_1/SVM_RBF_5.m
./test_ecoli1/model_SVM_RBF/record_1/SVM_RBF_5.m
running time is 0.0019504059999999601


/opt/anaconda/lib/python3.7/site-packages/sklearn/externals/joblib/__init__.py:15: FutureWarning: sklearn.externals.joblib is deprecated in 0.21 and will be removed in 0.23. Please import this functionality directly from joblib, which can be installed with: pip install joblib. If this warning is raised when loading pickled models, you may need to re-serialize those models with scikit-learn 0.21+.
  warnings.warn(msg, category=FutureWarning)
./test_ecoli1/standlization_data/ecoli1_std_train_1.csv
./test_ecoli1/model_SVM_RBF_minus_not_mirror/record_1/SVM_RBF_minus_not_mirror_1.m
./test_ecoli1/model_SVM_RBF_minus_not_mirror/record_1/SVM_RBF_minus_not_mirror_1.m
running time is 2.364666684


/opt/anaconda/lib/python3.7/site-packages/sklearn/externals/joblib/__init__.py:15: FutureWarning: sklearn.externals.joblib is deprecated in 0.21 and will be removed in 0.23. Please import this functionality directly from joblib, which can be installed with: pip install joblib. If this warning is raised when loading pickled models, you may need to re-serialize those models with scikit-learn 0.21+.
  warnings.warn(msg, category=FutureWarning)
./test_ecoli1/standlization_data/ecoli1_std_train_2.csv
./test_ecoli1/model_SVM_RBF_minus_not_mirror/record_1/SVM_RBF_minus_not_mirror_2.m
./test_ecoli1/model_SVM_RBF_minus_not_mirror/record_1/SVM_RBF_minus_not_mirror_2.m
running time is 3.146187961


/opt/anaconda/lib/python3.7/site-packages/sklearn/externals/joblib/__init__.py:15: FutureWarning: sklearn.externals.joblib is deprecated in 0.21 and will be removed in 0.23. Please import this functionality directly from joblib, which can be installed with: pip install joblib. If this warning is raised when loading pickled models, you may need to re-serialize those models with scikit-learn 0.21+.
  warnings.warn(msg, category=FutureWarning)
./test_ecoli1/standlization_data/ecoli1_std_train_3.csv
./test_ecoli1/model_SVM_RBF_minus_not_mirror/record_1/SVM_RBF_minus_not_mirror_3.m
./test_ecoli1/model_SVM_RBF_minus_not_mirror/record_1/SVM_RBF_minus_not_mirror_3.m
running time is 1.9079244490000002


/opt/anaconda/lib/python3.7/site-packages/sklearn/externals/joblib/__init__.py:15: FutureWarning: sklearn.externals.joblib is deprecated in 0.21 and will be removed in 0.23. Please import this functionality directly from joblib, which can be installed with: pip install joblib. If this warning is raised when loading pickled models, you may need to re-serialize those models with scikit-learn 0.21+.
  warnings.warn(msg, category=FutureWarning)
./test_ecoli1/standlization_data/ecoli1_std_train_4.csv
./test_ecoli1/model_SVM_RBF_minus_not_mirror/record_1/SVM_RBF_minus_not_mirror_4.m
./test_ecoli1/model_SVM_RBF_minus_not_mirror/record_1/SVM_RBF_minus_not_mirror_4.m
running time is 2.5591855580000002


/opt/anaconda/lib/python3.7/site-packages/sklearn/externals/joblib/__init__.py:15: FutureWarning: sklearn.externals.joblib is deprecated in 0.21 and will be removed in 0.23. Please import this functionality directly from joblib, which can be installed with: pip install joblib. If this warning is raised when loading pickled models, you may need to re-serialize those models with scikit-learn 0.21+.
  warnings.warn(msg, category=FutureWarning)
./test_ecoli1/standlization_data/ecoli1_std_train_5.csv
./test_ecoli1/model_SVM_RBF_minus_not_mirror/record_1/SVM_RBF_minus_not_mirror_5.m
./test_ecoli1/model_SVM_RBF_minus_not_mirror/record_1/SVM_RBF_minus_not_mirror_5.m
running time is 2.36593067


/opt/anaconda/lib/python3.7/site-packages/sklearn/externals/joblib/__init__.py:15: FutureWarning: sklearn.externals.joblib is deprecated in 0.21 and will be removed in 0.23. Please import this functionality directly from joblib, which can be installed with: pip install joblib. If this warning is raised when loading pickled models, you may need to re-serialize those models with scikit-learn 0.21+.
  warnings.warn(msg, category=FutureWarning)
./test_ecoli1/standlization_data/ecoli1_std_train_1.csv
./test_ecoli1/model_SVM_RBF_minus_mirror/record_1/SVM_RBF_minus_mirror_1.m
./test_ecoli1/model_SVM_RBF_minus_mirror/record_1/SVM_RBF_minus_mirror_1.m
running time is 9.023802200999999


/opt/anaconda/lib/python3.7/site-packages/sklearn/externals/joblib/__init__.py:15: FutureWarning: sklearn.externals.joblib is deprecated in 0.21 and will be removed in 0.23. Please import this functionality directly from joblib, which can be installed with: pip install joblib. If this warning is raised when loading pickled models, you may need to re-serialize those models with scikit-learn 0.21+.
  warnings.warn(msg, category=FutureWarning)
./test_ecoli1/standlization_data/ecoli1_std_train_2.csv
./test_ecoli1/model_SVM_RBF_minus_mirror/record_1/SVM_RBF_minus_mirror_2.m
./test_ecoli1/model_SVM_RBF_minus_mirror/record_1/SVM_RBF_minus_mirror_2.m
running time is 10.947450561


/opt/anaconda/lib/python3.7/site-packages/sklearn/externals/joblib/__init__.py:15: FutureWarning: sklearn.externals.joblib is deprecated in 0.21 and will be removed in 0.23. Please import this functionality directly from joblib, which can be installed with: pip install joblib. If this warning is raised when loading pickled models, you may need to re-serialize those models with scikit-learn 0.21+.
  warnings.warn(msg, category=FutureWarning)
./test_ecoli1/standlization_data/ecoli1_std_train_3.csv
./test_ecoli1/model_SVM_RBF_minus_mirror/record_1/SVM_RBF_minus_mirror_3.m
./test_ecoli1/model_SVM_RBF_minus_mirror/record_1/SVM_RBF_minus_mirror_3.m
running time is 8.440141479


/opt/anaconda/lib/python3.7/site-packages/sklearn/externals/joblib/__init__.py:15: FutureWarning: sklearn.externals.joblib is deprecated in 0.21 and will be removed in 0.23. Please import this functionality directly from joblib, which can be installed with: pip install joblib. If this warning is raised when loading pickled models, you may need to re-serialize those models with scikit-learn 0.21+.
  warnings.warn(msg, category=FutureWarning)
./test_ecoli1/standlization_data/ecoli1_std_train_4.csv
./test_ecoli1/model_SVM_RBF_minus_mirror/record_1/SVM_RBF_minus_mirror_4.m
./test_ecoli1/model_SVM_RBF_minus_mirror/record_1/SVM_RBF_minus_mirror_4.m
running time is 9.301578698


/opt/anaconda/lib/python3.7/site-packages/sklearn/externals/joblib/__init__.py:15: FutureWarning: sklearn.externals.joblib is deprecated in 0.21 and will be removed in 0.23. Please import this functionality directly from joblib, which can be installed with: pip install joblib. If this warning is raised when loading pickled models, you may need to re-serialize those models with scikit-learn 0.21+.
  warnings.warn(msg, category=FutureWarning)
./test_ecoli1/standlization_data/ecoli1_std_train_5.csv
./test_ecoli1/model_SVM_RBF_minus_mirror/record_1/SVM_RBF_minus_mirror_5.m
./test_ecoli1/model_SVM_RBF_minus_mirror/record_1/SVM_RBF_minus_mirror_5.m
running time is 8.752969085


/opt/anaconda/lib/python3.7/site-packages/sklearn/externals/joblib/__init__.py:15: FutureWarning: sklearn.externals.joblib is deprecated in 0.21 and will be removed in 0.23. Please import this functionality directly from joblib, which can be installed with: pip install joblib. If this warning is raised when loading pickled models, you may need to re-serialize those models with scikit-learn 0.21+.
  warnings.warn(msg, category=FutureWarning)
./test_ecoli1/standlization_data/ecoli1_std_train_1.csv
./test_ecoli1/model_SVM_RBF_concat_not_mirror/record_1/SVM_RBF_concat_not_mirror_1.m
./test_ecoli1/model_SVM_RBF_concat_not_mirror/record_1/SVM_RBF_concat_not_mirror_1.m
running time is 2.3183036820000003


/opt/anaconda/lib/python3.7/site-packages/sklearn/externals/joblib/__init__.py:15: FutureWarning: sklearn.externals.joblib is deprecated in 0.21 and will be removed in 0.23. Please import this functionality directly from joblib, which can be installed with: pip install joblib. If this warning is raised when loading pickled models, you may need to re-serialize those models with scikit-learn 0.21+.
  warnings.warn(msg, category=FutureWarning)
./test_ecoli1/standlization_data/ecoli1_std_train_2.csv
./test_ecoli1/model_SVM_RBF_concat_not_mirror/record_1/SVM_RBF_concat_not_mirror_2.m
./test_ecoli1/model_SVM_RBF_concat_not_mirror/record_1/SVM_RBF_concat_not_mirror_2.m
running time is 2.6277201629999998


/opt/anaconda/lib/python3.7/site-packages/sklearn/externals/joblib/__init__.py:15: FutureWarning: sklearn.externals.joblib is deprecated in 0.21 and will be removed in 0.23. Please import this functionality directly from joblib, which can be installed with: pip install joblib. If this warning is raised when loading pickled models, you may need to re-serialize those models with scikit-learn 0.21+.
  warnings.warn(msg, category=FutureWarning)
./test_ecoli1/standlization_data/ecoli1_std_train_3.csv
./test_ecoli1/model_SVM_RBF_concat_not_mirror/record_1/SVM_RBF_concat_not_mirror_3.m
./test_ecoli1/model_SVM_RBF_concat_not_mirror/record_1/SVM_RBF_concat_not_mirror_3.m
running time is 2.012066193


/opt/anaconda/lib/python3.7/site-packages/sklearn/externals/joblib/__init__.py:15: FutureWarning: sklearn.externals.joblib is deprecated in 0.21 and will be removed in 0.23. Please import this functionality directly from joblib, which can be installed with: pip install joblib. If this warning is raised when loading pickled models, you may need to re-serialize those models with scikit-learn 0.21+.
  warnings.warn(msg, category=FutureWarning)
./test_ecoli1/standlization_data/ecoli1_std_train_4.csv
./test_ecoli1/model_SVM_RBF_concat_not_mirror/record_1/SVM_RBF_concat_not_mirror_4.m
./test_ecoli1/model_SVM_RBF_concat_not_mirror/record_1/SVM_RBF_concat_not_mirror_4.m
running time is 2.5012707279999997


/opt/anaconda/lib/python3.7/site-packages/sklearn/externals/joblib/__init__.py:15: FutureWarning: sklearn.externals.joblib is deprecated in 0.21 and will be removed in 0.23. Please import this functionality directly from joblib, which can be installed with: pip install joblib. If this warning is raised when loading pickled models, you may need to re-serialize those models with scikit-learn 0.21+.
  warnings.warn(msg, category=FutureWarning)
./test_ecoli1/standlization_data/ecoli1_std_train_5.csv
./test_ecoli1/model_SVM_RBF_concat_not_mirror/record_1/SVM_RBF_concat_not_mirror_5.m
./test_ecoli1/model_SVM_RBF_concat_not_mirror/record_1/SVM_RBF_concat_not_mirror_5.m
running time is 2.332322534


/opt/anaconda/lib/python3.7/site-packages/sklearn/externals/joblib/__init__.py:15: FutureWarning: sklearn.externals.joblib is deprecated in 0.21 and will be removed in 0.23. Please import this functionality directly from joblib, which can be installed with: pip install joblib. If this warning is raised when loading pickled models, you may need to re-serialize those models with scikit-learn 0.21+.
  warnings.warn(msg, category=FutureWarning)
./test_ecoli1/standlization_data/ecoli1_std_train_1.csv
./test_ecoli1/model_SVM_RBF_concat_mirror/record_1/SVM_RBF_concat_mirror_1.m
./test_ecoli1/model_SVM_RBF_concat_mirror/record_1/SVM_RBF_concat_mirror_1.m
running time is 2.264634001


/opt/anaconda/lib/python3.7/site-packages/sklearn/externals/joblib/__init__.py:15: FutureWarning: sklearn.externals.joblib is deprecated in 0.21 and will be removed in 0.23. Please import this functionality directly from joblib, which can be installed with: pip install joblib. If this warning is raised when loading pickled models, you may need to re-serialize those models with scikit-learn 0.21+.
  warnings.warn(msg, category=FutureWarning)
./test_ecoli1/standlization_data/ecoli1_std_train_2.csv
./test_ecoli1/model_SVM_RBF_concat_mirror/record_1/SVM_RBF_concat_mirror_2.m
./test_ecoli1/model_SVM_RBF_concat_mirror/record_1/SVM_RBF_concat_mirror_2.m
running time is 2.620327711


/opt/anaconda/lib/python3.7/site-packages/sklearn/externals/joblib/__init__.py:15: FutureWarning: sklearn.externals.joblib is deprecated in 0.21 and will be removed in 0.23. Please import this functionality directly from joblib, which can be installed with: pip install joblib. If this warning is raised when loading pickled models, you may need to re-serialize those models with scikit-learn 0.21+.
  warnings.warn(msg, category=FutureWarning)
./test_ecoli1/standlization_data/ecoli1_std_train_3.csv
./test_ecoli1/model_SVM_RBF_concat_mirror/record_1/SVM_RBF_concat_mirror_3.m
./test_ecoli1/model_SVM_RBF_concat_mirror/record_1/SVM_RBF_concat_mirror_3.m
running time is 1.9507877759999999


/opt/anaconda/lib/python3.7/site-packages/sklearn/externals/joblib/__init__.py:15: FutureWarning: sklearn.externals.joblib is deprecated in 0.21 and will be removed in 0.23. Please import this functionality directly from joblib, which can be installed with: pip install joblib. If this warning is raised when loading pickled models, you may need to re-serialize those models with scikit-learn 0.21+.
  warnings.warn(msg, category=FutureWarning)
./test_ecoli1/standlization_data/ecoli1_std_train_4.csv
./test_ecoli1/model_SVM_RBF_concat_mirror/record_1/SVM_RBF_concat_mirror_4.m
./test_ecoli1/model_SVM_RBF_concat_mirror/record_1/SVM_RBF_concat_mirror_4.m
running time is 2.534630877


/opt/anaconda/lib/python3.7/site-packages/sklearn/externals/joblib/__init__.py:15: FutureWarning: sklearn.externals.joblib is deprecated in 0.21 and will be removed in 0.23. Please import this functionality directly from joblib, which can be installed with: pip install joblib. If this warning is raised when loading pickled models, you may need to re-serialize those models with scikit-learn 0.21+.
  warnings.warn(msg, category=FutureWarning)
./test_ecoli1/standlization_data/ecoli1_std_train_5.csv
./test_ecoli1/model_SVM_RBF_concat_mirror/record_1/SVM_RBF_concat_mirror_5.m
./test_ecoli1/model_SVM_RBF_concat_mirror/record_1/SVM_RBF_concat_mirror_5.m
running time is 2.28315886


/opt/anaconda/lib/python3.7/site-packages/sklearn/externals/joblib/__init__.py:15: FutureWarning: sklearn.externals.joblib is deprecated in 0.21 and will be removed in 0.23. Please import this functionality directly from joblib, which can be installed with: pip install joblib. If this warning is raised when loading pickled models, you may need to re-serialize those models with scikit-learn 0.21+.
  warnings.warn(msg, category=FutureWarning)
./test_ecoli1/standlization_data/ecoli1_std_train_1.csv
./test_ecoli1/model_SVM_POLY/record_1/
----------------------



./test_ecoli1/model_SVM_POLY/record_1/SVM_POLY_1.m
./test_ecoli1/model_SVM_POLY/record_1/SVM_POLY_1.m
running time is 0.001451851000000004


/opt/anaconda/lib/python3.7/site-packages/sklearn/externals/joblib/__init__.py:15: FutureWarning: sklearn.externals.joblib is deprecated in 0.21 and will be removed in 0.23. Please import this functionality directly from joblib, which can be installed with: pip install joblib. If this warning is raised when loading pickled models, you may need to re-serialize those models with scikit-learn 0.21+.
  warnings.warn(msg, category=FutureWarning)
./test_ecoli1/standlization_data/ecoli1_std_train_2.csv
./test_ecoli1/model_SVM_POLY/record_1/
----------------------



./test_ecoli1/model_SVM_POLY/record_1/SVM_POLY_2.m
./test_ecoli1/model_SVM_POLY/record_1/SVM_POLY_2.m
running time is 0.0018943679999999796


/opt/anaconda/lib/python3.7/site-packages/sklearn/externals/joblib/__init__.py:15: FutureWarning: sklearn.externals.joblib is deprecated in 0.21 and will be removed in 0.23. Please import this functionality directly from joblib, which can be installed with: pip install joblib. If this warning is raised when loading pickled models, you may need to re-serialize those models with scikit-learn 0.21+.
  warnings.warn(msg, category=FutureWarning)
./test_ecoli1/standlization_data/ecoli1_std_train_3.csv
./test_ecoli1/model_SVM_POLY/record_1/
----------------------



./test_ecoli1/model_SVM_POLY/record_1/SVM_POLY_3.m
./test_ecoli1/model_SVM_POLY/record_1/SVM_POLY_3.m
running time is 0.0014975459999999607


/opt/anaconda/lib/python3.7/site-packages/sklearn/externals/joblib/__init__.py:15: FutureWarning: sklearn.externals.joblib is deprecated in 0.21 and will be removed in 0.23. Please import this functionality directly from joblib, which can be installed with: pip install joblib. If this warning is raised when loading pickled models, you may need to re-serialize those models with scikit-learn 0.21+.
  warnings.warn(msg, category=FutureWarning)
./test_ecoli1/standlization_data/ecoli1_std_train_4.csv
./test_ecoli1/model_SVM_POLY/record_1/
----------------------



./test_ecoli1/model_SVM_POLY/record_1/SVM_POLY_4.m
./test_ecoli1/model_SVM_POLY/record_1/SVM_POLY_4.m
running time is 0.0016508210000000245


/opt/anaconda/lib/python3.7/site-packages/sklearn/externals/joblib/__init__.py:15: FutureWarning: sklearn.externals.joblib is deprecated in 0.21 and will be removed in 0.23. Please import this functionality directly from joblib, which can be installed with: pip install joblib. If this warning is raised when loading pickled models, you may need to re-serialize those models with scikit-learn 0.21+.
  warnings.warn(msg, category=FutureWarning)
./test_ecoli1/standlization_data/ecoli1_std_train_5.csv
./test_ecoli1/model_SVM_POLY/record_1/
----------------------



./test_ecoli1/model_SVM_POLY/record_1/SVM_POLY_5.m
./test_ecoli1/model_SVM_POLY/record_1/SVM_POLY_5.m
running time is 0.0018367639999999907


/opt/anaconda/lib/python3.7/site-packages/sklearn/externals/joblib/__init__.py:15: FutureWarning: sklearn.externals.joblib is deprecated in 0.21 and will be removed in 0.23. Please import this functionality directly from joblib, which can be installed with: pip install joblib. If this warning is raised when loading pickled models, you may need to re-serialize those models with scikit-learn 0.21+.
  warnings.warn(msg, category=FutureWarning)
./test_ecoli1/standlization_data/ecoli1_std_train_1.csv
./test_ecoli1/model_SVM_POLY_minus_not_mirror/record_1/SVM_POLY_minus_not_mirror_1.m
./test_ecoli1/model_SVM_POLY_minus_not_mirror/record_1/SVM_POLY_minus_not_mirror_1.m
running time is 1.8506357240000002


/opt/anaconda/lib/python3.7/site-packages/sklearn/externals/joblib/__init__.py:15: FutureWarning: sklearn.externals.joblib is deprecated in 0.21 and will be removed in 0.23. Please import this functionality directly from joblib, which can be installed with: pip install joblib. If this warning is raised when loading pickled models, you may need to re-serialize those models with scikit-learn 0.21+.
  warnings.warn(msg, category=FutureWarning)
./test_ecoli1/standlization_data/ecoli1_std_train_2.csv
./test_ecoli1/model_SVM_POLY_minus_not_mirror/record_1/SVM_POLY_minus_not_mirror_2.m
./test_ecoli1/model_SVM_POLY_minus_not_mirror/record_1/SVM_POLY_minus_not_mirror_2.m
running time is 1.955559977


/opt/anaconda/lib/python3.7/site-packages/sklearn/externals/joblib/__init__.py:15: FutureWarning: sklearn.externals.joblib is deprecated in 0.21 and will be removed in 0.23. Please import this functionality directly from joblib, which can be installed with: pip install joblib. If this warning is raised when loading pickled models, you may need to re-serialize those models with scikit-learn 0.21+.
  warnings.warn(msg, category=FutureWarning)
./test_ecoli1/standlization_data/ecoli1_std_train_3.csv
./test_ecoli1/model_SVM_POLY_minus_not_mirror/record_1/SVM_POLY_minus_not_mirror_3.m
./test_ecoli1/model_SVM_POLY_minus_not_mirror/record_1/SVM_POLY_minus_not_mirror_3.m
running time is 1.4952896720000002


/opt/anaconda/lib/python3.7/site-packages/sklearn/externals/joblib/__init__.py:15: FutureWarning: sklearn.externals.joblib is deprecated in 0.21 and will be removed in 0.23. Please import this functionality directly from joblib, which can be installed with: pip install joblib. If this warning is raised when loading pickled models, you may need to re-serialize those models with scikit-learn 0.21+.
  warnings.warn(msg, category=FutureWarning)
./test_ecoli1/standlization_data/ecoli1_std_train_4.csv
./test_ecoli1/model_SVM_POLY_minus_not_mirror/record_1/SVM_POLY_minus_not_mirror_4.m
./test_ecoli1/model_SVM_POLY_minus_not_mirror/record_1/SVM_POLY_minus_not_mirror_4.m
running time is 1.97958831


/opt/anaconda/lib/python3.7/site-packages/sklearn/externals/joblib/__init__.py:15: FutureWarning: sklearn.externals.joblib is deprecated in 0.21 and will be removed in 0.23. Please import this functionality directly from joblib, which can be installed with: pip install joblib. If this warning is raised when loading pickled models, you may need to re-serialize those models with scikit-learn 0.21+.
  warnings.warn(msg, category=FutureWarning)
./test_ecoli1/standlization_data/ecoli1_std_train_5.csv
./test_ecoli1/model_SVM_POLY_minus_not_mirror/record_1/SVM_POLY_minus_not_mirror_5.m
./test_ecoli1/model_SVM_POLY_minus_not_mirror/record_1/SVM_POLY_minus_not_mirror_5.m
running time is 2.06971939


/opt/anaconda/lib/python3.7/site-packages/sklearn/externals/joblib/__init__.py:15: FutureWarning: sklearn.externals.joblib is deprecated in 0.21 and will be removed in 0.23. Please import this functionality directly from joblib, which can be installed with: pip install joblib. If this warning is raised when loading pickled models, you may need to re-serialize those models with scikit-learn 0.21+.
  warnings.warn(msg, category=FutureWarning)
./test_ecoli1/standlization_data/ecoli1_std_train_1.csv
./test_ecoli1/model_SVM_POLY_minus_mirror/record_1/SVM_POLY_minus_mirror_1.m
./test_ecoli1/model_SVM_POLY_minus_mirror/record_1/SVM_POLY_minus_mirror_1.m
running time is 5.83351807


/opt/anaconda/lib/python3.7/site-packages/sklearn/externals/joblib/__init__.py:15: FutureWarning: sklearn.externals.joblib is deprecated in 0.21 and will be removed in 0.23. Please import this functionality directly from joblib, which can be installed with: pip install joblib. If this warning is raised when loading pickled models, you may need to re-serialize those models with scikit-learn 0.21+.
  warnings.warn(msg, category=FutureWarning)
./test_ecoli1/standlization_data/ecoli1_std_train_2.csv
./test_ecoli1/model_SVM_POLY_minus_mirror/record_1/SVM_POLY_minus_mirror_2.m
./test_ecoli1/model_SVM_POLY_minus_mirror/record_1/SVM_POLY_minus_mirror_2.m
running time is 6.204714924


/opt/anaconda/lib/python3.7/site-packages/sklearn/externals/joblib/__init__.py:15: FutureWarning: sklearn.externals.joblib is deprecated in 0.21 and will be removed in 0.23. Please import this functionality directly from joblib, which can be installed with: pip install joblib. If this warning is raised when loading pickled models, you may need to re-serialize those models with scikit-learn 0.21+.
  warnings.warn(msg, category=FutureWarning)
./test_ecoli1/standlization_data/ecoli1_std_train_3.csv
./test_ecoli1/model_SVM_POLY_minus_mirror/record_1/SVM_POLY_minus_mirror_3.m
./test_ecoli1/model_SVM_POLY_minus_mirror/record_1/SVM_POLY_minus_mirror_3.m
running time is 4.81027798


/opt/anaconda/lib/python3.7/site-packages/sklearn/externals/joblib/__init__.py:15: FutureWarning: sklearn.externals.joblib is deprecated in 0.21 and will be removed in 0.23. Please import this functionality directly from joblib, which can be installed with: pip install joblib. If this warning is raised when loading pickled models, you may need to re-serialize those models with scikit-learn 0.21+.
  warnings.warn(msg, category=FutureWarning)
./test_ecoli1/standlization_data/ecoli1_std_train_4.csv
./test_ecoli1/model_SVM_POLY_minus_mirror/record_1/SVM_POLY_minus_mirror_4.m
./test_ecoli1/model_SVM_POLY_minus_mirror/record_1/SVM_POLY_minus_mirror_4.m
running time is 6.019834062999999


/opt/anaconda/lib/python3.7/site-packages/sklearn/externals/joblib/__init__.py:15: FutureWarning: sklearn.externals.joblib is deprecated in 0.21 and will be removed in 0.23. Please import this functionality directly from joblib, which can be installed with: pip install joblib. If this warning is raised when loading pickled models, you may need to re-serialize those models with scikit-learn 0.21+.
  warnings.warn(msg, category=FutureWarning)
./test_ecoli1/standlization_data/ecoli1_std_train_5.csv
./test_ecoli1/model_SVM_POLY_minus_mirror/record_1/SVM_POLY_minus_mirror_5.m
./test_ecoli1/model_SVM_POLY_minus_mirror/record_1/SVM_POLY_minus_mirror_5.m
running time is 5.808517268


/opt/anaconda/lib/python3.7/site-packages/sklearn/externals/joblib/__init__.py:15: FutureWarning: sklearn.externals.joblib is deprecated in 0.21 and will be removed in 0.23. Please import this functionality directly from joblib, which can be installed with: pip install joblib. If this warning is raised when loading pickled models, you may need to re-serialize those models with scikit-learn 0.21+.
  warnings.warn(msg, category=FutureWarning)
./test_ecoli1/standlization_data/ecoli1_std_train_1.csv
./test_ecoli1/model_SVM_POLY_concat_not_mirror/record_1/SVM_POLY_concat_not_mirror_1.m
./test_ecoli1/model_SVM_POLY_concat_not_mirror/record_1/SVM_POLY_concat_not_mirror_1.m
running time is 1.7621011290000004


/opt/anaconda/lib/python3.7/site-packages/sklearn/externals/joblib/__init__.py:15: FutureWarning: sklearn.externals.joblib is deprecated in 0.21 and will be removed in 0.23. Please import this functionality directly from joblib, which can be installed with: pip install joblib. If this warning is raised when loading pickled models, you may need to re-serialize those models with scikit-learn 0.21+.
  warnings.warn(msg, category=FutureWarning)
./test_ecoli1/standlization_data/ecoli1_std_train_2.csv
./test_ecoli1/model_SVM_POLY_concat_not_mirror/record_1/SVM_POLY_concat_not_mirror_2.m
./test_ecoli1/model_SVM_POLY_concat_not_mirror/record_1/SVM_POLY_concat_not_mirror_2.m
running time is 1.8662269880000002


/opt/anaconda/lib/python3.7/site-packages/sklearn/externals/joblib/__init__.py:15: FutureWarning: sklearn.externals.joblib is deprecated in 0.21 and will be removed in 0.23. Please import this functionality directly from joblib, which can be installed with: pip install joblib. If this warning is raised when loading pickled models, you may need to re-serialize those models with scikit-learn 0.21+.
  warnings.warn(msg, category=FutureWarning)
./test_ecoli1/standlization_data/ecoli1_std_train_3.csv
./test_ecoli1/model_SVM_POLY_concat_not_mirror/record_1/SVM_POLY_concat_not_mirror_3.m
./test_ecoli1/model_SVM_POLY_concat_not_mirror/record_1/SVM_POLY_concat_not_mirror_3.m
running time is 1.4033301790000001


/opt/anaconda/lib/python3.7/site-packages/sklearn/externals/joblib/__init__.py:15: FutureWarning: sklearn.externals.joblib is deprecated in 0.21 and will be removed in 0.23. Please import this functionality directly from joblib, which can be installed with: pip install joblib. If this warning is raised when loading pickled models, you may need to re-serialize those models with scikit-learn 0.21+.
  warnings.warn(msg, category=FutureWarning)
./test_ecoli1/standlization_data/ecoli1_std_train_4.csv
./test_ecoli1/model_SVM_POLY_concat_not_mirror/record_1/SVM_POLY_concat_not_mirror_4.m
./test_ecoli1/model_SVM_POLY_concat_not_mirror/record_1/SVM_POLY_concat_not_mirror_4.m
running time is 2.5378044920000002


/opt/anaconda/lib/python3.7/site-packages/sklearn/externals/joblib/__init__.py:15: FutureWarning: sklearn.externals.joblib is deprecated in 0.21 and will be removed in 0.23. Please import this functionality directly from joblib, which can be installed with: pip install joblib. If this warning is raised when loading pickled models, you may need to re-serialize those models with scikit-learn 0.21+.
  warnings.warn(msg, category=FutureWarning)
./test_ecoli1/standlization_data/ecoli1_std_train_5.csv
./test_ecoli1/model_SVM_POLY_concat_not_mirror/record_1/SVM_POLY_concat_not_mirror_5.m
./test_ecoli1/model_SVM_POLY_concat_not_mirror/record_1/SVM_POLY_concat_not_mirror_5.m
running time is 1.838210725


/opt/anaconda/lib/python3.7/site-packages/sklearn/externals/joblib/__init__.py:15: FutureWarning: sklearn.externals.joblib is deprecated in 0.21 and will be removed in 0.23. Please import this functionality directly from joblib, which can be installed with: pip install joblib. If this warning is raised when loading pickled models, you may need to re-serialize those models with scikit-learn 0.21+.
  warnings.warn(msg, category=FutureWarning)
./test_ecoli1/standlization_data/ecoli1_std_train_1.csv
./test_ecoli1/model_SVM_POLY_concat_mirror/record_1/SVM_POLY_concat_mirror_1.m
./test_ecoli1/model_SVM_POLY_concat_mirror/record_1/SVM_POLY_concat_mirror_1.m
running time is 1.9911051579999999


/opt/anaconda/lib/python3.7/site-packages/sklearn/externals/joblib/__init__.py:15: FutureWarning: sklearn.externals.joblib is deprecated in 0.21 and will be removed in 0.23. Please import this functionality directly from joblib, which can be installed with: pip install joblib. If this warning is raised when loading pickled models, you may need to re-serialize those models with scikit-learn 0.21+.
  warnings.warn(msg, category=FutureWarning)
./test_ecoli1/standlization_data/ecoli1_std_train_2.csv
./test_ecoli1/model_SVM_POLY_concat_mirror/record_1/SVM_POLY_concat_mirror_2.m
./test_ecoli1/model_SVM_POLY_concat_mirror/record_1/SVM_POLY_concat_mirror_2.m
running time is 2.027454894


/opt/anaconda/lib/python3.7/site-packages/sklearn/externals/joblib/__init__.py:15: FutureWarning: sklearn.externals.joblib is deprecated in 0.21 and will be removed in 0.23. Please import this functionality directly from joblib, which can be installed with: pip install joblib. If this warning is raised when loading pickled models, you may need to re-serialize those models with scikit-learn 0.21+.
  warnings.warn(msg, category=FutureWarning)
./test_ecoli1/standlization_data/ecoli1_std_train_3.csv
./test_ecoli1/model_SVM_POLY_concat_mirror/record_1/SVM_POLY_concat_mirror_3.m
./test_ecoli1/model_SVM_POLY_concat_mirror/record_1/SVM_POLY_concat_mirror_3.m
running time is 1.815300352


/opt/anaconda/lib/python3.7/site-packages/sklearn/externals/joblib/__init__.py:15: FutureWarning: sklearn.externals.joblib is deprecated in 0.21 and will be removed in 0.23. Please import this functionality directly from joblib, which can be installed with: pip install joblib. If this warning is raised when loading pickled models, you may need to re-serialize those models with scikit-learn 0.21+.
  warnings.warn(msg, category=FutureWarning)
./test_ecoli1/standlization_data/ecoli1_std_train_4.csv
./test_ecoli1/model_SVM_POLY_concat_mirror/record_1/SVM_POLY_concat_mirror_4.m
./test_ecoli1/model_SVM_POLY_concat_mirror/record_1/SVM_POLY_concat_mirror_4.m
running time is 1.8668523719999999


/opt/anaconda/lib/python3.7/site-packages/sklearn/externals/joblib/__init__.py:15: FutureWarning: sklearn.externals.joblib is deprecated in 0.21 and will be removed in 0.23. Please import this functionality directly from joblib, which can be installed with: pip install joblib. If this warning is raised when loading pickled models, you may need to re-serialize those models with scikit-learn 0.21+.
  warnings.warn(msg, category=FutureWarning)
./test_ecoli1/standlization_data/ecoli1_std_train_5.csv
./test_ecoli1/model_SVM_POLY_concat_mirror/record_1/SVM_POLY_concat_mirror_5.m
./test_ecoli1/model_SVM_POLY_concat_mirror/record_1/SVM_POLY_concat_mirror_5.m
running time is 1.7592606039999998


