nohup: ignoring input
/home/junda/.conda/envs/thenv/lib/python3.6/site-packages/sklearn/externals/joblib/__init__.py:15: DeprecationWarning: sklearn.externals.joblib is deprecated in 0.21 and will be removed in 0.23. Please import this functionality directly from joblib, which can be installed with: pip install joblib. If this warning is raised when loading pickled models, you may need to re-serialize those models with scikit-learn 0.21+.
  warnings.warn(msg, category=DeprecationWarning)
/home/junda/.conda/envs/thenv/lib/python3.6/site-packages/sklearn/linear_model/logistic.py:432: FutureWarning: Default solver will be changed to 'lbfgs' in 0.22. Specify a solver to silence this warning.
  FutureWarning)
./test_yeast3/standlization_data/yeast3_std_train_1.csv
./test_yeast3/model_LR_concat_mirror/record_1/LR_concat_mirror_1.m
./test_yeast3/model_LR_concat_mirror/record_1/LR_concat_mirror_1.m
running time is 0.3153583830000004
/home/junda/.conda/envs/thenv/lib/python3.6/site-packages/sklearn/externals/joblib/__init__.py:15: DeprecationWarning: sklearn.externals.joblib is deprecated in 0.21 and will be removed in 0.23. Please import this functionality directly from joblib, which can be installed with: pip install joblib. If this warning is raised when loading pickled models, you may need to re-serialize those models with scikit-learn 0.21+.
  warnings.warn(msg, category=DeprecationWarning)
/home/junda/.conda/envs/thenv/lib/python3.6/site-packages/sklearn/linear_model/logistic.py:432: FutureWarning: Default solver will be changed to 'lbfgs' in 0.22. Specify a solver to silence this warning.
  FutureWarning)
./test_yeast3/standlization_data/yeast3_std_train_2.csv
./test_yeast3/model_LR_concat_mirror/record_1/LR_concat_mirror_2.m
./test_yeast3/model_LR_concat_mirror/record_1/LR_concat_mirror_2.m
running time is 0.302520361
/home/junda/.conda/envs/thenv/lib/python3.6/site-packages/sklearn/externals/joblib/__init__.py:15: DeprecationWarning: sklearn.externals.joblib is deprecated in 0.21 and will be removed in 0.23. Please import this functionality directly from joblib, which can be installed with: pip install joblib. If this warning is raised when loading pickled models, you may need to re-serialize those models with scikit-learn 0.21+.
  warnings.warn(msg, category=DeprecationWarning)
/home/junda/.conda/envs/thenv/lib/python3.6/site-packages/sklearn/linear_model/logistic.py:432: FutureWarning: Default solver will be changed to 'lbfgs' in 0.22. Specify a solver to silence this warning.
  FutureWarning)
./test_yeast3/standlization_data/yeast3_std_train_3.csv
./test_yeast3/model_LR_concat_mirror/record_1/LR_concat_mirror_3.m
./test_yeast3/model_LR_concat_mirror/record_1/LR_concat_mirror_3.m
running time is 0.3098948739999994
/home/junda/.conda/envs/thenv/lib/python3.6/site-packages/sklearn/externals/joblib/__init__.py:15: DeprecationWarning: sklearn.externals.joblib is deprecated in 0.21 and will be removed in 0.23. Please import this functionality directly from joblib, which can be installed with: pip install joblib. If this warning is raised when loading pickled models, you may need to re-serialize those models with scikit-learn 0.21+.
  warnings.warn(msg, category=DeprecationWarning)
/home/junda/.conda/envs/thenv/lib/python3.6/site-packages/sklearn/linear_model/logistic.py:432: FutureWarning: Default solver will be changed to 'lbfgs' in 0.22. Specify a solver to silence this warning.
  FutureWarning)
./test_yeast3/standlization_data/yeast3_std_train_4.csv
./test_yeast3/model_LR_concat_mirror/record_1/LR_concat_mirror_4.m
./test_yeast3/model_LR_concat_mirror/record_1/LR_concat_mirror_4.m
running time is 0.3694797750000003
/home/junda/.conda/envs/thenv/lib/python3.6/site-packages/sklearn/externals/joblib/__init__.py:15: DeprecationWarning: sklearn.externals.joblib is deprecated in 0.21 and will be removed in 0.23. Please import this functionality directly from joblib, which can be installed with: pip install joblib. If this warning is raised when loading pickled models, you may need to re-serialize those models with scikit-learn 0.21+.
  warnings.warn(msg, category=DeprecationWarning)
/home/junda/.conda/envs/thenv/lib/python3.6/site-packages/sklearn/linear_model/logistic.py:432: FutureWarning: Default solver will be changed to 'lbfgs' in 0.22. Specify a solver to silence this warning.
  FutureWarning)
./test_yeast3/standlization_data/yeast3_std_train_5.csv
./test_yeast3/model_LR_concat_mirror/record_1/LR_concat_mirror_5.m
./test_yeast3/model_LR_concat_mirror/record_1/LR_concat_mirror_5.m
running time is 0.5869762830000003
/home/junda/.conda/envs/thenv/lib/python3.6/site-packages/sklearn/externals/joblib/__init__.py:15: DeprecationWarning: sklearn.externals.joblib is deprecated in 0.21 and will be removed in 0.23. Please import this functionality directly from joblib, which can be installed with: pip install joblib. If this warning is raised when loading pickled models, you may need to re-serialize those models with scikit-learn 0.21+.
  warnings.warn(msg, category=DeprecationWarning)
/home/junda/.conda/envs/thenv/lib/python3.6/site-packages/sklearn/linear_model/logistic.py:432: FutureWarning: Default solver will be changed to 'lbfgs' in 0.22. Specify a solver to silence this warning.
  FutureWarning)
./test_yeast3/standlization_data/yeast3_std_train_1.csv
./test_yeast3/model_LR_concat_not_mirror/record_1/LR_concat_not_mirror_1.m
./test_yeast3/model_LR_concat_not_mirror/record_1/LR_concat_not_mirror_1.m
running time is 0.16081540399999916
/home/junda/.conda/envs/thenv/lib/python3.6/site-packages/sklearn/externals/joblib/__init__.py:15: DeprecationWarning: sklearn.externals.joblib is deprecated in 0.21 and will be removed in 0.23. Please import this functionality directly from joblib, which can be installed with: pip install joblib. If this warning is raised when loading pickled models, you may need to re-serialize those models with scikit-learn 0.21+.
  warnings.warn(msg, category=DeprecationWarning)
/home/junda/.conda/envs/thenv/lib/python3.6/site-packages/sklearn/linear_model/logistic.py:432: FutureWarning: Default solver will be changed to 'lbfgs' in 0.22. Specify a solver to silence this warning.
  FutureWarning)
./test_yeast3/standlization_data/yeast3_std_train_2.csv
./test_yeast3/model_LR_concat_not_mirror/record_1/LR_concat_not_mirror_2.m
./test_yeast3/model_LR_concat_not_mirror/record_1/LR_concat_not_mirror_2.m
running time is 0.15301245900000016
/home/junda/.conda/envs/thenv/lib/python3.6/site-packages/sklearn/externals/joblib/__init__.py:15: DeprecationWarning: sklearn.externals.joblib is deprecated in 0.21 and will be removed in 0.23. Please import this functionality directly from joblib, which can be installed with: pip install joblib. If this warning is raised when loading pickled models, you may need to re-serialize those models with scikit-learn 0.21+.
  warnings.warn(msg, category=DeprecationWarning)
/home/junda/.conda/envs/thenv/lib/python3.6/site-packages/sklearn/linear_model/logistic.py:432: FutureWarning: Default solver will be changed to 'lbfgs' in 0.22. Specify a solver to silence this warning.
  FutureWarning)
./test_yeast3/standlization_data/yeast3_std_train_3.csv
./test_yeast3/model_LR_concat_not_mirror/record_1/LR_concat_not_mirror_3.m
./test_yeast3/model_LR_concat_not_mirror/record_1/LR_concat_not_mirror_3.m
running time is 0.1954607829999997
/home/junda/.conda/envs/thenv/lib/python3.6/site-packages/sklearn/externals/joblib/__init__.py:15: DeprecationWarning: sklearn.externals.joblib is deprecated in 0.21 and will be removed in 0.23. Please import this functionality directly from joblib, which can be installed with: pip install joblib. If this warning is raised when loading pickled models, you may need to re-serialize those models with scikit-learn 0.21+.
  warnings.warn(msg, category=DeprecationWarning)
/home/junda/.conda/envs/thenv/lib/python3.6/site-packages/sklearn/linear_model/logistic.py:432: FutureWarning: Default solver will be changed to 'lbfgs' in 0.22. Specify a solver to silence this warning.
  FutureWarning)
./test_yeast3/standlization_data/yeast3_std_train_4.csv
./test_yeast3/model_LR_concat_not_mirror/record_1/LR_concat_not_mirror_4.m
./test_yeast3/model_LR_concat_not_mirror/record_1/LR_concat_not_mirror_4.m
running time is 0.1219292369999998
/home/junda/.conda/envs/thenv/lib/python3.6/site-packages/sklearn/externals/joblib/__init__.py:15: DeprecationWarning: sklearn.externals.joblib is deprecated in 0.21 and will be removed in 0.23. Please import this functionality directly from joblib, which can be installed with: pip install joblib. If this warning is raised when loading pickled models, you may need to re-serialize those models with scikit-learn 0.21+.
  warnings.warn(msg, category=DeprecationWarning)
/home/junda/.conda/envs/thenv/lib/python3.6/site-packages/sklearn/linear_model/logistic.py:432: FutureWarning: Default solver will be changed to 'lbfgs' in 0.22. Specify a solver to silence this warning.
  FutureWarning)
./test_yeast3/standlization_data/yeast3_std_train_5.csv
./test_yeast3/model_LR_concat_not_mirror/record_1/LR_concat_not_mirror_5.m
./test_yeast3/model_LR_concat_not_mirror/record_1/LR_concat_not_mirror_5.m
running time is 0.1477251260000001
/home/junda/.conda/envs/thenv/lib/python3.6/site-packages/sklearn/externals/joblib/__init__.py:15: DeprecationWarning: sklearn.externals.joblib is deprecated in 0.21 and will be removed in 0.23. Please import this functionality directly from joblib, which can be installed with: pip install joblib. If this warning is raised when loading pickled models, you may need to re-serialize those models with scikit-learn 0.21+.
  warnings.warn(msg, category=DeprecationWarning)
/home/junda/.conda/envs/thenv/lib/python3.6/site-packages/sklearn/svm/base.py:193: FutureWarning: The default value of gamma will change from 'auto' to 'scale' in version 0.22 to account better for unscaled features. Set gamma explicitly to 'auto' or 'scale' to avoid this warning.
  "avoid this warning.", FutureWarning)
./test_yeast3/standlization_data/yeast3_std_train_1.csv
./test_yeast3/model_SVM_RBF_concat_not_mirror/record_1/SVM_RBF_concat_not_mirror_1.m
./test_yeast3/model_SVM_RBF_concat_not_mirror/record_1/SVM_RBF_concat_not_mirror_1.m
running time is 5.356078886999999


/home/junda/.conda/envs/thenv/lib/python3.6/site-packages/sklearn/externals/joblib/__init__.py:15: DeprecationWarning: sklearn.externals.joblib is deprecated in 0.21 and will be removed in 0.23. Please import this functionality directly from joblib, which can be installed with: pip install joblib. If this warning is raised when loading pickled models, you may need to re-serialize those models with scikit-learn 0.21+.
  warnings.warn(msg, category=DeprecationWarning)
/home/junda/.conda/envs/thenv/lib/python3.6/site-packages/sklearn/svm/base.py:193: FutureWarning: The default value of gamma will change from 'auto' to 'scale' in version 0.22 to account better for unscaled features. Set gamma explicitly to 'auto' or 'scale' to avoid this warning.
  "avoid this warning.", FutureWarning)
./test_yeast3/standlization_data/yeast3_std_train_2.csv
./test_yeast3/model_SVM_RBF_concat_not_mirror/record_1/SVM_RBF_concat_not_mirror_2.m
./test_yeast3/model_SVM_RBF_concat_not_mirror/record_1/SVM_RBF_concat_not_mirror_2.m
running time is 4.712108725


/home/junda/.conda/envs/thenv/lib/python3.6/site-packages/sklearn/externals/joblib/__init__.py:15: DeprecationWarning: sklearn.externals.joblib is deprecated in 0.21 and will be removed in 0.23. Please import this functionality directly from joblib, which can be installed with: pip install joblib. If this warning is raised when loading pickled models, you may need to re-serialize those models with scikit-learn 0.21+.
  warnings.warn(msg, category=DeprecationWarning)
/home/junda/.conda/envs/thenv/lib/python3.6/site-packages/sklearn/svm/base.py:193: FutureWarning: The default value of gamma will change from 'auto' to 'scale' in version 0.22 to account better for unscaled features. Set gamma explicitly to 'auto' or 'scale' to avoid this warning.
  "avoid this warning.", FutureWarning)
./test_yeast3/standlization_data/yeast3_std_train_3.csv
./test_yeast3/model_SVM_RBF_concat_not_mirror/record_1/SVM_RBF_concat_not_mirror_3.m
./test_yeast3/model_SVM_RBF_concat_not_mirror/record_1/SVM_RBF_concat_not_mirror_3.m
running time is 4.678997610000001


/home/junda/.conda/envs/thenv/lib/python3.6/site-packages/sklearn/externals/joblib/__init__.py:15: DeprecationWarning: sklearn.externals.joblib is deprecated in 0.21 and will be removed in 0.23. Please import this functionality directly from joblib, which can be installed with: pip install joblib. If this warning is raised when loading pickled models, you may need to re-serialize those models with scikit-learn 0.21+.
  warnings.warn(msg, category=DeprecationWarning)
/home/junda/.conda/envs/thenv/lib/python3.6/site-packages/sklearn/svm/base.py:193: FutureWarning: The default value of gamma will change from 'auto' to 'scale' in version 0.22 to account better for unscaled features. Set gamma explicitly to 'auto' or 'scale' to avoid this warning.
  "avoid this warning.", FutureWarning)
./test_yeast3/standlization_data/yeast3_std_train_4.csv
./test_yeast3/model_SVM_RBF_concat_not_mirror/record_1/SVM_RBF_concat_not_mirror_4.m
./test_yeast3/model_SVM_RBF_concat_not_mirror/record_1/SVM_RBF_concat_not_mirror_4.m
running time is 4.428701976999999


/home/junda/.conda/envs/thenv/lib/python3.6/site-packages/sklearn/externals/joblib/__init__.py:15: DeprecationWarning: sklearn.externals.joblib is deprecated in 0.21 and will be removed in 0.23. Please import this functionality directly from joblib, which can be installed with: pip install joblib. If this warning is raised when loading pickled models, you may need to re-serialize those models with scikit-learn 0.21+.
  warnings.warn(msg, category=DeprecationWarning)
/home/junda/.conda/envs/thenv/lib/python3.6/site-packages/sklearn/svm/base.py:193: FutureWarning: The default value of gamma will change from 'auto' to 'scale' in version 0.22 to account better for unscaled features. Set gamma explicitly to 'auto' or 'scale' to avoid this warning.
  "avoid this warning.", FutureWarning)
./test_yeast3/standlization_data/yeast3_std_train_5.csv
./test_yeast3/model_SVM_RBF_concat_not_mirror/record_1/SVM_RBF_concat_not_mirror_5.m
./test_yeast3/model_SVM_RBF_concat_not_mirror/record_1/SVM_RBF_concat_not_mirror_5.m
running time is 4.857355536999999


/home/junda/.conda/envs/thenv/lib/python3.6/site-packages/sklearn/externals/joblib/__init__.py:15: DeprecationWarning: sklearn.externals.joblib is deprecated in 0.21 and will be removed in 0.23. Please import this functionality directly from joblib, which can be installed with: pip install joblib. If this warning is raised when loading pickled models, you may need to re-serialize those models with scikit-learn 0.21+.
  warnings.warn(msg, category=DeprecationWarning)
/home/junda/.conda/envs/thenv/lib/python3.6/site-packages/sklearn/svm/base.py:193: FutureWarning: The default value of gamma will change from 'auto' to 'scale' in version 0.22 to account better for unscaled features. Set gamma explicitly to 'auto' or 'scale' to avoid this warning.
  "avoid this warning.", FutureWarning)
./test_yeast3/standlization_data/yeast3_std_train_1.csv
./test_yeast3/model_SVM_RBF_concat_mirror/record_1/SVM_RBF_concat_mirror_1.m
./test_yeast3/model_SVM_RBF_concat_mirror/record_1/SVM_RBF_concat_mirror_1.m
running time is 16.838696565


/home/junda/.conda/envs/thenv/lib/python3.6/site-packages/sklearn/externals/joblib/__init__.py:15: DeprecationWarning: sklearn.externals.joblib is deprecated in 0.21 and will be removed in 0.23. Please import this functionality directly from joblib, which can be installed with: pip install joblib. If this warning is raised when loading pickled models, you may need to re-serialize those models with scikit-learn 0.21+.
  warnings.warn(msg, category=DeprecationWarning)
/home/junda/.conda/envs/thenv/lib/python3.6/site-packages/sklearn/svm/base.py:193: FutureWarning: The default value of gamma will change from 'auto' to 'scale' in version 0.22 to account better for unscaled features. Set gamma explicitly to 'auto' or 'scale' to avoid this warning.
  "avoid this warning.", FutureWarning)
./test_yeast3/standlization_data/yeast3_std_train_2.csv
./test_yeast3/model_SVM_RBF_concat_mirror/record_1/SVM_RBF_concat_mirror_2.m
./test_yeast3/model_SVM_RBF_concat_mirror/record_1/SVM_RBF_concat_mirror_2.m
running time is 81.934136181


/home/junda/.conda/envs/thenv/lib/python3.6/site-packages/sklearn/externals/joblib/__init__.py:15: DeprecationWarning: sklearn.externals.joblib is deprecated in 0.21 and will be removed in 0.23. Please import this functionality directly from joblib, which can be installed with: pip install joblib. If this warning is raised when loading pickled models, you may need to re-serialize those models with scikit-learn 0.21+.
  warnings.warn(msg, category=DeprecationWarning)
/home/junda/.conda/envs/thenv/lib/python3.6/site-packages/sklearn/svm/base.py:193: FutureWarning: The default value of gamma will change from 'auto' to 'scale' in version 0.22 to account better for unscaled features. Set gamma explicitly to 'auto' or 'scale' to avoid this warning.
  "avoid this warning.", FutureWarning)
./test_yeast3/standlization_data/yeast3_std_train_3.csv
./test_yeast3/model_SVM_RBF_concat_mirror/record_1/SVM_RBF_concat_mirror_3.m
./test_yeast3/model_SVM_RBF_concat_mirror/record_1/SVM_RBF_concat_mirror_3.m
running time is 14.642741591


/home/junda/.conda/envs/thenv/lib/python3.6/site-packages/sklearn/externals/joblib/__init__.py:15: DeprecationWarning: sklearn.externals.joblib is deprecated in 0.21 and will be removed in 0.23. Please import this functionality directly from joblib, which can be installed with: pip install joblib. If this warning is raised when loading pickled models, you may need to re-serialize those models with scikit-learn 0.21+.
  warnings.warn(msg, category=DeprecationWarning)
/home/junda/.conda/envs/thenv/lib/python3.6/site-packages/sklearn/svm/base.py:193: FutureWarning: The default value of gamma will change from 'auto' to 'scale' in version 0.22 to account better for unscaled features. Set gamma explicitly to 'auto' or 'scale' to avoid this warning.
  "avoid this warning.", FutureWarning)
./test_yeast3/standlization_data/yeast3_std_train_4.csv
./test_yeast3/model_SVM_RBF_concat_mirror/record_1/SVM_RBF_concat_mirror_4.m
./test_yeast3/model_SVM_RBF_concat_mirror/record_1/SVM_RBF_concat_mirror_4.m
running time is 65.975033745


/home/junda/.conda/envs/thenv/lib/python3.6/site-packages/sklearn/externals/joblib/__init__.py:15: DeprecationWarning: sklearn.externals.joblib is deprecated in 0.21 and will be removed in 0.23. Please import this functionality directly from joblib, which can be installed with: pip install joblib. If this warning is raised when loading pickled models, you may need to re-serialize those models with scikit-learn 0.21+.
  warnings.warn(msg, category=DeprecationWarning)
/home/junda/.conda/envs/thenv/lib/python3.6/site-packages/sklearn/svm/base.py:193: FutureWarning: The default value of gamma will change from 'auto' to 'scale' in version 0.22 to account better for unscaled features. Set gamma explicitly to 'auto' or 'scale' to avoid this warning.
  "avoid this warning.", FutureWarning)
./test_yeast3/standlization_data/yeast3_std_train_5.csv
./test_yeast3/model_SVM_RBF_concat_mirror/record_1/SVM_RBF_concat_mirror_5.m
./test_yeast3/model_SVM_RBF_concat_mirror/record_1/SVM_RBF_concat_mirror_5.m
running time is 95.383529502


/home/junda/.conda/envs/thenv/lib/python3.6/site-packages/sklearn/externals/joblib/__init__.py:15: DeprecationWarning: sklearn.externals.joblib is deprecated in 0.21 and will be removed in 0.23. Please import this functionality directly from joblib, which can be installed with: pip install joblib. If this warning is raised when loading pickled models, you may need to re-serialize those models with scikit-learn 0.21+.
  warnings.warn(msg, category=DeprecationWarning)
/home/junda/.conda/envs/thenv/lib/python3.6/site-packages/sklearn/svm/base.py:193: FutureWarning: The default value of gamma will change from 'auto' to 'scale' in version 0.22 to account better for unscaled features. Set gamma explicitly to 'auto' or 'scale' to avoid this warning.
  "avoid this warning.", FutureWarning)
./test_yeast3/standlization_data/yeast3_std_train_1.csv
./test_yeast3/model_SVM_POLY_concat_not_mirror/record_1/SVM_POLY_concat_not_mirror_1.m
./test_yeast3/model_SVM_POLY_concat_not_mirror/record_1/SVM_POLY_concat_not_mirror_1.m
running time is 2.2183928359999996


/home/junda/.conda/envs/thenv/lib/python3.6/site-packages/sklearn/externals/joblib/__init__.py:15: DeprecationWarning: sklearn.externals.joblib is deprecated in 0.21 and will be removed in 0.23. Please import this functionality directly from joblib, which can be installed with: pip install joblib. If this warning is raised when loading pickled models, you may need to re-serialize those models with scikit-learn 0.21+.
  warnings.warn(msg, category=DeprecationWarning)
/home/junda/.conda/envs/thenv/lib/python3.6/site-packages/sklearn/svm/base.py:193: FutureWarning: The default value of gamma will change from 'auto' to 'scale' in version 0.22 to account better for unscaled features. Set gamma explicitly to 'auto' or 'scale' to avoid this warning.
  "avoid this warning.", FutureWarning)
./test_yeast3/standlization_data/yeast3_std_train_2.csv
./test_yeast3/model_SVM_POLY_concat_not_mirror/record_1/SVM_POLY_concat_not_mirror_2.m
./test_yeast3/model_SVM_POLY_concat_not_mirror/record_1/SVM_POLY_concat_not_mirror_2.m
running time is 1.9905545519999999


/home/junda/.conda/envs/thenv/lib/python3.6/site-packages/sklearn/externals/joblib/__init__.py:15: DeprecationWarning: sklearn.externals.joblib is deprecated in 0.21 and will be removed in 0.23. Please import this functionality directly from joblib, which can be installed with: pip install joblib. If this warning is raised when loading pickled models, you may need to re-serialize those models with scikit-learn 0.21+.
  warnings.warn(msg, category=DeprecationWarning)
/home/junda/.conda/envs/thenv/lib/python3.6/site-packages/sklearn/svm/base.py:193: FutureWarning: The default value of gamma will change from 'auto' to 'scale' in version 0.22 to account better for unscaled features. Set gamma explicitly to 'auto' or 'scale' to avoid this warning.
  "avoid this warning.", FutureWarning)
./test_yeast3/standlization_data/yeast3_std_train_3.csv
./test_yeast3/model_SVM_POLY_concat_not_mirror/record_1/SVM_POLY_concat_not_mirror_3.m
./test_yeast3/model_SVM_POLY_concat_not_mirror/record_1/SVM_POLY_concat_not_mirror_3.m
running time is 2.189123458


/home/junda/.conda/envs/thenv/lib/python3.6/site-packages/sklearn/externals/joblib/__init__.py:15: DeprecationWarning: sklearn.externals.joblib is deprecated in 0.21 and will be removed in 0.23. Please import this functionality directly from joblib, which can be installed with: pip install joblib. If this warning is raised when loading pickled models, you may need to re-serialize those models with scikit-learn 0.21+.
  warnings.warn(msg, category=DeprecationWarning)
/home/junda/.conda/envs/thenv/lib/python3.6/site-packages/sklearn/svm/base.py:193: FutureWarning: The default value of gamma will change from 'auto' to 'scale' in version 0.22 to account better for unscaled features. Set gamma explicitly to 'auto' or 'scale' to avoid this warning.
  "avoid this warning.", FutureWarning)
./test_yeast3/standlization_data/yeast3_std_train_4.csv
./test_yeast3/model_SVM_POLY_concat_not_mirror/record_1/SVM_POLY_concat_not_mirror_4.m
./test_yeast3/model_SVM_POLY_concat_not_mirror/record_1/SVM_POLY_concat_not_mirror_4.m
running time is 2.0058976310000007


/home/junda/.conda/envs/thenv/lib/python3.6/site-packages/sklearn/externals/joblib/__init__.py:15: DeprecationWarning: sklearn.externals.joblib is deprecated in 0.21 and will be removed in 0.23. Please import this functionality directly from joblib, which can be installed with: pip install joblib. If this warning is raised when loading pickled models, you may need to re-serialize those models with scikit-learn 0.21+.
  warnings.warn(msg, category=DeprecationWarning)
/home/junda/.conda/envs/thenv/lib/python3.6/site-packages/sklearn/svm/base.py:193: FutureWarning: The default value of gamma will change from 'auto' to 'scale' in version 0.22 to account better for unscaled features. Set gamma explicitly to 'auto' or 'scale' to avoid this warning.
  "avoid this warning.", FutureWarning)
./test_yeast3/standlization_data/yeast3_std_train_5.csv
./test_yeast3/model_SVM_POLY_concat_not_mirror/record_1/SVM_POLY_concat_not_mirror_5.m
./test_yeast3/model_SVM_POLY_concat_not_mirror/record_1/SVM_POLY_concat_not_mirror_5.m
running time is 1.9308120500000001


/home/junda/.conda/envs/thenv/lib/python3.6/site-packages/sklearn/externals/joblib/__init__.py:15: DeprecationWarning: sklearn.externals.joblib is deprecated in 0.21 and will be removed in 0.23. Please import this functionality directly from joblib, which can be installed with: pip install joblib. If this warning is raised when loading pickled models, you may need to re-serialize those models with scikit-learn 0.21+.
  warnings.warn(msg, category=DeprecationWarning)
/home/junda/.conda/envs/thenv/lib/python3.6/site-packages/sklearn/svm/base.py:193: FutureWarning: The default value of gamma will change from 'auto' to 'scale' in version 0.22 to account better for unscaled features. Set gamma explicitly to 'auto' or 'scale' to avoid this warning.
  "avoid this warning.", FutureWarning)
./test_yeast3/standlization_data/yeast3_std_train_1.csv
./test_yeast3/model_SVM_POLY_concat_mirror/record_1/SVM_POLY_concat_mirror_1.m
./test_yeast3/model_SVM_POLY_concat_mirror/record_1/SVM_POLY_concat_mirror_1.m
running time is 7.300658049


/home/junda/.conda/envs/thenv/lib/python3.6/site-packages/sklearn/externals/joblib/__init__.py:15: DeprecationWarning: sklearn.externals.joblib is deprecated in 0.21 and will be removed in 0.23. Please import this functionality directly from joblib, which can be installed with: pip install joblib. If this warning is raised when loading pickled models, you may need to re-serialize those models with scikit-learn 0.21+.
  warnings.warn(msg, category=DeprecationWarning)
/home/junda/.conda/envs/thenv/lib/python3.6/site-packages/sklearn/svm/base.py:193: FutureWarning: The default value of gamma will change from 'auto' to 'scale' in version 0.22 to account better for unscaled features. Set gamma explicitly to 'auto' or 'scale' to avoid this warning.
  "avoid this warning.", FutureWarning)
./test_yeast3/standlization_data/yeast3_std_train_2.csv
./test_yeast3/model_SVM_POLY_concat_mirror/record_1/SVM_POLY_concat_mirror_2.m
./test_yeast3/model_SVM_POLY_concat_mirror/record_1/SVM_POLY_concat_mirror_2.m
running time is 41.938577465


/home/junda/.conda/envs/thenv/lib/python3.6/site-packages/sklearn/externals/joblib/__init__.py:15: DeprecationWarning: sklearn.externals.joblib is deprecated in 0.21 and will be removed in 0.23. Please import this functionality directly from joblib, which can be installed with: pip install joblib. If this warning is raised when loading pickled models, you may need to re-serialize those models with scikit-learn 0.21+.
  warnings.warn(msg, category=DeprecationWarning)
/home/junda/.conda/envs/thenv/lib/python3.6/site-packages/sklearn/svm/base.py:193: FutureWarning: The default value of gamma will change from 'auto' to 'scale' in version 0.22 to account better for unscaled features. Set gamma explicitly to 'auto' or 'scale' to avoid this warning.
  "avoid this warning.", FutureWarning)
./test_yeast3/standlization_data/yeast3_std_train_3.csv
./test_yeast3/model_SVM_POLY_concat_mirror/record_1/SVM_POLY_concat_mirror_3.m
./test_yeast3/model_SVM_POLY_concat_mirror/record_1/SVM_POLY_concat_mirror_3.m
running time is 7.991883326000001


/home/junda/.conda/envs/thenv/lib/python3.6/site-packages/sklearn/externals/joblib/__init__.py:15: DeprecationWarning: sklearn.externals.joblib is deprecated in 0.21 and will be removed in 0.23. Please import this functionality directly from joblib, which can be installed with: pip install joblib. If this warning is raised when loading pickled models, you may need to re-serialize those models with scikit-learn 0.21+.
  warnings.warn(msg, category=DeprecationWarning)
/home/junda/.conda/envs/thenv/lib/python3.6/site-packages/sklearn/svm/base.py:193: FutureWarning: The default value of gamma will change from 'auto' to 'scale' in version 0.22 to account better for unscaled features. Set gamma explicitly to 'auto' or 'scale' to avoid this warning.
  "avoid this warning.", FutureWarning)
./test_yeast3/standlization_data/yeast3_std_train_4.csv
./test_yeast3/model_SVM_POLY_concat_mirror/record_1/SVM_POLY_concat_mirror_4.m
./test_yeast3/model_SVM_POLY_concat_mirror/record_1/SVM_POLY_concat_mirror_4.m
running time is 6.971382307000001


/home/junda/.conda/envs/thenv/lib/python3.6/site-packages/sklearn/externals/joblib/__init__.py:15: DeprecationWarning: sklearn.externals.joblib is deprecated in 0.21 and will be removed in 0.23. Please import this functionality directly from joblib, which can be installed with: pip install joblib. If this warning is raised when loading pickled models, you may need to re-serialize those models with scikit-learn 0.21+.
  warnings.warn(msg, category=DeprecationWarning)
/home/junda/.conda/envs/thenv/lib/python3.6/site-packages/sklearn/svm/base.py:193: FutureWarning: The default value of gamma will change from 'auto' to 'scale' in version 0.22 to account better for unscaled features. Set gamma explicitly to 'auto' or 'scale' to avoid this warning.
  "avoid this warning.", FutureWarning)
./test_yeast3/standlization_data/yeast3_std_train_5.csv
./test_yeast3/model_SVM_POLY_concat_mirror/record_1/SVM_POLY_concat_mirror_5.m
./test_yeast3/model_SVM_POLY_concat_mirror/record_1/SVM_POLY_concat_mirror_5.m
running time is 6.32695767


/home/junda/.conda/envs/thenv/lib/python3.6/site-packages/sklearn/externals/joblib/__init__.py:15: DeprecationWarning: sklearn.externals.joblib is deprecated in 0.21 and will be removed in 0.23. Please import this functionality directly from joblib, which can be installed with: pip install joblib. If this warning is raised when loading pickled models, you may need to re-serialize those models with scikit-learn 0.21+.
  warnings.warn(msg, category=DeprecationWarning)
/home/junda/.conda/envs/thenv/lib/python3.6/site-packages/sklearn/linear_model/logistic.py:432: FutureWarning: Default solver will be changed to 'lbfgs' in 0.22. Specify a solver to silence this warning.
  FutureWarning)
./test_glass0/standlization_data/glass0_std_train_1.csv
./test_glass0/model_LR_concat_mirror/record_1/LR_concat_mirror_1.m
./test_glass0/model_LR_concat_mirror/record_1/LR_concat_mirror_1.m
running time is 0.05688003900000016
/home/junda/.conda/envs/thenv/lib/python3.6/site-packages/sklearn/externals/joblib/__init__.py:15: DeprecationWarning: sklearn.externals.joblib is deprecated in 0.21 and will be removed in 0.23. Please import this functionality directly from joblib, which can be installed with: pip install joblib. If this warning is raised when loading pickled models, you may need to re-serialize those models with scikit-learn 0.21+.
  warnings.warn(msg, category=DeprecationWarning)
/home/junda/.conda/envs/thenv/lib/python3.6/site-packages/sklearn/linear_model/logistic.py:432: FutureWarning: Default solver will be changed to 'lbfgs' in 0.22. Specify a solver to silence this warning.
  FutureWarning)
./test_glass0/standlization_data/glass0_std_train_2.csv
./test_glass0/model_LR_concat_mirror/record_1/LR_concat_mirror_2.m
./test_glass0/model_LR_concat_mirror/record_1/LR_concat_mirror_2.m
running time is 0.059977036999999456
/home/junda/.conda/envs/thenv/lib/python3.6/site-packages/sklearn/externals/joblib/__init__.py:15: DeprecationWarning: sklearn.externals.joblib is deprecated in 0.21 and will be removed in 0.23. Please import this functionality directly from joblib, which can be installed with: pip install joblib. If this warning is raised when loading pickled models, you may need to re-serialize those models with scikit-learn 0.21+.
  warnings.warn(msg, category=DeprecationWarning)
/home/junda/.conda/envs/thenv/lib/python3.6/site-packages/sklearn/linear_model/logistic.py:432: FutureWarning: Default solver will be changed to 'lbfgs' in 0.22. Specify a solver to silence this warning.
  FutureWarning)
./test_glass0/standlization_data/glass0_std_train_3.csv
./test_glass0/model_LR_concat_mirror/record_1/LR_concat_mirror_3.m
./test_glass0/model_LR_concat_mirror/record_1/LR_concat_mirror_3.m
running time is 0.07262895000000036
/home/junda/.conda/envs/thenv/lib/python3.6/site-packages/sklearn/externals/joblib/__init__.py:15: DeprecationWarning: sklearn.externals.joblib is deprecated in 0.21 and will be removed in 0.23. Please import this functionality directly from joblib, which can be installed with: pip install joblib. If this warning is raised when loading pickled models, you may need to re-serialize those models with scikit-learn 0.21+.
  warnings.warn(msg, category=DeprecationWarning)
/home/junda/.conda/envs/thenv/lib/python3.6/site-packages/sklearn/linear_model/logistic.py:432: FutureWarning: Default solver will be changed to 'lbfgs' in 0.22. Specify a solver to silence this warning.
  FutureWarning)
./test_glass0/standlization_data/glass0_std_train_4.csv
./test_glass0/model_LR_concat_mirror/record_1/LR_concat_mirror_4.m
./test_glass0/model_LR_concat_mirror/record_1/LR_concat_mirror_4.m
running time is 0.05594350400000003
/home/junda/.conda/envs/thenv/lib/python3.6/site-packages/sklearn/externals/joblib/__init__.py:15: DeprecationWarning: sklearn.externals.joblib is deprecated in 0.21 and will be removed in 0.23. Please import this functionality directly from joblib, which can be installed with: pip install joblib. If this warning is raised when loading pickled models, you may need to re-serialize those models with scikit-learn 0.21+.
  warnings.warn(msg, category=DeprecationWarning)
/home/junda/.conda/envs/thenv/lib/python3.6/site-packages/sklearn/linear_model/logistic.py:432: FutureWarning: Default solver will be changed to 'lbfgs' in 0.22. Specify a solver to silence this warning.
  FutureWarning)
./test_glass0/standlization_data/glass0_std_train_5.csv
./test_glass0/model_LR_concat_mirror/record_1/LR_concat_mirror_5.m
./test_glass0/model_LR_concat_mirror/record_1/LR_concat_mirror_5.m
running time is 0.05156884099999992
/home/junda/.conda/envs/thenv/lib/python3.6/site-packages/sklearn/externals/joblib/__init__.py:15: DeprecationWarning: sklearn.externals.joblib is deprecated in 0.21 and will be removed in 0.23. Please import this functionality directly from joblib, which can be installed with: pip install joblib. If this warning is raised when loading pickled models, you may need to re-serialize those models with scikit-learn 0.21+.
  warnings.warn(msg, category=DeprecationWarning)
/home/junda/.conda/envs/thenv/lib/python3.6/site-packages/sklearn/linear_model/logistic.py:432: FutureWarning: Default solver will be changed to 'lbfgs' in 0.22. Specify a solver to silence this warning.
  FutureWarning)
./test_glass0/standlization_data/glass0_std_train_1.csv
./test_glass0/model_LR_concat_not_mirror/record_1/LR_concat_not_mirror_1.m
./test_glass0/model_LR_concat_not_mirror/record_1/LR_concat_not_mirror_1.m
running time is 0.028301481000000628
/home/junda/.conda/envs/thenv/lib/python3.6/site-packages/sklearn/externals/joblib/__init__.py:15: DeprecationWarning: sklearn.externals.joblib is deprecated in 0.21 and will be removed in 0.23. Please import this functionality directly from joblib, which can be installed with: pip install joblib. If this warning is raised when loading pickled models, you may need to re-serialize those models with scikit-learn 0.21+.
  warnings.warn(msg, category=DeprecationWarning)
/home/junda/.conda/envs/thenv/lib/python3.6/site-packages/sklearn/linear_model/logistic.py:432: FutureWarning: Default solver will be changed to 'lbfgs' in 0.22. Specify a solver to silence this warning.
  FutureWarning)
./test_glass0/standlization_data/glass0_std_train_2.csv
./test_glass0/model_LR_concat_not_mirror/record_1/LR_concat_not_mirror_2.m
./test_glass0/model_LR_concat_not_mirror/record_1/LR_concat_not_mirror_2.m
running time is 0.03116615700000036
/home/junda/.conda/envs/thenv/lib/python3.6/site-packages/sklearn/externals/joblib/__init__.py:15: DeprecationWarning: sklearn.externals.joblib is deprecated in 0.21 and will be removed in 0.23. Please import this functionality directly from joblib, which can be installed with: pip install joblib. If this warning is raised when loading pickled models, you may need to re-serialize those models with scikit-learn 0.21+.
  warnings.warn(msg, category=DeprecationWarning)
/home/junda/.conda/envs/thenv/lib/python3.6/site-packages/sklearn/linear_model/logistic.py:432: FutureWarning: Default solver will be changed to 'lbfgs' in 0.22. Specify a solver to silence this warning.
  FutureWarning)
./test_glass0/standlization_data/glass0_std_train_3.csv
./test_glass0/model_LR_concat_not_mirror/record_1/LR_concat_not_mirror_3.m
./test_glass0/model_LR_concat_not_mirror/record_1/LR_concat_not_mirror_3.m
running time is 0.03436930599999943
/home/junda/.conda/envs/thenv/lib/python3.6/site-packages/sklearn/externals/joblib/__init__.py:15: DeprecationWarning: sklearn.externals.joblib is deprecated in 0.21 and will be removed in 0.23. Please import this functionality directly from joblib, which can be installed with: pip install joblib. If this warning is raised when loading pickled models, you may need to re-serialize those models with scikit-learn 0.21+.
  warnings.warn(msg, category=DeprecationWarning)
/home/junda/.conda/envs/thenv/lib/python3.6/site-packages/sklearn/linear_model/logistic.py:432: FutureWarning: Default solver will be changed to 'lbfgs' in 0.22. Specify a solver to silence this warning.
  FutureWarning)
./test_glass0/standlization_data/glass0_std_train_4.csv
./test_glass0/model_LR_concat_not_mirror/record_1/LR_concat_not_mirror_4.m
./test_glass0/model_LR_concat_not_mirror/record_1/LR_concat_not_mirror_4.m
running time is 0.03389803099999966
/home/junda/.conda/envs/thenv/lib/python3.6/site-packages/sklearn/externals/joblib/__init__.py:15: DeprecationWarning: sklearn.externals.joblib is deprecated in 0.21 and will be removed in 0.23. Please import this functionality directly from joblib, which can be installed with: pip install joblib. If this warning is raised when loading pickled models, you may need to re-serialize those models with scikit-learn 0.21+.
  warnings.warn(msg, category=DeprecationWarning)
/home/junda/.conda/envs/thenv/lib/python3.6/site-packages/sklearn/linear_model/logistic.py:432: FutureWarning: Default solver will be changed to 'lbfgs' in 0.22. Specify a solver to silence this warning.
  FutureWarning)
./test_glass0/standlization_data/glass0_std_train_5.csv
./test_glass0/model_LR_concat_not_mirror/record_1/LR_concat_not_mirror_5.m
./test_glass0/model_LR_concat_not_mirror/record_1/LR_concat_not_mirror_5.m
running time is 0.04959993300000054
/home/junda/.conda/envs/thenv/lib/python3.6/site-packages/sklearn/externals/joblib/__init__.py:15: DeprecationWarning: sklearn.externals.joblib is deprecated in 0.21 and will be removed in 0.23. Please import this functionality directly from joblib, which can be installed with: pip install joblib. If this warning is raised when loading pickled models, you may need to re-serialize those models with scikit-learn 0.21+.
  warnings.warn(msg, category=DeprecationWarning)
/home/junda/.conda/envs/thenv/lib/python3.6/site-packages/sklearn/svm/base.py:193: FutureWarning: The default value of gamma will change from 'auto' to 'scale' in version 0.22 to account better for unscaled features. Set gamma explicitly to 'auto' or 'scale' to avoid this warning.
  "avoid this warning.", FutureWarning)
./test_glass0/standlization_data/glass0_std_train_1.csv
./test_glass0/model_SVM_RBF_concat_not_mirror/record_1/SVM_RBF_concat_not_mirror_1.m
./test_glass0/model_SVM_RBF_concat_not_mirror/record_1/SVM_RBF_concat_not_mirror_1.m
running time is 1.0482849550000006


/home/junda/.conda/envs/thenv/lib/python3.6/site-packages/sklearn/externals/joblib/__init__.py:15: DeprecationWarning: sklearn.externals.joblib is deprecated in 0.21 and will be removed in 0.23. Please import this functionality directly from joblib, which can be installed with: pip install joblib. If this warning is raised when loading pickled models, you may need to re-serialize those models with scikit-learn 0.21+.
  warnings.warn(msg, category=DeprecationWarning)
/home/junda/.conda/envs/thenv/lib/python3.6/site-packages/sklearn/svm/base.py:193: FutureWarning: The default value of gamma will change from 'auto' to 'scale' in version 0.22 to account better for unscaled features. Set gamma explicitly to 'auto' or 'scale' to avoid this warning.
  "avoid this warning.", FutureWarning)
./test_glass0/standlization_data/glass0_std_train_2.csv
./test_glass0/model_SVM_RBF_concat_not_mirror/record_1/SVM_RBF_concat_not_mirror_2.m
./test_glass0/model_SVM_RBF_concat_not_mirror/record_1/SVM_RBF_concat_not_mirror_2.m
running time is 1.174896061


/home/junda/.conda/envs/thenv/lib/python3.6/site-packages/sklearn/externals/joblib/__init__.py:15: DeprecationWarning: sklearn.externals.joblib is deprecated in 0.21 and will be removed in 0.23. Please import this functionality directly from joblib, which can be installed with: pip install joblib. If this warning is raised when loading pickled models, you may need to re-serialize those models with scikit-learn 0.21+.
  warnings.warn(msg, category=DeprecationWarning)
/home/junda/.conda/envs/thenv/lib/python3.6/site-packages/sklearn/svm/base.py:193: FutureWarning: The default value of gamma will change from 'auto' to 'scale' in version 0.22 to account better for unscaled features. Set gamma explicitly to 'auto' or 'scale' to avoid this warning.
  "avoid this warning.", FutureWarning)
./test_glass0/standlization_data/glass0_std_train_3.csv
./test_glass0/model_SVM_RBF_concat_not_mirror/record_1/SVM_RBF_concat_not_mirror_3.m
./test_glass0/model_SVM_RBF_concat_not_mirror/record_1/SVM_RBF_concat_not_mirror_3.m
running time is 1.0886299089999998


/home/junda/.conda/envs/thenv/lib/python3.6/site-packages/sklearn/externals/joblib/__init__.py:15: DeprecationWarning: sklearn.externals.joblib is deprecated in 0.21 and will be removed in 0.23. Please import this functionality directly from joblib, which can be installed with: pip install joblib. If this warning is raised when loading pickled models, you may need to re-serialize those models with scikit-learn 0.21+.
  warnings.warn(msg, category=DeprecationWarning)
/home/junda/.conda/envs/thenv/lib/python3.6/site-packages/sklearn/svm/base.py:193: FutureWarning: The default value of gamma will change from 'auto' to 'scale' in version 0.22 to account better for unscaled features. Set gamma explicitly to 'auto' or 'scale' to avoid this warning.
  "avoid this warning.", FutureWarning)
./test_glass0/standlization_data/glass0_std_train_4.csv
./test_glass0/model_SVM_RBF_concat_not_mirror/record_1/SVM_RBF_concat_not_mirror_4.m
./test_glass0/model_SVM_RBF_concat_not_mirror/record_1/SVM_RBF_concat_not_mirror_4.m
running time is 1.1510784790000006


/home/junda/.conda/envs/thenv/lib/python3.6/site-packages/sklearn/externals/joblib/__init__.py:15: DeprecationWarning: sklearn.externals.joblib is deprecated in 0.21 and will be removed in 0.23. Please import this functionality directly from joblib, which can be installed with: pip install joblib. If this warning is raised when loading pickled models, you may need to re-serialize those models with scikit-learn 0.21+.
  warnings.warn(msg, category=DeprecationWarning)
/home/junda/.conda/envs/thenv/lib/python3.6/site-packages/sklearn/svm/base.py:193: FutureWarning: The default value of gamma will change from 'auto' to 'scale' in version 0.22 to account better for unscaled features. Set gamma explicitly to 'auto' or 'scale' to avoid this warning.
  "avoid this warning.", FutureWarning)
./test_glass0/standlization_data/glass0_std_train_5.csv
./test_glass0/model_SVM_RBF_concat_not_mirror/record_1/SVM_RBF_concat_not_mirror_5.m
./test_glass0/model_SVM_RBF_concat_not_mirror/record_1/SVM_RBF_concat_not_mirror_5.m
running time is 1.2971259419999992


/home/junda/.conda/envs/thenv/lib/python3.6/site-packages/sklearn/externals/joblib/__init__.py:15: DeprecationWarning: sklearn.externals.joblib is deprecated in 0.21 and will be removed in 0.23. Please import this functionality directly from joblib, which can be installed with: pip install joblib. If this warning is raised when loading pickled models, you may need to re-serialize those models with scikit-learn 0.21+.
  warnings.warn(msg, category=DeprecationWarning)
/home/junda/.conda/envs/thenv/lib/python3.6/site-packages/sklearn/svm/base.py:193: FutureWarning: The default value of gamma will change from 'auto' to 'scale' in version 0.22 to account better for unscaled features. Set gamma explicitly to 'auto' or 'scale' to avoid this warning.
  "avoid this warning.", FutureWarning)
./test_glass0/standlization_data/glass0_std_train_1.csv
./test_glass0/model_SVM_RBF_concat_mirror/record_1/SVM_RBF_concat_mirror_1.m
./test_glass0/model_SVM_RBF_concat_mirror/record_1/SVM_RBF_concat_mirror_1.m
running time is 4.470367877


/home/junda/.conda/envs/thenv/lib/python3.6/site-packages/sklearn/externals/joblib/__init__.py:15: DeprecationWarning: sklearn.externals.joblib is deprecated in 0.21 and will be removed in 0.23. Please import this functionality directly from joblib, which can be installed with: pip install joblib. If this warning is raised when loading pickled models, you may need to re-serialize those models with scikit-learn 0.21+.
  warnings.warn(msg, category=DeprecationWarning)
/home/junda/.conda/envs/thenv/lib/python3.6/site-packages/sklearn/svm/base.py:193: FutureWarning: The default value of gamma will change from 'auto' to 'scale' in version 0.22 to account better for unscaled features. Set gamma explicitly to 'auto' or 'scale' to avoid this warning.
  "avoid this warning.", FutureWarning)
./test_glass0/standlization_data/glass0_std_train_2.csv
./test_glass0/model_SVM_RBF_concat_mirror/record_1/SVM_RBF_concat_mirror_2.m
./test_glass0/model_SVM_RBF_concat_mirror/record_1/SVM_RBF_concat_mirror_2.m
running time is 3.860267728


/home/junda/.conda/envs/thenv/lib/python3.6/site-packages/sklearn/externals/joblib/__init__.py:15: DeprecationWarning: sklearn.externals.joblib is deprecated in 0.21 and will be removed in 0.23. Please import this functionality directly from joblib, which can be installed with: pip install joblib. If this warning is raised when loading pickled models, you may need to re-serialize those models with scikit-learn 0.21+.
  warnings.warn(msg, category=DeprecationWarning)
/home/junda/.conda/envs/thenv/lib/python3.6/site-packages/sklearn/svm/base.py:193: FutureWarning: The default value of gamma will change from 'auto' to 'scale' in version 0.22 to account better for unscaled features. Set gamma explicitly to 'auto' or 'scale' to avoid this warning.
  "avoid this warning.", FutureWarning)
./test_glass0/standlization_data/glass0_std_train_3.csv
./test_glass0/model_SVM_RBF_concat_mirror/record_1/SVM_RBF_concat_mirror_3.m
./test_glass0/model_SVM_RBF_concat_mirror/record_1/SVM_RBF_concat_mirror_3.m
running time is 3.9942276310000002


/home/junda/.conda/envs/thenv/lib/python3.6/site-packages/sklearn/externals/joblib/__init__.py:15: DeprecationWarning: sklearn.externals.joblib is deprecated in 0.21 and will be removed in 0.23. Please import this functionality directly from joblib, which can be installed with: pip install joblib. If this warning is raised when loading pickled models, you may need to re-serialize those models with scikit-learn 0.21+.
  warnings.warn(msg, category=DeprecationWarning)
/home/junda/.conda/envs/thenv/lib/python3.6/site-packages/sklearn/svm/base.py:193: FutureWarning: The default value of gamma will change from 'auto' to 'scale' in version 0.22 to account better for unscaled features. Set gamma explicitly to 'auto' or 'scale' to avoid this warning.
  "avoid this warning.", FutureWarning)
./test_glass0/standlization_data/glass0_std_train_4.csv
./test_glass0/model_SVM_RBF_concat_mirror/record_1/SVM_RBF_concat_mirror_4.m
./test_glass0/model_SVM_RBF_concat_mirror/record_1/SVM_RBF_concat_mirror_4.m
running time is 4.136397411


/home/junda/.conda/envs/thenv/lib/python3.6/site-packages/sklearn/externals/joblib/__init__.py:15: DeprecationWarning: sklearn.externals.joblib is deprecated in 0.21 and will be removed in 0.23. Please import this functionality directly from joblib, which can be installed with: pip install joblib. If this warning is raised when loading pickled models, you may need to re-serialize those models with scikit-learn 0.21+.
  warnings.warn(msg, category=DeprecationWarning)
/home/junda/.conda/envs/thenv/lib/python3.6/site-packages/sklearn/svm/base.py:193: FutureWarning: The default value of gamma will change from 'auto' to 'scale' in version 0.22 to account better for unscaled features. Set gamma explicitly to 'auto' or 'scale' to avoid this warning.
  "avoid this warning.", FutureWarning)
./test_glass0/standlization_data/glass0_std_train_5.csv
./test_glass0/model_SVM_RBF_concat_mirror/record_1/SVM_RBF_concat_mirror_5.m
./test_glass0/model_SVM_RBF_concat_mirror/record_1/SVM_RBF_concat_mirror_5.m
running time is 3.888511252


/home/junda/.conda/envs/thenv/lib/python3.6/site-packages/sklearn/externals/joblib/__init__.py:15: DeprecationWarning: sklearn.externals.joblib is deprecated in 0.21 and will be removed in 0.23. Please import this functionality directly from joblib, which can be installed with: pip install joblib. If this warning is raised when loading pickled models, you may need to re-serialize those models with scikit-learn 0.21+.
  warnings.warn(msg, category=DeprecationWarning)
/home/junda/.conda/envs/thenv/lib/python3.6/site-packages/sklearn/svm/base.py:193: FutureWarning: The default value of gamma will change from 'auto' to 'scale' in version 0.22 to account better for unscaled features. Set gamma explicitly to 'auto' or 'scale' to avoid this warning.
  "avoid this warning.", FutureWarning)
./test_glass0/standlization_data/glass0_std_train_1.csv
./test_glass0/model_SVM_POLY_concat_not_mirror/record_1/SVM_POLY_concat_not_mirror_1.m
./test_glass0/model_SVM_POLY_concat_not_mirror/record_1/SVM_POLY_concat_not_mirror_1.m
running time is 0.9061056330000001


/home/junda/.conda/envs/thenv/lib/python3.6/site-packages/sklearn/externals/joblib/__init__.py:15: DeprecationWarning: sklearn.externals.joblib is deprecated in 0.21 and will be removed in 0.23. Please import this functionality directly from joblib, which can be installed with: pip install joblib. If this warning is raised when loading pickled models, you may need to re-serialize those models with scikit-learn 0.21+.
  warnings.warn(msg, category=DeprecationWarning)
/home/junda/.conda/envs/thenv/lib/python3.6/site-packages/sklearn/svm/base.py:193: FutureWarning: The default value of gamma will change from 'auto' to 'scale' in version 0.22 to account better for unscaled features. Set gamma explicitly to 'auto' or 'scale' to avoid this warning.
  "avoid this warning.", FutureWarning)
./test_glass0/standlization_data/glass0_std_train_2.csv
./test_glass0/model_SVM_POLY_concat_not_mirror/record_1/SVM_POLY_concat_not_mirror_2.m
./test_glass0/model_SVM_POLY_concat_not_mirror/record_1/SVM_POLY_concat_not_mirror_2.m
running time is 0.7746836050000003


/home/junda/.conda/envs/thenv/lib/python3.6/site-packages/sklearn/externals/joblib/__init__.py:15: DeprecationWarning: sklearn.externals.joblib is deprecated in 0.21 and will be removed in 0.23. Please import this functionality directly from joblib, which can be installed with: pip install joblib. If this warning is raised when loading pickled models, you may need to re-serialize those models with scikit-learn 0.21+.
  warnings.warn(msg, category=DeprecationWarning)
/home/junda/.conda/envs/thenv/lib/python3.6/site-packages/sklearn/svm/base.py:193: FutureWarning: The default value of gamma will change from 'auto' to 'scale' in version 0.22 to account better for unscaled features. Set gamma explicitly to 'auto' or 'scale' to avoid this warning.
  "avoid this warning.", FutureWarning)
./test_glass0/standlization_data/glass0_std_train_3.csv
./test_glass0/model_SVM_POLY_concat_not_mirror/record_1/SVM_POLY_concat_not_mirror_3.m
./test_glass0/model_SVM_POLY_concat_not_mirror/record_1/SVM_POLY_concat_not_mirror_3.m
running time is 0.90390587


/home/junda/.conda/envs/thenv/lib/python3.6/site-packages/sklearn/externals/joblib/__init__.py:15: DeprecationWarning: sklearn.externals.joblib is deprecated in 0.21 and will be removed in 0.23. Please import this functionality directly from joblib, which can be installed with: pip install joblib. If this warning is raised when loading pickled models, you may need to re-serialize those models with scikit-learn 0.21+.
  warnings.warn(msg, category=DeprecationWarning)
/home/junda/.conda/envs/thenv/lib/python3.6/site-packages/sklearn/svm/base.py:193: FutureWarning: The default value of gamma will change from 'auto' to 'scale' in version 0.22 to account better for unscaled features. Set gamma explicitly to 'auto' or 'scale' to avoid this warning.
  "avoid this warning.", FutureWarning)
./test_glass0/standlization_data/glass0_std_train_4.csv
./test_glass0/model_SVM_POLY_concat_not_mirror/record_1/SVM_POLY_concat_not_mirror_4.m
./test_glass0/model_SVM_POLY_concat_not_mirror/record_1/SVM_POLY_concat_not_mirror_4.m
running time is 1.0272568689999995


/home/junda/.conda/envs/thenv/lib/python3.6/site-packages/sklearn/externals/joblib/__init__.py:15: DeprecationWarning: sklearn.externals.joblib is deprecated in 0.21 and will be removed in 0.23. Please import this functionality directly from joblib, which can be installed with: pip install joblib. If this warning is raised when loading pickled models, you may need to re-serialize those models with scikit-learn 0.21+.
  warnings.warn(msg, category=DeprecationWarning)
/home/junda/.conda/envs/thenv/lib/python3.6/site-packages/sklearn/svm/base.py:193: FutureWarning: The default value of gamma will change from 'auto' to 'scale' in version 0.22 to account better for unscaled features. Set gamma explicitly to 'auto' or 'scale' to avoid this warning.
  "avoid this warning.", FutureWarning)
./test_glass0/standlization_data/glass0_std_train_5.csv
./test_glass0/model_SVM_POLY_concat_not_mirror/record_1/SVM_POLY_concat_not_mirror_5.m
./test_glass0/model_SVM_POLY_concat_not_mirror/record_1/SVM_POLY_concat_not_mirror_5.m
running time is 0.8361066499999996


/home/junda/.conda/envs/thenv/lib/python3.6/site-packages/sklearn/externals/joblib/__init__.py:15: DeprecationWarning: sklearn.externals.joblib is deprecated in 0.21 and will be removed in 0.23. Please import this functionality directly from joblib, which can be installed with: pip install joblib. If this warning is raised when loading pickled models, you may need to re-serialize those models with scikit-learn 0.21+.
  warnings.warn(msg, category=DeprecationWarning)
/home/junda/.conda/envs/thenv/lib/python3.6/site-packages/sklearn/svm/base.py:193: FutureWarning: The default value of gamma will change from 'auto' to 'scale' in version 0.22 to account better for unscaled features. Set gamma explicitly to 'auto' or 'scale' to avoid this warning.
  "avoid this warning.", FutureWarning)
./test_glass0/standlization_data/glass0_std_train_1.csv
./test_glass0/model_SVM_POLY_concat_mirror/record_1/SVM_POLY_concat_mirror_1.m
./test_glass0/model_SVM_POLY_concat_mirror/record_1/SVM_POLY_concat_mirror_1.m
running time is 2.956023096


/home/junda/.conda/envs/thenv/lib/python3.6/site-packages/sklearn/externals/joblib/__init__.py:15: DeprecationWarning: sklearn.externals.joblib is deprecated in 0.21 and will be removed in 0.23. Please import this functionality directly from joblib, which can be installed with: pip install joblib. If this warning is raised when loading pickled models, you may need to re-serialize those models with scikit-learn 0.21+.
  warnings.warn(msg, category=DeprecationWarning)
/home/junda/.conda/envs/thenv/lib/python3.6/site-packages/sklearn/svm/base.py:193: FutureWarning: The default value of gamma will change from 'auto' to 'scale' in version 0.22 to account better for unscaled features. Set gamma explicitly to 'auto' or 'scale' to avoid this warning.
  "avoid this warning.", FutureWarning)
./test_glass0/standlization_data/glass0_std_train_2.csv
./test_glass0/model_SVM_POLY_concat_mirror/record_1/SVM_POLY_concat_mirror_2.m
./test_glass0/model_SVM_POLY_concat_mirror/record_1/SVM_POLY_concat_mirror_2.m
running time is 3.027736021000001


/home/junda/.conda/envs/thenv/lib/python3.6/site-packages/sklearn/externals/joblib/__init__.py:15: DeprecationWarning: sklearn.externals.joblib is deprecated in 0.21 and will be removed in 0.23. Please import this functionality directly from joblib, which can be installed with: pip install joblib. If this warning is raised when loading pickled models, you may need to re-serialize those models with scikit-learn 0.21+.
  warnings.warn(msg, category=DeprecationWarning)
/home/junda/.conda/envs/thenv/lib/python3.6/site-packages/sklearn/svm/base.py:193: FutureWarning: The default value of gamma will change from 'auto' to 'scale' in version 0.22 to account better for unscaled features. Set gamma explicitly to 'auto' or 'scale' to avoid this warning.
  "avoid this warning.", FutureWarning)
./test_glass0/standlization_data/glass0_std_train_3.csv
./test_glass0/model_SVM_POLY_concat_mirror/record_1/SVM_POLY_concat_mirror_3.m
./test_glass0/model_SVM_POLY_concat_mirror/record_1/SVM_POLY_concat_mirror_3.m
running time is 3.3171489669999996


/home/junda/.conda/envs/thenv/lib/python3.6/site-packages/sklearn/externals/joblib/__init__.py:15: DeprecationWarning: sklearn.externals.joblib is deprecated in 0.21 and will be removed in 0.23. Please import this functionality directly from joblib, which can be installed with: pip install joblib. If this warning is raised when loading pickled models, you may need to re-serialize those models with scikit-learn 0.21+.
  warnings.warn(msg, category=DeprecationWarning)
/home/junda/.conda/envs/thenv/lib/python3.6/site-packages/sklearn/svm/base.py:193: FutureWarning: The default value of gamma will change from 'auto' to 'scale' in version 0.22 to account better for unscaled features. Set gamma explicitly to 'auto' or 'scale' to avoid this warning.
  "avoid this warning.", FutureWarning)
./test_glass0/standlization_data/glass0_std_train_4.csv
./test_glass0/model_SVM_POLY_concat_mirror/record_1/SVM_POLY_concat_mirror_4.m
./test_glass0/model_SVM_POLY_concat_mirror/record_1/SVM_POLY_concat_mirror_4.m
running time is 3.160890793


/home/junda/.conda/envs/thenv/lib/python3.6/site-packages/sklearn/externals/joblib/__init__.py:15: DeprecationWarning: sklearn.externals.joblib is deprecated in 0.21 and will be removed in 0.23. Please import this functionality directly from joblib, which can be installed with: pip install joblib. If this warning is raised when loading pickled models, you may need to re-serialize those models with scikit-learn 0.21+.
  warnings.warn(msg, category=DeprecationWarning)
/home/junda/.conda/envs/thenv/lib/python3.6/site-packages/sklearn/svm/base.py:193: FutureWarning: The default value of gamma will change from 'auto' to 'scale' in version 0.22 to account better for unscaled features. Set gamma explicitly to 'auto' or 'scale' to avoid this warning.
  "avoid this warning.", FutureWarning)
./test_glass0/standlization_data/glass0_std_train_5.csv
./test_glass0/model_SVM_POLY_concat_mirror/record_1/SVM_POLY_concat_mirror_5.m
./test_glass0/model_SVM_POLY_concat_mirror/record_1/SVM_POLY_concat_mirror_5.m
running time is 3.271579943


/home/junda/.conda/envs/thenv/lib/python3.6/site-packages/sklearn/externals/joblib/__init__.py:15: DeprecationWarning: sklearn.externals.joblib is deprecated in 0.21 and will be removed in 0.23. Please import this functionality directly from joblib, which can be installed with: pip install joblib. If this warning is raised when loading pickled models, you may need to re-serialize those models with scikit-learn 0.21+.
  warnings.warn(msg, category=DeprecationWarning)
/home/junda/.conda/envs/thenv/lib/python3.6/site-packages/sklearn/linear_model/logistic.py:432: FutureWarning: Default solver will be changed to 'lbfgs' in 0.22. Specify a solver to silence this warning.
  FutureWarning)
./test_pima/standlization_data/pima_std_train_1.csv
./test_pima/model_LR_concat_mirror/record_1/LR_concat_mirror_1.m
./test_pima/model_LR_concat_mirror/record_1/LR_concat_mirror_1.m
running time is 0.4851677910000003
/home/junda/.conda/envs/thenv/lib/python3.6/site-packages/sklearn/externals/joblib/__init__.py:15: DeprecationWarning: sklearn.externals.joblib is deprecated in 0.21 and will be removed in 0.23. Please import this functionality directly from joblib, which can be installed with: pip install joblib. If this warning is raised when loading pickled models, you may need to re-serialize those models with scikit-learn 0.21+.
  warnings.warn(msg, category=DeprecationWarning)
/home/junda/.conda/envs/thenv/lib/python3.6/site-packages/sklearn/linear_model/logistic.py:432: FutureWarning: Default solver will be changed to 'lbfgs' in 0.22. Specify a solver to silence this warning.
  FutureWarning)
./test_pima/standlization_data/pima_std_train_2.csv
./test_pima/model_LR_concat_mirror/record_1/LR_concat_mirror_2.m
./test_pima/model_LR_concat_mirror/record_1/LR_concat_mirror_2.m
running time is 0.6027234569999997
/home/junda/.conda/envs/thenv/lib/python3.6/site-packages/sklearn/externals/joblib/__init__.py:15: DeprecationWarning: sklearn.externals.joblib is deprecated in 0.21 and will be removed in 0.23. Please import this functionality directly from joblib, which can be installed with: pip install joblib. If this warning is raised when loading pickled models, you may need to re-serialize those models with scikit-learn 0.21+.
  warnings.warn(msg, category=DeprecationWarning)
/home/junda/.conda/envs/thenv/lib/python3.6/site-packages/sklearn/linear_model/logistic.py:432: FutureWarning: Default solver will be changed to 'lbfgs' in 0.22. Specify a solver to silence this warning.
  FutureWarning)
./test_pima/standlization_data/pima_std_train_3.csv
./test_pima/model_LR_concat_mirror/record_1/LR_concat_mirror_3.m
./test_pima/model_LR_concat_mirror/record_1/LR_concat_mirror_3.m
running time is 0.502323423
/home/junda/.conda/envs/thenv/lib/python3.6/site-packages/sklearn/externals/joblib/__init__.py:15: DeprecationWarning: sklearn.externals.joblib is deprecated in 0.21 and will be removed in 0.23. Please import this functionality directly from joblib, which can be installed with: pip install joblib. If this warning is raised when loading pickled models, you may need to re-serialize those models with scikit-learn 0.21+.
  warnings.warn(msg, category=DeprecationWarning)
/home/junda/.conda/envs/thenv/lib/python3.6/site-packages/sklearn/linear_model/logistic.py:432: FutureWarning: Default solver will be changed to 'lbfgs' in 0.22. Specify a solver to silence this warning.
  FutureWarning)
./test_pima/standlization_data/pima_std_train_4.csv
./test_pima/model_LR_concat_mirror/record_1/LR_concat_mirror_4.m
./test_pima/model_LR_concat_mirror/record_1/LR_concat_mirror_4.m
running time is 0.544147583
/home/junda/.conda/envs/thenv/lib/python3.6/site-packages/sklearn/externals/joblib/__init__.py:15: DeprecationWarning: sklearn.externals.joblib is deprecated in 0.21 and will be removed in 0.23. Please import this functionality directly from joblib, which can be installed with: pip install joblib. If this warning is raised when loading pickled models, you may need to re-serialize those models with scikit-learn 0.21+.
  warnings.warn(msg, category=DeprecationWarning)
/home/junda/.conda/envs/thenv/lib/python3.6/site-packages/sklearn/linear_model/logistic.py:432: FutureWarning: Default solver will be changed to 'lbfgs' in 0.22. Specify a solver to silence this warning.
  FutureWarning)
./test_pima/standlization_data/pima_std_train_5.csv
./test_pima/model_LR_concat_mirror/record_1/LR_concat_mirror_5.m
./test_pima/model_LR_concat_mirror/record_1/LR_concat_mirror_5.m
running time is 0.505019109
/home/junda/.conda/envs/thenv/lib/python3.6/site-packages/sklearn/externals/joblib/__init__.py:15: DeprecationWarning: sklearn.externals.joblib is deprecated in 0.21 and will be removed in 0.23. Please import this functionality directly from joblib, which can be installed with: pip install joblib. If this warning is raised when loading pickled models, you may need to re-serialize those models with scikit-learn 0.21+.
  warnings.warn(msg, category=DeprecationWarning)
/home/junda/.conda/envs/thenv/lib/python3.6/site-packages/sklearn/linear_model/logistic.py:432: FutureWarning: Default solver will be changed to 'lbfgs' in 0.22. Specify a solver to silence this warning.
  FutureWarning)
./test_pima/standlization_data/pima_std_train_1.csv
./test_pima/model_LR_concat_not_mirror/record_1/LR_concat_not_mirror_1.m
./test_pima/model_LR_concat_not_mirror/record_1/LR_concat_not_mirror_1.m
running time is 0.252333696
/home/junda/.conda/envs/thenv/lib/python3.6/site-packages/sklearn/externals/joblib/__init__.py:15: DeprecationWarning: sklearn.externals.joblib is deprecated in 0.21 and will be removed in 0.23. Please import this functionality directly from joblib, which can be installed with: pip install joblib. If this warning is raised when loading pickled models, you may need to re-serialize those models with scikit-learn 0.21+.
  warnings.warn(msg, category=DeprecationWarning)
/home/junda/.conda/envs/thenv/lib/python3.6/site-packages/sklearn/linear_model/logistic.py:432: FutureWarning: Default solver will be changed to 'lbfgs' in 0.22. Specify a solver to silence this warning.
  FutureWarning)
./test_pima/standlization_data/pima_std_train_2.csv
./test_pima/model_LR_concat_not_mirror/record_1/LR_concat_not_mirror_2.m
./test_pima/model_LR_concat_not_mirror/record_1/LR_concat_not_mirror_2.m
running time is 0.22537974600000066
/home/junda/.conda/envs/thenv/lib/python3.6/site-packages/sklearn/externals/joblib/__init__.py:15: DeprecationWarning: sklearn.externals.joblib is deprecated in 0.21 and will be removed in 0.23. Please import this functionality directly from joblib, which can be installed with: pip install joblib. If this warning is raised when loading pickled models, you may need to re-serialize those models with scikit-learn 0.21+.
  warnings.warn(msg, category=DeprecationWarning)
/home/junda/.conda/envs/thenv/lib/python3.6/site-packages/sklearn/linear_model/logistic.py:432: FutureWarning: Default solver will be changed to 'lbfgs' in 0.22. Specify a solver to silence this warning.
  FutureWarning)
./test_pima/standlization_data/pima_std_train_3.csv
./test_pima/model_LR_concat_not_mirror/record_1/LR_concat_not_mirror_3.m
./test_pima/model_LR_concat_not_mirror/record_1/LR_concat_not_mirror_3.m
running time is 0.21506403600000024
/home/junda/.conda/envs/thenv/lib/python3.6/site-packages/sklearn/externals/joblib/__init__.py:15: DeprecationWarning: sklearn.externals.joblib is deprecated in 0.21 and will be removed in 0.23. Please import this functionality directly from joblib, which can be installed with: pip install joblib. If this warning is raised when loading pickled models, you may need to re-serialize those models with scikit-learn 0.21+.
  warnings.warn(msg, category=DeprecationWarning)
/home/junda/.conda/envs/thenv/lib/python3.6/site-packages/sklearn/linear_model/logistic.py:432: FutureWarning: Default solver will be changed to 'lbfgs' in 0.22. Specify a solver to silence this warning.
  FutureWarning)
./test_pima/standlization_data/pima_std_train_4.csv
./test_pima/model_LR_concat_not_mirror/record_1/LR_concat_not_mirror_4.m
./test_pima/model_LR_concat_not_mirror/record_1/LR_concat_not_mirror_4.m
running time is 0.328563205
/home/junda/.conda/envs/thenv/lib/python3.6/site-packages/sklearn/externals/joblib/__init__.py:15: DeprecationWarning: sklearn.externals.joblib is deprecated in 0.21 and will be removed in 0.23. Please import this functionality directly from joblib, which can be installed with: pip install joblib. If this warning is raised when loading pickled models, you may need to re-serialize those models with scikit-learn 0.21+.
  warnings.warn(msg, category=DeprecationWarning)
/home/junda/.conda/envs/thenv/lib/python3.6/site-packages/sklearn/linear_model/logistic.py:432: FutureWarning: Default solver will be changed to 'lbfgs' in 0.22. Specify a solver to silence this warning.
  FutureWarning)
./test_pima/standlization_data/pima_std_train_5.csv
./test_pima/model_LR_concat_not_mirror/record_1/LR_concat_not_mirror_5.m
./test_pima/model_LR_concat_not_mirror/record_1/LR_concat_not_mirror_5.m
running time is 0.2470045979999993
/home/junda/.conda/envs/thenv/lib/python3.6/site-packages/sklearn/externals/joblib/__init__.py:15: DeprecationWarning: sklearn.externals.joblib is deprecated in 0.21 and will be removed in 0.23. Please import this functionality directly from joblib, which can be installed with: pip install joblib. If this warning is raised when loading pickled models, you may need to re-serialize those models with scikit-learn 0.21+.
  warnings.warn(msg, category=DeprecationWarning)
/home/junda/.conda/envs/thenv/lib/python3.6/site-packages/sklearn/svm/base.py:193: FutureWarning: The default value of gamma will change from 'auto' to 'scale' in version 0.22 to account better for unscaled features. Set gamma explicitly to 'auto' or 'scale' to avoid this warning.
  "avoid this warning.", FutureWarning)
./test_pima/standlization_data/pima_std_train_1.csv
./test_pima/model_SVM_RBF_concat_not_mirror/record_1/SVM_RBF_concat_not_mirror_1.m
./test_pima/model_SVM_RBF_concat_not_mirror/record_1/SVM_RBF_concat_not_mirror_1.m
running time is 183.978502833


/home/junda/.conda/envs/thenv/lib/python3.6/site-packages/sklearn/externals/joblib/__init__.py:15: DeprecationWarning: sklearn.externals.joblib is deprecated in 0.21 and will be removed in 0.23. Please import this functionality directly from joblib, which can be installed with: pip install joblib. If this warning is raised when loading pickled models, you may need to re-serialize those models with scikit-learn 0.21+.
  warnings.warn(msg, category=DeprecationWarning)
/home/junda/.conda/envs/thenv/lib/python3.6/site-packages/sklearn/svm/base.py:193: FutureWarning: The default value of gamma will change from 'auto' to 'scale' in version 0.22 to account better for unscaled features. Set gamma explicitly to 'auto' or 'scale' to avoid this warning.
  "avoid this warning.", FutureWarning)
./test_pima/standlization_data/pima_std_train_2.csv
./test_pima/model_SVM_RBF_concat_not_mirror/record_1/SVM_RBF_concat_not_mirror_2.m
./test_pima/model_SVM_RBF_concat_not_mirror/record_1/SVM_RBF_concat_not_mirror_2.m
running time is 182.772002058


/home/junda/.conda/envs/thenv/lib/python3.6/site-packages/sklearn/externals/joblib/__init__.py:15: DeprecationWarning: sklearn.externals.joblib is deprecated in 0.21 and will be removed in 0.23. Please import this functionality directly from joblib, which can be installed with: pip install joblib. If this warning is raised when loading pickled models, you may need to re-serialize those models with scikit-learn 0.21+.
  warnings.warn(msg, category=DeprecationWarning)
/home/junda/.conda/envs/thenv/lib/python3.6/site-packages/sklearn/svm/base.py:193: FutureWarning: The default value of gamma will change from 'auto' to 'scale' in version 0.22 to account better for unscaled features. Set gamma explicitly to 'auto' or 'scale' to avoid this warning.
  "avoid this warning.", FutureWarning)
./test_pima/standlization_data/pima_std_train_3.csv
./test_pima/model_SVM_RBF_concat_not_mirror/record_1/SVM_RBF_concat_not_mirror_3.m
./test_pima/model_SVM_RBF_concat_not_mirror/record_1/SVM_RBF_concat_not_mirror_3.m
running time is 161.98146983


/home/junda/.conda/envs/thenv/lib/python3.6/site-packages/sklearn/externals/joblib/__init__.py:15: DeprecationWarning: sklearn.externals.joblib is deprecated in 0.21 and will be removed in 0.23. Please import this functionality directly from joblib, which can be installed with: pip install joblib. If this warning is raised when loading pickled models, you may need to re-serialize those models with scikit-learn 0.21+.
  warnings.warn(msg, category=DeprecationWarning)
/home/junda/.conda/envs/thenv/lib/python3.6/site-packages/sklearn/svm/base.py:193: FutureWarning: The default value of gamma will change from 'auto' to 'scale' in version 0.22 to account better for unscaled features. Set gamma explicitly to 'auto' or 'scale' to avoid this warning.
  "avoid this warning.", FutureWarning)
./test_pima/standlization_data/pima_std_train_4.csv
./test_pima/model_SVM_RBF_concat_not_mirror/record_1/SVM_RBF_concat_not_mirror_4.m
./test_pima/model_SVM_RBF_concat_not_mirror/record_1/SVM_RBF_concat_not_mirror_4.m
running time is 173.00306606200002


/home/junda/.conda/envs/thenv/lib/python3.6/site-packages/sklearn/externals/joblib/__init__.py:15: DeprecationWarning: sklearn.externals.joblib is deprecated in 0.21 and will be removed in 0.23. Please import this functionality directly from joblib, which can be installed with: pip install joblib. If this warning is raised when loading pickled models, you may need to re-serialize those models with scikit-learn 0.21+.
  warnings.warn(msg, category=DeprecationWarning)
/home/junda/.conda/envs/thenv/lib/python3.6/site-packages/sklearn/svm/base.py:193: FutureWarning: The default value of gamma will change from 'auto' to 'scale' in version 0.22 to account better for unscaled features. Set gamma explicitly to 'auto' or 'scale' to avoid this warning.
  "avoid this warning.", FutureWarning)
./test_pima/standlization_data/pima_std_train_5.csv
./test_pima/model_SVM_RBF_concat_not_mirror/record_1/SVM_RBF_concat_not_mirror_5.m
./test_pima/model_SVM_RBF_concat_not_mirror/record_1/SVM_RBF_concat_not_mirror_5.m
running time is 163.322353042


/home/junda/.conda/envs/thenv/lib/python3.6/site-packages/sklearn/externals/joblib/__init__.py:15: DeprecationWarning: sklearn.externals.joblib is deprecated in 0.21 and will be removed in 0.23. Please import this functionality directly from joblib, which can be installed with: pip install joblib. If this warning is raised when loading pickled models, you may need to re-serialize those models with scikit-learn 0.21+.
  warnings.warn(msg, category=DeprecationWarning)
/home/junda/.conda/envs/thenv/lib/python3.6/site-packages/sklearn/svm/base.py:193: FutureWarning: The default value of gamma will change from 'auto' to 'scale' in version 0.22 to account better for unscaled features. Set gamma explicitly to 'auto' or 'scale' to avoid this warning.
  "avoid this warning.", FutureWarning)
./test_pima/standlization_data/pima_std_train_1.csv
./test_pima/model_SVM_RBF_concat_mirror/record_1/SVM_RBF_concat_mirror_1.m
./test_pima/model_SVM_RBF_concat_mirror/record_1/SVM_RBF_concat_mirror_1.m
running time is 741.590285128


/home/junda/.conda/envs/thenv/lib/python3.6/site-packages/sklearn/externals/joblib/__init__.py:15: DeprecationWarning: sklearn.externals.joblib is deprecated in 0.21 and will be removed in 0.23. Please import this functionality directly from joblib, which can be installed with: pip install joblib. If this warning is raised when loading pickled models, you may need to re-serialize those models with scikit-learn 0.21+.
  warnings.warn(msg, category=DeprecationWarning)
/home/junda/.conda/envs/thenv/lib/python3.6/site-packages/sklearn/svm/base.py:193: FutureWarning: The default value of gamma will change from 'auto' to 'scale' in version 0.22 to account better for unscaled features. Set gamma explicitly to 'auto' or 'scale' to avoid this warning.
  "avoid this warning.", FutureWarning)
./test_pima/standlization_data/pima_std_train_2.csv
./test_pima/model_SVM_RBF_concat_mirror/record_1/SVM_RBF_concat_mirror_2.m
./test_pima/model_SVM_RBF_concat_mirror/record_1/SVM_RBF_concat_mirror_2.m
running time is 752.5631292290001


/home/junda/.conda/envs/thenv/lib/python3.6/site-packages/sklearn/externals/joblib/__init__.py:15: DeprecationWarning: sklearn.externals.joblib is deprecated in 0.21 and will be removed in 0.23. Please import this functionality directly from joblib, which can be installed with: pip install joblib. If this warning is raised when loading pickled models, you may need to re-serialize those models with scikit-learn 0.21+.
  warnings.warn(msg, category=DeprecationWarning)
/home/junda/.conda/envs/thenv/lib/python3.6/site-packages/sklearn/svm/base.py:193: FutureWarning: The default value of gamma will change from 'auto' to 'scale' in version 0.22 to account better for unscaled features. Set gamma explicitly to 'auto' or 'scale' to avoid this warning.
  "avoid this warning.", FutureWarning)
./test_pima/standlization_data/pima_std_train_3.csv
./test_pima/model_SVM_RBF_concat_mirror/record_1/SVM_RBF_concat_mirror_3.m
./test_pima/model_SVM_RBF_concat_mirror/record_1/SVM_RBF_concat_mirror_3.m
running time is 884.977967566


/home/junda/.conda/envs/thenv/lib/python3.6/site-packages/sklearn/externals/joblib/__init__.py:15: DeprecationWarning: sklearn.externals.joblib is deprecated in 0.21 and will be removed in 0.23. Please import this functionality directly from joblib, which can be installed with: pip install joblib. If this warning is raised when loading pickled models, you may need to re-serialize those models with scikit-learn 0.21+.
  warnings.warn(msg, category=DeprecationWarning)
/home/junda/.conda/envs/thenv/lib/python3.6/site-packages/sklearn/svm/base.py:193: FutureWarning: The default value of gamma will change from 'auto' to 'scale' in version 0.22 to account better for unscaled features. Set gamma explicitly to 'auto' or 'scale' to avoid this warning.
  "avoid this warning.", FutureWarning)
./test_pima/standlization_data/pima_std_train_4.csv
./test_pima/model_SVM_RBF_concat_mirror/record_1/SVM_RBF_concat_mirror_4.m
./test_pima/model_SVM_RBF_concat_mirror/record_1/SVM_RBF_concat_mirror_4.m
running time is 820.531141721


/home/junda/.conda/envs/thenv/lib/python3.6/site-packages/sklearn/externals/joblib/__init__.py:15: DeprecationWarning: sklearn.externals.joblib is deprecated in 0.21 and will be removed in 0.23. Please import this functionality directly from joblib, which can be installed with: pip install joblib. If this warning is raised when loading pickled models, you may need to re-serialize those models with scikit-learn 0.21+.
  warnings.warn(msg, category=DeprecationWarning)
/home/junda/.conda/envs/thenv/lib/python3.6/site-packages/sklearn/svm/base.py:193: FutureWarning: The default value of gamma will change from 'auto' to 'scale' in version 0.22 to account better for unscaled features. Set gamma explicitly to 'auto' or 'scale' to avoid this warning.
  "avoid this warning.", FutureWarning)
./test_pima/standlization_data/pima_std_train_5.csv
./test_pima/model_SVM_RBF_concat_mirror/record_1/SVM_RBF_concat_mirror_5.m
./test_pima/model_SVM_RBF_concat_mirror/record_1/SVM_RBF_concat_mirror_5.m
running time is 854.5886201339999


/home/junda/.conda/envs/thenv/lib/python3.6/site-packages/sklearn/externals/joblib/__init__.py:15: DeprecationWarning: sklearn.externals.joblib is deprecated in 0.21 and will be removed in 0.23. Please import this functionality directly from joblib, which can be installed with: pip install joblib. If this warning is raised when loading pickled models, you may need to re-serialize those models with scikit-learn 0.21+.
  warnings.warn(msg, category=DeprecationWarning)
/home/junda/.conda/envs/thenv/lib/python3.6/site-packages/sklearn/svm/base.py:193: FutureWarning: The default value of gamma will change from 'auto' to 'scale' in version 0.22 to account better for unscaled features. Set gamma explicitly to 'auto' or 'scale' to avoid this warning.
  "avoid this warning.", FutureWarning)
./test_pima/standlization_data/pima_std_train_1.csv
./test_pima/model_SVM_POLY_concat_not_mirror/record_1/SVM_POLY_concat_not_mirror_1.m
./test_pima/model_SVM_POLY_concat_not_mirror/record_1/SVM_POLY_concat_not_mirror_1.m
running time is 96.93339252999999


/home/junda/.conda/envs/thenv/lib/python3.6/site-packages/sklearn/externals/joblib/__init__.py:15: DeprecationWarning: sklearn.externals.joblib is deprecated in 0.21 and will be removed in 0.23. Please import this functionality directly from joblib, which can be installed with: pip install joblib. If this warning is raised when loading pickled models, you may need to re-serialize those models with scikit-learn 0.21+.
  warnings.warn(msg, category=DeprecationWarning)
/home/junda/.conda/envs/thenv/lib/python3.6/site-packages/sklearn/svm/base.py:193: FutureWarning: The default value of gamma will change from 'auto' to 'scale' in version 0.22 to account better for unscaled features. Set gamma explicitly to 'auto' or 'scale' to avoid this warning.
  "avoid this warning.", FutureWarning)
./test_pima/standlization_data/pima_std_train_2.csv
./test_pima/model_SVM_POLY_concat_not_mirror/record_1/SVM_POLY_concat_not_mirror_2.m
./test_pima/model_SVM_POLY_concat_not_mirror/record_1/SVM_POLY_concat_not_mirror_2.m
running time is 94.91986208200001


/home/junda/.conda/envs/thenv/lib/python3.6/site-packages/sklearn/externals/joblib/__init__.py:15: DeprecationWarning: sklearn.externals.joblib is deprecated in 0.21 and will be removed in 0.23. Please import this functionality directly from joblib, which can be installed with: pip install joblib. If this warning is raised when loading pickled models, you may need to re-serialize those models with scikit-learn 0.21+.
  warnings.warn(msg, category=DeprecationWarning)
/home/junda/.conda/envs/thenv/lib/python3.6/site-packages/sklearn/svm/base.py:193: FutureWarning: The default value of gamma will change from 'auto' to 'scale' in version 0.22 to account better for unscaled features. Set gamma explicitly to 'auto' or 'scale' to avoid this warning.
  "avoid this warning.", FutureWarning)
./test_pima/standlization_data/pima_std_train_3.csv
./test_pima/model_SVM_POLY_concat_not_mirror/record_1/SVM_POLY_concat_not_mirror_3.m
./test_pima/model_SVM_POLY_concat_not_mirror/record_1/SVM_POLY_concat_not_mirror_3.m
running time is 100.001004267


/home/junda/.conda/envs/thenv/lib/python3.6/site-packages/sklearn/externals/joblib/__init__.py:15: DeprecationWarning: sklearn.externals.joblib is deprecated in 0.21 and will be removed in 0.23. Please import this functionality directly from joblib, which can be installed with: pip install joblib. If this warning is raised when loading pickled models, you may need to re-serialize those models with scikit-learn 0.21+.
  warnings.warn(msg, category=DeprecationWarning)
/home/junda/.conda/envs/thenv/lib/python3.6/site-packages/sklearn/svm/base.py:193: FutureWarning: The default value of gamma will change from 'auto' to 'scale' in version 0.22 to account better for unscaled features. Set gamma explicitly to 'auto' or 'scale' to avoid this warning.
  "avoid this warning.", FutureWarning)
./test_pima/standlization_data/pima_std_train_4.csv
./test_pima/model_SVM_POLY_concat_not_mirror/record_1/SVM_POLY_concat_not_mirror_4.m
./test_pima/model_SVM_POLY_concat_not_mirror/record_1/SVM_POLY_concat_not_mirror_4.m
running time is 99.821507839


/home/junda/.conda/envs/thenv/lib/python3.6/site-packages/sklearn/externals/joblib/__init__.py:15: DeprecationWarning: sklearn.externals.joblib is deprecated in 0.21 and will be removed in 0.23. Please import this functionality directly from joblib, which can be installed with: pip install joblib. If this warning is raised when loading pickled models, you may need to re-serialize those models with scikit-learn 0.21+.
  warnings.warn(msg, category=DeprecationWarning)
/home/junda/.conda/envs/thenv/lib/python3.6/site-packages/sklearn/svm/base.py:193: FutureWarning: The default value of gamma will change from 'auto' to 'scale' in version 0.22 to account better for unscaled features. Set gamma explicitly to 'auto' or 'scale' to avoid this warning.
  "avoid this warning.", FutureWarning)
./test_pima/standlization_data/pima_std_train_5.csv
./test_pima/model_SVM_POLY_concat_not_mirror/record_1/SVM_POLY_concat_not_mirror_5.m
./test_pima/model_SVM_POLY_concat_not_mirror/record_1/SVM_POLY_concat_not_mirror_5.m
running time is 97.23747827


/home/junda/.conda/envs/thenv/lib/python3.6/site-packages/sklearn/externals/joblib/__init__.py:15: DeprecationWarning: sklearn.externals.joblib is deprecated in 0.21 and will be removed in 0.23. Please import this functionality directly from joblib, which can be installed with: pip install joblib. If this warning is raised when loading pickled models, you may need to re-serialize those models with scikit-learn 0.21+.
  warnings.warn(msg, category=DeprecationWarning)
/home/junda/.conda/envs/thenv/lib/python3.6/site-packages/sklearn/svm/base.py:193: FutureWarning: The default value of gamma will change from 'auto' to 'scale' in version 0.22 to account better for unscaled features. Set gamma explicitly to 'auto' or 'scale' to avoid this warning.
  "avoid this warning.", FutureWarning)
./test_pima/standlization_data/pima_std_train_1.csv
./test_pima/model_SVM_POLY_concat_mirror/record_1/SVM_POLY_concat_mirror_1.m
./test_pima/model_SVM_POLY_concat_mirror/record_1/SVM_POLY_concat_mirror_1.m
running time is 546.890289509


/home/junda/.conda/envs/thenv/lib/python3.6/site-packages/sklearn/externals/joblib/__init__.py:15: DeprecationWarning: sklearn.externals.joblib is deprecated in 0.21 and will be removed in 0.23. Please import this functionality directly from joblib, which can be installed with: pip install joblib. If this warning is raised when loading pickled models, you may need to re-serialize those models with scikit-learn 0.21+.
  warnings.warn(msg, category=DeprecationWarning)
/home/junda/.conda/envs/thenv/lib/python3.6/site-packages/sklearn/svm/base.py:193: FutureWarning: The default value of gamma will change from 'auto' to 'scale' in version 0.22 to account better for unscaled features. Set gamma explicitly to 'auto' or 'scale' to avoid this warning.
  "avoid this warning.", FutureWarning)
./test_pima/standlization_data/pima_std_train_2.csv
./test_pima/model_SVM_POLY_concat_mirror/record_1/SVM_POLY_concat_mirror_2.m
./test_pima/model_SVM_POLY_concat_mirror/record_1/SVM_POLY_concat_mirror_2.m
running time is 472.535750274


/home/junda/.conda/envs/thenv/lib/python3.6/site-packages/sklearn/externals/joblib/__init__.py:15: DeprecationWarning: sklearn.externals.joblib is deprecated in 0.21 and will be removed in 0.23. Please import this functionality directly from joblib, which can be installed with: pip install joblib. If this warning is raised when loading pickled models, you may need to re-serialize those models with scikit-learn 0.21+.
  warnings.warn(msg, category=DeprecationWarning)
/home/junda/.conda/envs/thenv/lib/python3.6/site-packages/sklearn/svm/base.py:193: FutureWarning: The default value of gamma will change from 'auto' to 'scale' in version 0.22 to account better for unscaled features. Set gamma explicitly to 'auto' or 'scale' to avoid this warning.
  "avoid this warning.", FutureWarning)
./test_pima/standlization_data/pima_std_train_3.csv
./test_pima/model_SVM_POLY_concat_mirror/record_1/SVM_POLY_concat_mirror_3.m
./test_pima/model_SVM_POLY_concat_mirror/record_1/SVM_POLY_concat_mirror_3.m
running time is 532.482528854


/home/junda/.conda/envs/thenv/lib/python3.6/site-packages/sklearn/externals/joblib/__init__.py:15: DeprecationWarning: sklearn.externals.joblib is deprecated in 0.21 and will be removed in 0.23. Please import this functionality directly from joblib, which can be installed with: pip install joblib. If this warning is raised when loading pickled models, you may need to re-serialize those models with scikit-learn 0.21+.
  warnings.warn(msg, category=DeprecationWarning)
/home/junda/.conda/envs/thenv/lib/python3.6/site-packages/sklearn/svm/base.py:193: FutureWarning: The default value of gamma will change from 'auto' to 'scale' in version 0.22 to account better for unscaled features. Set gamma explicitly to 'auto' or 'scale' to avoid this warning.
  "avoid this warning.", FutureWarning)
./test_pima/standlization_data/pima_std_train_4.csv
./test_pima/model_SVM_POLY_concat_mirror/record_1/SVM_POLY_concat_mirror_4.m
./test_pima/model_SVM_POLY_concat_mirror/record_1/SVM_POLY_concat_mirror_4.m
running time is 467.542925424


/home/junda/.conda/envs/thenv/lib/python3.6/site-packages/sklearn/externals/joblib/__init__.py:15: DeprecationWarning: sklearn.externals.joblib is deprecated in 0.21 and will be removed in 0.23. Please import this functionality directly from joblib, which can be installed with: pip install joblib. If this warning is raised when loading pickled models, you may need to re-serialize those models with scikit-learn 0.21+.
  warnings.warn(msg, category=DeprecationWarning)
/home/junda/.conda/envs/thenv/lib/python3.6/site-packages/sklearn/svm/base.py:193: FutureWarning: The default value of gamma will change from 'auto' to 'scale' in version 0.22 to account better for unscaled features. Set gamma explicitly to 'auto' or 'scale' to avoid this warning.
  "avoid this warning.", FutureWarning)
./test_pima/standlization_data/pima_std_train_5.csv
./test_pima/model_SVM_POLY_concat_mirror/record_1/SVM_POLY_concat_mirror_5.m
./test_pima/model_SVM_POLY_concat_mirror/record_1/SVM_POLY_concat_mirror_5.m
running time is 483.211404331


