./test_abalone19/origin_data/abalone19_train_1.csv
./test_abalone19/origin_data/abalone19_test_1.csv
./test_abalone19/standlization_data/
./test_abalone19/standlization_data/scaler_1.m
./test_abalone19/standlization_data/abalone19_std_train_1.csv
./test_abalone19/standlization_data/abalone19_std_test_1.csv
----------------------



[[1.     0.455  0.365  0.095  0.514  0.2245 0.101  0.15  ]
 [1.     0.35   0.265  0.09   0.2255 0.0995 0.0485 0.07  ]
 [2.     0.53   0.42   0.135  0.677  0.2565 0.1415 0.21  ]
 [1.     0.44   0.365  0.125  0.516  0.2155 0.114  0.155 ]
 [3.     0.33   0.255  0.08   0.205  0.0895 0.0395 0.055 ]
 [3.     0.425  0.3    0.095  0.3515 0.141  0.0775 0.12  ]
 [2.     0.53   0.415  0.15   0.7775 0.237  0.1415 0.33  ]
 [2.     0.545  0.425  0.125  0.768  0.294  0.1495 0.26  ]
 [1.     0.475  0.37   0.125  0.5095 0.2165 0.1125 0.165 ]
 [2.     0.525  0.38   0.14   0.6065 0.194  0.1475 0.21  ]]
[0. 0. 0. 0. 0. 0. 1. 0. 0. 0.]
./test_abalone19/origin_data/abalone19_train_2.csv
./test_abalone19/origin_data/abalone19_test_2.csv
./test_abalone19/standlization_data/
./test_abalone19/standlization_data/scaler_2.m
./test_abalone19/standlization_data/abalone19_std_train_2.csv
./test_abalone19/standlization_data/abalone19_std_test_2.csv
----------------------



[[1.     0.455  0.365  0.095  0.514  0.2245 0.101  0.15  ]
 [1.     0.35   0.265  0.09   0.2255 0.0995 0.0485 0.07  ]
 [2.     0.53   0.42   0.135  0.677  0.2565 0.1415 0.21  ]
 [1.     0.44   0.365  0.125  0.516  0.2155 0.114  0.155 ]
 [3.     0.425  0.3    0.095  0.3515 0.141  0.0775 0.12  ]
 [2.     0.53   0.415  0.15   0.7775 0.237  0.1415 0.33  ]
 [1.     0.475  0.37   0.125  0.5095 0.2165 0.1125 0.165 ]
 [2.     0.525  0.38   0.14   0.6065 0.194  0.1475 0.21  ]
 [1.     0.43   0.35   0.11   0.406  0.1675 0.081  0.135 ]
 [1.     0.49   0.38   0.135  0.5415 0.2175 0.095  0.19  ]]
[0. 0. 0. 0. 0. 1. 0. 0. 0. 0.]
./test_abalone19/origin_data/abalone19_train_3.csv
./test_abalone19/origin_data/abalone19_test_3.csv
./test_abalone19/standlization_data/
./test_abalone19/standlization_data/scaler_3.m
./test_abalone19/standlization_data/abalone19_std_train_3.csv
./test_abalone19/standlization_data/abalone19_std_test_3.csv
----------------------



[[1.     0.455  0.365  0.095  0.514  0.2245 0.101  0.15  ]
 [1.     0.44   0.365  0.125  0.516  0.2155 0.114  0.155 ]
 [3.     0.33   0.255  0.08   0.205  0.0895 0.0395 0.055 ]
 [2.     0.53   0.415  0.15   0.7775 0.237  0.1415 0.33  ]
 [2.     0.545  0.425  0.125  0.768  0.294  0.1495 0.26  ]
 [1.     0.475  0.37   0.125  0.5095 0.2165 0.1125 0.165 ]
 [1.     0.43   0.35   0.11   0.406  0.1675 0.081  0.135 ]
 [1.     0.49   0.38   0.135  0.5415 0.2175 0.095  0.19  ]
 [2.     0.535  0.405  0.145  0.6845 0.2725 0.171  0.205 ]
 [2.     0.47   0.355  0.1    0.4755 0.1675 0.0805 0.185 ]]
[0. 0. 0. 1. 0. 0. 0. 0. 0. 0.]
./test_abalone19/origin_data/abalone19_train_4.csv
./test_abalone19/origin_data/abalone19_test_4.csv
./test_abalone19/standlization_data/
./test_abalone19/standlization_data/scaler_4.m
./test_abalone19/standlization_data/abalone19_std_train_4.csv
./test_abalone19/standlization_data/abalone19_std_test_4.csv
----------------------



[[1.     0.35   0.265  0.09   0.2255 0.0995 0.0485 0.07  ]
 [2.     0.53   0.42   0.135  0.677  0.2565 0.1415 0.21  ]
 [1.     0.44   0.365  0.125  0.516  0.2155 0.114  0.155 ]
 [3.     0.33   0.255  0.08   0.205  0.0895 0.0395 0.055 ]
 [3.     0.425  0.3    0.095  0.3515 0.141  0.0775 0.12  ]
 [2.     0.53   0.415  0.15   0.7775 0.237  0.1415 0.33  ]
 [2.     0.545  0.425  0.125  0.768  0.294  0.1495 0.26  ]
 [1.     0.475  0.37   0.125  0.5095 0.2165 0.1125 0.165 ]
 [2.     0.525  0.38   0.14   0.6065 0.194  0.1475 0.21  ]
 [1.     0.43   0.35   0.11   0.406  0.1675 0.081  0.135 ]]
[0. 0. 0. 0. 0. 1. 0. 0. 0. 0.]
./test_abalone19/origin_data/abalone19_train_5.csv
./test_abalone19/origin_data/abalone19_test_5.csv
./test_abalone19/standlization_data/
./test_abalone19/standlization_data/scaler_5.m
./test_abalone19/standlization_data/abalone19_std_train_5.csv
./test_abalone19/standlization_data/abalone19_std_test_5.csv
----------------------



[[1.     0.455  0.365  0.095  0.514  0.2245 0.101  0.15  ]
 [1.     0.35   0.265  0.09   0.2255 0.0995 0.0485 0.07  ]
 [2.     0.53   0.42   0.135  0.677  0.2565 0.1415 0.21  ]
 [3.     0.33   0.255  0.08   0.205  0.0895 0.0395 0.055 ]
 [3.     0.425  0.3    0.095  0.3515 0.141  0.0775 0.12  ]
 [2.     0.545  0.425  0.125  0.768  0.294  0.1495 0.26  ]
 [2.     0.525  0.38   0.14   0.6065 0.194  0.1475 0.21  ]
 [1.     0.49   0.38   0.135  0.5415 0.2175 0.095  0.19  ]
 [1.     0.5    0.4    0.13   0.6645 0.258  0.133  0.24  ]
 [3.     0.355  0.28   0.085  0.2905 0.095  0.0395 0.115 ]]
[0. 0. 0. 0. 0. 0. 0. 0. 0. 0.]
