nohup: ignoring input
/home/junda/.conda/envs/thenv/lib/python3.6/site-packages/sklearn/externals/joblib/__init__.py:15: DeprecationWarning: sklearn.externals.joblib is deprecated in 0.21 and will be removed in 0.23. Please import this functionality directly from joblib, which can be installed with: pip install joblib. If this warning is raised when loading pickled models, you may need to re-serialize those models with scikit-learn 0.21+.
  warnings.warn(msg, category=DeprecationWarning)
/home/junda/.conda/envs/thenv/lib/python3.6/site-packages/sklearn/linear_model/logistic.py:432: FutureWarning: Default solver will be changed to 'lbfgs' in 0.22. Specify a solver to silence this warning.
  FutureWarning)
./test_abalone19/standlization_data/abalone19_std_train_1.csv
./test_abalone19/model_LR_concat_not_mirror/record_1/LR_concat_not_mirror_1.m
./test_abalone19/model_LR_concat_not_mirror/record_1/LR_concat_not_mirror_1.m
running time is 0.17422168500000002
/home/junda/.conda/envs/thenv/lib/python3.6/site-packages/sklearn/externals/joblib/__init__.py:15: DeprecationWarning: sklearn.externals.joblib is deprecated in 0.21 and will be removed in 0.23. Please import this functionality directly from joblib, which can be installed with: pip install joblib. If this warning is raised when loading pickled models, you may need to re-serialize those models with scikit-learn 0.21+.
  warnings.warn(msg, category=DeprecationWarning)
/home/junda/.conda/envs/thenv/lib/python3.6/site-packages/sklearn/linear_model/logistic.py:432: FutureWarning: Default solver will be changed to 'lbfgs' in 0.22. Specify a solver to silence this warning.
  FutureWarning)
./test_abalone19/standlization_data/abalone19_std_train_2.csv
./test_abalone19/model_LR_concat_not_mirror/record_1/LR_concat_not_mirror_2.m
./test_abalone19/model_LR_concat_not_mirror/record_1/LR_concat_not_mirror_2.m
running time is 0.20443488600000048
/home/junda/.conda/envs/thenv/lib/python3.6/site-packages/sklearn/externals/joblib/__init__.py:15: DeprecationWarning: sklearn.externals.joblib is deprecated in 0.21 and will be removed in 0.23. Please import this functionality directly from joblib, which can be installed with: pip install joblib. If this warning is raised when loading pickled models, you may need to re-serialize those models with scikit-learn 0.21+.
  warnings.warn(msg, category=DeprecationWarning)
/home/junda/.conda/envs/thenv/lib/python3.6/site-packages/sklearn/linear_model/logistic.py:432: FutureWarning: Default solver will be changed to 'lbfgs' in 0.22. Specify a solver to silence this warning.
  FutureWarning)
./test_abalone19/standlization_data/abalone19_std_train_3.csv
./test_abalone19/model_LR_concat_not_mirror/record_1/LR_concat_not_mirror_3.m
./test_abalone19/model_LR_concat_not_mirror/record_1/LR_concat_not_mirror_3.m
running time is 0.2862344840000004
/home/junda/.conda/envs/thenv/lib/python3.6/site-packages/sklearn/externals/joblib/__init__.py:15: DeprecationWarning: sklearn.externals.joblib is deprecated in 0.21 and will be removed in 0.23. Please import this functionality directly from joblib, which can be installed with: pip install joblib. If this warning is raised when loading pickled models, you may need to re-serialize those models with scikit-learn 0.21+.
  warnings.warn(msg, category=DeprecationWarning)
/home/junda/.conda/envs/thenv/lib/python3.6/site-packages/sklearn/linear_model/logistic.py:432: FutureWarning: Default solver will be changed to 'lbfgs' in 0.22. Specify a solver to silence this warning.
  FutureWarning)
./test_abalone19/standlization_data/abalone19_std_train_4.csv
./test_abalone19/model_LR_concat_not_mirror/record_1/LR_concat_not_mirror_4.m
./test_abalone19/model_LR_concat_not_mirror/record_1/LR_concat_not_mirror_4.m
running time is 0.15003402600000015
/home/junda/.conda/envs/thenv/lib/python3.6/site-packages/sklearn/externals/joblib/__init__.py:15: DeprecationWarning: sklearn.externals.joblib is deprecated in 0.21 and will be removed in 0.23. Please import this functionality directly from joblib, which can be installed with: pip install joblib. If this warning is raised when loading pickled models, you may need to re-serialize those models with scikit-learn 0.21+.
  warnings.warn(msg, category=DeprecationWarning)
/home/junda/.conda/envs/thenv/lib/python3.6/site-packages/sklearn/linear_model/logistic.py:432: FutureWarning: Default solver will be changed to 'lbfgs' in 0.22. Specify a solver to silence this warning.
  FutureWarning)
./test_abalone19/standlization_data/abalone19_std_train_5.csv
./test_abalone19/model_LR_concat_not_mirror/record_1/LR_concat_not_mirror_5.m
./test_abalone19/model_LR_concat_not_mirror/record_1/LR_concat_not_mirror_5.m
running time is 0.2606203729999992
/home/junda/.conda/envs/thenv/lib/python3.6/site-packages/sklearn/externals/joblib/__init__.py:15: DeprecationWarning: sklearn.externals.joblib is deprecated in 0.21 and will be removed in 0.23. Please import this functionality directly from joblib, which can be installed with: pip install joblib. If this warning is raised when loading pickled models, you may need to re-serialize those models with scikit-learn 0.21+.
  warnings.warn(msg, category=DeprecationWarning)
/home/junda/.conda/envs/thenv/lib/python3.6/site-packages/sklearn/linear_model/logistic.py:432: FutureWarning: Default solver will be changed to 'lbfgs' in 0.22. Specify a solver to silence this warning.
  FutureWarning)
./test_abalone19/standlization_data/abalone19_std_train_1.csv
./test_abalone19/model_LR_normal/record_1/
----------------------



./test_abalone19/model_LR_normal/record_1/normal_LR_1.m
./test_abalone19/model_LR_normal/record_1/normal_LR_1.m
running time is 0.00744642600000045
/home/junda/.conda/envs/thenv/lib/python3.6/site-packages/sklearn/externals/joblib/__init__.py:15: DeprecationWarning: sklearn.externals.joblib is deprecated in 0.21 and will be removed in 0.23. Please import this functionality directly from joblib, which can be installed with: pip install joblib. If this warning is raised when loading pickled models, you may need to re-serialize those models with scikit-learn 0.21+.
  warnings.warn(msg, category=DeprecationWarning)
/home/junda/.conda/envs/thenv/lib/python3.6/site-packages/sklearn/linear_model/logistic.py:432: FutureWarning: Default solver will be changed to 'lbfgs' in 0.22. Specify a solver to silence this warning.
  FutureWarning)
./test_abalone19/standlization_data/abalone19_std_train_2.csv
./test_abalone19/model_LR_normal/record_1/
----------------------



./test_abalone19/model_LR_normal/record_1/normal_LR_2.m
./test_abalone19/model_LR_normal/record_1/normal_LR_2.m
running time is 0.01685201000000003
/home/junda/.conda/envs/thenv/lib/python3.6/site-packages/sklearn/externals/joblib/__init__.py:15: DeprecationWarning: sklearn.externals.joblib is deprecated in 0.21 and will be removed in 0.23. Please import this functionality directly from joblib, which can be installed with: pip install joblib. If this warning is raised when loading pickled models, you may need to re-serialize those models with scikit-learn 0.21+.
  warnings.warn(msg, category=DeprecationWarning)
/home/junda/.conda/envs/thenv/lib/python3.6/site-packages/sklearn/linear_model/logistic.py:432: FutureWarning: Default solver will be changed to 'lbfgs' in 0.22. Specify a solver to silence this warning.
  FutureWarning)
./test_abalone19/standlization_data/abalone19_std_train_3.csv
./test_abalone19/model_LR_normal/record_1/
----------------------



./test_abalone19/model_LR_normal/record_1/normal_LR_3.m
./test_abalone19/model_LR_normal/record_1/normal_LR_3.m
running time is 0.006617244000000078
/home/junda/.conda/envs/thenv/lib/python3.6/site-packages/sklearn/externals/joblib/__init__.py:15: DeprecationWarning: sklearn.externals.joblib is deprecated in 0.21 and will be removed in 0.23. Please import this functionality directly from joblib, which can be installed with: pip install joblib. If this warning is raised when loading pickled models, you may need to re-serialize those models with scikit-learn 0.21+.
  warnings.warn(msg, category=DeprecationWarning)
/home/junda/.conda/envs/thenv/lib/python3.6/site-packages/sklearn/linear_model/logistic.py:432: FutureWarning: Default solver will be changed to 'lbfgs' in 0.22. Specify a solver to silence this warning.
  FutureWarning)
./test_abalone19/standlization_data/abalone19_std_train_4.csv
./test_abalone19/model_LR_normal/record_1/
----------------------



./test_abalone19/model_LR_normal/record_1/normal_LR_4.m
./test_abalone19/model_LR_normal/record_1/normal_LR_4.m
running time is 0.00783944800000036
/home/junda/.conda/envs/thenv/lib/python3.6/site-packages/sklearn/externals/joblib/__init__.py:15: DeprecationWarning: sklearn.externals.joblib is deprecated in 0.21 and will be removed in 0.23. Please import this functionality directly from joblib, which can be installed with: pip install joblib. If this warning is raised when loading pickled models, you may need to re-serialize those models with scikit-learn 0.21+.
  warnings.warn(msg, category=DeprecationWarning)
/home/junda/.conda/envs/thenv/lib/python3.6/site-packages/sklearn/linear_model/logistic.py:432: FutureWarning: Default solver will be changed to 'lbfgs' in 0.22. Specify a solver to silence this warning.
  FutureWarning)
./test_abalone19/standlization_data/abalone19_std_train_5.csv
./test_abalone19/model_LR_normal/record_1/
----------------------



./test_abalone19/model_LR_normal/record_1/normal_LR_5.m
./test_abalone19/model_LR_normal/record_1/normal_LR_5.m
running time is 0.008437756000000185
/home/junda/.conda/envs/thenv/lib/python3.6/site-packages/sklearn/externals/joblib/__init__.py:15: DeprecationWarning: sklearn.externals.joblib is deprecated in 0.21 and will be removed in 0.23. Please import this functionality directly from joblib, which can be installed with: pip install joblib. If this warning is raised when loading pickled models, you may need to re-serialize those models with scikit-learn 0.21+.
  warnings.warn(msg, category=DeprecationWarning)
/home/junda/.conda/envs/thenv/lib/python3.6/site-packages/sklearn/linear_model/logistic.py:432: FutureWarning: Default solver will be changed to 'lbfgs' in 0.22. Specify a solver to silence this warning.
  FutureWarning)
./test_pageblocks1/standlization_data/pageblocks1_std_train_1.csv
./test_pageblocks1/model_LR_concat_not_mirror/record_1/LR_concat_not_mirror_1.m
./test_pageblocks1/model_LR_concat_not_mirror/record_1/LR_concat_not_mirror_1.m
running time is 12.743172404
/home/junda/.conda/envs/thenv/lib/python3.6/site-packages/sklearn/externals/joblib/__init__.py:15: DeprecationWarning: sklearn.externals.joblib is deprecated in 0.21 and will be removed in 0.23. Please import this functionality directly from joblib, which can be installed with: pip install joblib. If this warning is raised when loading pickled models, you may need to re-serialize those models with scikit-learn 0.21+.
  warnings.warn(msg, category=DeprecationWarning)
/home/junda/.conda/envs/thenv/lib/python3.6/site-packages/sklearn/linear_model/logistic.py:432: FutureWarning: Default solver will be changed to 'lbfgs' in 0.22. Specify a solver to silence this warning.
  FutureWarning)
./test_pageblocks1/standlization_data/pageblocks1_std_train_2.csv
./test_pageblocks1/model_LR_concat_not_mirror/record_1/LR_concat_not_mirror_2.m
./test_pageblocks1/model_LR_concat_not_mirror/record_1/LR_concat_not_mirror_2.m
running time is 9.083305242999998
/home/junda/.conda/envs/thenv/lib/python3.6/site-packages/sklearn/externals/joblib/__init__.py:15: DeprecationWarning: sklearn.externals.joblib is deprecated in 0.21 and will be removed in 0.23. Please import this functionality directly from joblib, which can be installed with: pip install joblib. If this warning is raised when loading pickled models, you may need to re-serialize those models with scikit-learn 0.21+.
  warnings.warn(msg, category=DeprecationWarning)
/home/junda/.conda/envs/thenv/lib/python3.6/site-packages/sklearn/linear_model/logistic.py:432: FutureWarning: Default solver will be changed to 'lbfgs' in 0.22. Specify a solver to silence this warning.
  FutureWarning)
./test_pageblocks1/standlization_data/pageblocks1_std_train_3.csv
./test_pageblocks1/model_LR_concat_not_mirror/record_1/LR_concat_not_mirror_3.m
./test_pageblocks1/model_LR_concat_not_mirror/record_1/LR_concat_not_mirror_3.m
running time is 7.586627295
/home/junda/.conda/envs/thenv/lib/python3.6/site-packages/sklearn/externals/joblib/__init__.py:15: DeprecationWarning: sklearn.externals.joblib is deprecated in 0.21 and will be removed in 0.23. Please import this functionality directly from joblib, which can be installed with: pip install joblib. If this warning is raised when loading pickled models, you may need to re-serialize those models with scikit-learn 0.21+.
  warnings.warn(msg, category=DeprecationWarning)
/home/junda/.conda/envs/thenv/lib/python3.6/site-packages/sklearn/linear_model/logistic.py:432: FutureWarning: Default solver will be changed to 'lbfgs' in 0.22. Specify a solver to silence this warning.
  FutureWarning)
./test_pageblocks1/standlization_data/pageblocks1_std_train_4.csv
./test_pageblocks1/model_LR_concat_not_mirror/record_1/LR_concat_not_mirror_4.m
./test_pageblocks1/model_LR_concat_not_mirror/record_1/LR_concat_not_mirror_4.m
running time is 7.691941601000001
/home/junda/.conda/envs/thenv/lib/python3.6/site-packages/sklearn/externals/joblib/__init__.py:15: DeprecationWarning: sklearn.externals.joblib is deprecated in 0.21 and will be removed in 0.23. Please import this functionality directly from joblib, which can be installed with: pip install joblib. If this warning is raised when loading pickled models, you may need to re-serialize those models with scikit-learn 0.21+.
  warnings.warn(msg, category=DeprecationWarning)
/home/junda/.conda/envs/thenv/lib/python3.6/site-packages/sklearn/linear_model/logistic.py:432: FutureWarning: Default solver will be changed to 'lbfgs' in 0.22. Specify a solver to silence this warning.
  FutureWarning)
./test_pageblocks1/standlization_data/pageblocks1_std_train_5.csv
./test_pageblocks1/model_LR_concat_not_mirror/record_1/LR_concat_not_mirror_5.m
./test_pageblocks1/model_LR_concat_not_mirror/record_1/LR_concat_not_mirror_5.m
running time is 7.504294615000001
/home/junda/.conda/envs/thenv/lib/python3.6/site-packages/sklearn/externals/joblib/__init__.py:15: DeprecationWarning: sklearn.externals.joblib is deprecated in 0.21 and will be removed in 0.23. Please import this functionality directly from joblib, which can be installed with: pip install joblib. If this warning is raised when loading pickled models, you may need to re-serialize those models with scikit-learn 0.21+.
  warnings.warn(msg, category=DeprecationWarning)
/home/junda/.conda/envs/thenv/lib/python3.6/site-packages/sklearn/linear_model/logistic.py:432: FutureWarning: Default solver will be changed to 'lbfgs' in 0.22. Specify a solver to silence this warning.
  FutureWarning)
./test_pageblocks1/standlization_data/pageblocks1_std_train_1.csv
./test_pageblocks1/model_LR_normal/record_1/
----------------------



./test_pageblocks1/model_LR_normal/record_1/normal_LR_1.m
./test_pageblocks1/model_LR_normal/record_1/normal_LR_1.m
running time is 0.012872286000000344
/home/junda/.conda/envs/thenv/lib/python3.6/site-packages/sklearn/externals/joblib/__init__.py:15: DeprecationWarning: sklearn.externals.joblib is deprecated in 0.21 and will be removed in 0.23. Please import this functionality directly from joblib, which can be installed with: pip install joblib. If this warning is raised when loading pickled models, you may need to re-serialize those models with scikit-learn 0.21+.
  warnings.warn(msg, category=DeprecationWarning)
/home/junda/.conda/envs/thenv/lib/python3.6/site-packages/sklearn/linear_model/logistic.py:432: FutureWarning: Default solver will be changed to 'lbfgs' in 0.22. Specify a solver to silence this warning.
  FutureWarning)
./test_pageblocks1/standlization_data/pageblocks1_std_train_2.csv
./test_pageblocks1/model_LR_normal/record_1/
----------------------



./test_pageblocks1/model_LR_normal/record_1/normal_LR_2.m
./test_pageblocks1/model_LR_normal/record_1/normal_LR_2.m
running time is 0.012000547999999611
/home/junda/.conda/envs/thenv/lib/python3.6/site-packages/sklearn/externals/joblib/__init__.py:15: DeprecationWarning: sklearn.externals.joblib is deprecated in 0.21 and will be removed in 0.23. Please import this functionality directly from joblib, which can be installed with: pip install joblib. If this warning is raised when loading pickled models, you may need to re-serialize those models with scikit-learn 0.21+.
  warnings.warn(msg, category=DeprecationWarning)
/home/junda/.conda/envs/thenv/lib/python3.6/site-packages/sklearn/linear_model/logistic.py:432: FutureWarning: Default solver will be changed to 'lbfgs' in 0.22. Specify a solver to silence this warning.
  FutureWarning)
./test_pageblocks1/standlization_data/pageblocks1_std_train_3.csv
./test_pageblocks1/model_LR_normal/record_1/
----------------------



./test_pageblocks1/model_LR_normal/record_1/normal_LR_3.m
./test_pageblocks1/model_LR_normal/record_1/normal_LR_3.m
running time is 0.017916707000000365
/home/junda/.conda/envs/thenv/lib/python3.6/site-packages/sklearn/externals/joblib/__init__.py:15: DeprecationWarning: sklearn.externals.joblib is deprecated in 0.21 and will be removed in 0.23. Please import this functionality directly from joblib, which can be installed with: pip install joblib. If this warning is raised when loading pickled models, you may need to re-serialize those models with scikit-learn 0.21+.
  warnings.warn(msg, category=DeprecationWarning)
/home/junda/.conda/envs/thenv/lib/python3.6/site-packages/sklearn/linear_model/logistic.py:432: FutureWarning: Default solver will be changed to 'lbfgs' in 0.22. Specify a solver to silence this warning.
  FutureWarning)
./test_pageblocks1/standlization_data/pageblocks1_std_train_4.csv
./test_pageblocks1/model_LR_normal/record_1/
----------------------



./test_pageblocks1/model_LR_normal/record_1/normal_LR_4.m
./test_pageblocks1/model_LR_normal/record_1/normal_LR_4.m
running time is 0.012254723999999939
/home/junda/.conda/envs/thenv/lib/python3.6/site-packages/sklearn/externals/joblib/__init__.py:15: DeprecationWarning: sklearn.externals.joblib is deprecated in 0.21 and will be removed in 0.23. Please import this functionality directly from joblib, which can be installed with: pip install joblib. If this warning is raised when loading pickled models, you may need to re-serialize those models with scikit-learn 0.21+.
  warnings.warn(msg, category=DeprecationWarning)
/home/junda/.conda/envs/thenv/lib/python3.6/site-packages/sklearn/linear_model/logistic.py:432: FutureWarning: Default solver will be changed to 'lbfgs' in 0.22. Specify a solver to silence this warning.
  FutureWarning)
./test_pageblocks1/standlization_data/pageblocks1_std_train_5.csv
./test_pageblocks1/model_LR_normal/record_1/
----------------------



./test_pageblocks1/model_LR_normal/record_1/normal_LR_5.m
./test_pageblocks1/model_LR_normal/record_1/normal_LR_5.m
running time is 0.011738086000000258
